[31/05/2020 07:59:56] [ADM] Lord: Bom dia
[31/05/2020 09:35:55] LadyDarkness: bom dia rapaziada
[31/05/2020 09:36:00] Bdgt: Bom dia
[31/05/2020 09:36:07] Thry: comands /online nao funcionou aqui
[31/05/2020 09:36:30] [ADM] Lord: 09:35 14 player(s) online:
[31/05/2020 09:36:49] [ADM] Lord: Há 15 agora 
[31/05/2020 09:37:29] Thry: server abriu quando?
[31/05/2020 09:37:45] Zathar: hj
[31/05/2020 09:37:49] Gabby: Pra Que Serve,Você vê 2 anniversary tokens.
[31/05/2020 09:38:04] Zathar: acabou de abrir as 8h
[31/05/2020 09:38:13] LadyDarkness: esses presente
[31/05/2020 09:38:39] LadyDarkness: poderam vir alguma (letra , emblema
[31/05/2020 09:38:40] Thry: nossa maça!
[31/05/2020 09:38:52] LadyDarkness: poderam vir alguma (letra , emblema) ou um tickt para tintira de balls
[31/05/2020 09:39:14] Thry: ''como pega os pesentes?
[31/05/2020 09:39:37] LadyDarkness: normalmente vinham dentro dos pokemons
[31/05/2020 09:39:44] LadyDarkness: hi
[31/05/2020 09:39:45] Zathar: galera , deen a uma atençao a habilidade de cada pokemon , o mesmo poke tem varias , escolha a q mais te agrada
[31/05/2020 09:39:51] Zathar: da pra ver na dex
[31/05/2020 09:42:29] LadyDarkness: qualquer duvida pergunte direto no meu private
[31/05/2020 09:43:15] Zideran: melhor perguntar aq 
[31/05/2020 09:43:22] Zideran: pq ja ajuda outros com a msm duvida
[31/05/2020 09:43:52] LadyDarkness: por mim so quero ajuda
[31/05/2020 09:49:09] Zathar: 3 diglet destruiu meu time de ratata kkk
[31/05/2020 09:53:03] Thry: 09:50 Arron Deforest: Você conseguiu meu Rattata? (Rattata)
[31/05/2020 09:53:09] Thry: 09:50 Arron Deforest: Antes de completar esta missão, você precisa chamar seu Pokemon de volta.
[31/05/2020 09:53:22] Thry: o npc nao aceita de jeito algum o rattat
[31/05/2020 09:53:28] Zathar: depois q vc pegou a missao
[31/05/2020 09:53:32] Zathar: vc pegou o rataat
[31/05/2020 09:53:33] fallowin: acabei de entrea a ele..
[31/05/2020 09:53:45] LadyDarkness: e so descer o esgoto na propria base do prof
[31/05/2020 09:53:47] Thry: sim peguei a missao ai fui la e capturei
[31/05/2020 09:53:49] LadyDarkness: e matar 5 ratata
[31/05/2020 09:54:02] Zathar: nao e essa lady
[31/05/2020 09:54:07] LadyDarkness: nao?
[31/05/2020 09:54:10] Zathar: nao
[31/05/2020 09:54:14] LadyDarkness: qual seria
[31/05/2020 09:54:17] Zathar: essa e de capturar e entregar
[31/05/2020 09:54:22] Zathar: bora o ratata no slot
[31/05/2020 09:54:29] Zathar: cabei de fazer
[31/05/2020 09:54:35] Thry: agora foi.... do nada....
[31/05/2020 09:54:36] Zathar: to pegando zubat pra ele agora
[31/05/2020 09:54:53] Zathar: cara folgado, nos q pega os poke pra ele kkk
[31/05/2020 09:55:40] fallowin: 09:55 Gotcha! Você capturou um male Zubat (nível 3).
[31/05/2020 09:56:16] Thry: 'na DEX de vcs o rattata tbm esta sem foto?
[31/05/2020 09:56:25] LadyDarkness: 09:56 Você ganhou 182 pontos de experiência por capturar Poliwag!
[31/05/2020 09:56:28] Zathar: nao
[31/05/2020 09:58:17] LadyDarkness: hi
[31/05/2020 10:00:24] Zathar: 09:59 New record: 17 players are logged in.
[31/05/2020 10:00:36] fallowin: ocmo funciona esse evento?
[31/05/2020 10:00:52] LadyDarkness: esse evento e de matar uns bolos com 4 pilares para ser ativados
[31/05/2020 10:01:02] LadyDarkness: ganhando poke presente com coisas esclusivas
[31/05/2020 10:01:03] fallowin: aleatorio pelo mapa?
[31/05/2020 10:01:10] LadyDarkness: nao tem um lugar exato
[31/05/2020 10:01:26] Thry: nao tem ? ou tem? poem virgula....
[31/05/2020 10:01:45] LadyDarkness: tem sim , mas o serve novo ainda nao temos como faze-lo
[31/05/2020 10:07:43] Zathar: Reivazz, cada tipo de pokemon , tem habilidades diferentes, alguns tem a mesma , mais com outras descriçoes, um memso poke pode ter diversas habilidade cada um
[31/05/2020 10:08:11] Zathar: ex tenho um 4 ratata
[31/05/2020 10:08:23] Zathar: cada um tem uma habilidade diferente
[31/05/2020 10:08:47] Thry: o loot podia cair dentro das backpack onde agente coloca e não so da bp principal >:(
[31/05/2020 10:11:23] Zathar: boa Colocaçao
[31/05/2020 10:12:01] LadyDarkness: irei passar para o lord
[31/05/2020 10:12:46] Zideran: 10:12 Seu catching aumentou para 11.
[31/05/2020 10:12:50] LadyDarkness: gz
[31/05/2020 10:13:05] Zideran: tyy
[31/05/2020 10:13:13] LadyDarkness: o meu esta 10
[31/05/2020 10:13:36] Thry: o Loot Podia se Juntar quando voce joga ele na bp, tipo ja tenho 50 seeds, ai jogo mais 20, ele auto junta com as 50 e nao vira 2 bolinhos um de 50 e outro de 20
[31/05/2020 10:13:52] Lord: 10:13 Você ganhou 84 pontos de experiência por capturar Poliwag!
[31/05/2020 10:14:08] LadyDarkness: thry irei passar as sugestoes ao lord
[31/05/2020 10:14:57] Lord: Estou vendo tudo ein
[31/05/2020 10:14:57] Thry: Show
[31/05/2020 10:16:10] ADM Lord: bom dia
[31/05/2020 10:16:21] Zideran: bom
[31/05/2020 10:16:26] Bdgt: Bom
[31/05/2020 10:16:47] Mystogan: Bom dia
[31/05/2020 10:16:59] Thry: bom dia tem almoço
[31/05/2020 10:17:13] Bdgt: 10:17 Você vê um(a) mach bike.
[31/05/2020 10:17:24] Zideran: como ja pegou bike?
[31/05/2020 10:17:27] Bdgt: 10:16 Parabéns! Seu pokemon box #1 resultou em a Koffing.
[31/05/2020 10:18:25] Normalidade: Comprou 1x mach bike por 1000 doláres.
[31/05/2020 10:23:47] Normalidade: oq é isso de evento q ta aparecendo na tela?
[31/05/2020 10:24:34] ADM Lord: ao vivo
[31/05/2020 10:24:36] ADM Lord: https://www.youtube.com/watch?v=Swkz3uj4tGw
[31/05/2020 10:25:04] Normalidade: to jogando n da pra assistir agr kkk
[31/05/2020 10:25:11] Mystogan: oi
[31/05/2020 10:25:13] Normalidade: mais explica ae q evento é esse
[31/05/2020 10:26:01] LadyDarkness: esse evento e baseado em matar um bolo gigante , que tem 4 pilares para ser ativado e ganhar coisas de eventos
[31/05/2020 10:26:34] Normalidade: iii onde q fica?
[31/05/2020 10:26:58] Zathar: acho q ainda nao esta habilitado pra fazermos nesse lv
[31/05/2020 10:27:25] Thry: e como estao morrendo?
[31/05/2020 10:27:43] LadyDarkness: ele se alto destroem
[31/05/2020 10:27:47] LadyDarkness: se nao forem ativados
[31/05/2020 10:29:30] LadyDarkness: ja volto 
[31/05/2020 10:29:47] fallowin: hi
[31/05/2020 10:32:34] ADM Lord: 22 Player online
[31/05/2020 10:32:50] Gabby: :)
[31/05/2020 10:32:59] Zathar: em 2h aberto
[31/05/2020 10:33:02] Zathar: gogo
[31/05/2020 10:34:24] Thry: oque são esses npc com um balao de pokebola?
[31/05/2020 10:34:55] ADM Lord: Duvidas em geral Use o canal Help.
[31/05/2020 10:36:26] ADM Lord: Sua duvida pode ser de outro jogador. E o canal do help ajuda em geral. Os treinadores LadyDarkness e Zathar Conhecem bastante a respeito do jogo.
[31/05/2020 10:37:21] Thry: Podia melhorar o Drop das Dolls, pelo menos dos Primeiros mobs, rattata e caperti
[31/05/2020 10:37:33] fallowin: sim, pra farma dinheiro melhor
[31/05/2020 10:38:37] Zideran: Você vê um(a) pokemon box #1.
[31/05/2020 10:38:55] Zathar: onde fica ?
[31/05/2020 10:39:10] Zideran: Parabéns! Seu pokemon box #1 resultou em a Diglett.
[31/05/2020 10:39:12] Zideran: cerulean
[31/05/2020 10:39:14] Skyy: hi
[31/05/2020 10:39:16] Zathar: dolls tem q ser dificil gente kkkk
[31/05/2020 10:39:22] Zathar: e um ursinho do poke
[31/05/2020 10:42:06] ADM Lord: Estamos ao vivo
[31/05/2020 10:42:41] Lord: manda um salve
[31/05/2020 10:42:51] Zathar: salve
[31/05/2020 10:42:54] LadyDarkness: salve (melhor ot de todos)
[31/05/2020 10:43:00] Lord: Vou TC
[31/05/2020 10:43:04] Lord: Quem quiser chegar
[31/05/2020 10:48:58] Lorgon: he lv 10
[31/05/2020 10:52:02] ADM Lord: cheguei
[31/05/2020 10:52:11] Gabby: :D
[31/05/2020 10:57:13] Gabby: Aonde Fica Box 1?
[31/05/2020 10:57:57] Bdgt: Em frente a loja de bike em cerulean
[31/05/2020 10:58:59] Zathar: 10:58 Você vê a macho Alakazam (nível 84). Saúde: [11010 / 11010]
[31/05/2020 10:59:07] Erik: 10:58 Você gastou 47 poke balls e 3 great balls tentando capturar Shellder.
[31/05/2020 10:59:10] Erik: '-'
[31/05/2020 10:59:22] Zathar: kkk
[31/05/2020 10:59:28] Zathar: passa pra great
[31/05/2020 10:59:55] Lorgon: taca ub
[31/05/2020 11:00:12] Erik: selopco
[31/05/2020 11:00:16] Erik: mó caro
[31/05/2020 11:00:36] Lorgon: e nada comprei 2 baratim
[31/05/2020 11:00:47] Erik: agora nasce tentacol no lv 30 da pesca
[31/05/2020 11:00:50] Erik: o bixo me fuma
[31/05/2020 11:00:54] Lorgon: kk
[31/05/2020 11:01:20] fallowin: 11:01 Você vê letter !. oq e isso?
[31/05/2020 11:01:46] Lorgon: num sei
[31/05/2020 11:02:04] Erik: 11:01 Você gastou 48 poke balls e 3 great balls para capturar.
[31/05/2020 11:02:09] Erik: ae catei
[31/05/2020 11:02:15] Zathar: boa
[31/05/2020 11:02:19] Lorgon: meu engles e ruim kk
[31/05/2020 11:02:45] Zathar: o portugues tbm kkkkk
[31/05/2020 11:03:00] Lorgon: e apois
[31/05/2020 11:03:51] Lorgon: melhor poke rattata
[31/05/2020 11:04:28] Lorgon: 11:04 Você ganhou uma nova conquista: 'Eu sou um aventureiro!'11:04 Você ganhou uma nova conquista: 'Eles são legais!'
[31/05/2020 11:05:09] Zathar: tem um npc abaixo de saffron q fala q o ratata e o poke preferido dele kkkk
[31/05/2020 11:05:44] fallowin: 11:05 Alex: Desculpe, você precisa estar no mínimo nível 50 para aceitar esta missão.
[31/05/2020 11:08:20] Gabby: kkkkkk
[31/05/2020 11:13:49] Lorgon: a la nao sabia 11:13 Dewitt Dunlop: O POKEMON LAB criou o PORYGON, o primeiro POKEMON em realidade virtual.
[31/05/2020 11:14:07] Erik: '-'
[31/05/2020 11:14:49] Lord: 11:14 Gotcha! Você capturou um male Krabby (nível 7).
[31/05/2020 11:14:53] Lorgon: hi
[31/05/2020 11:14:58] Zathar: gz
[31/05/2020 11:15:18] Lord: ty
[31/05/2020 11:15:23] Lorgon: essa e brava 11:15 Delia Ketchum: Desculpe, você precisa estar no mínimo nível 60 para aceitar esta missão.
[31/05/2020 11:15:37] Zathar: nervosa
[31/05/2020 11:16:31] Lorgon: otima dicqa 11:16 Tamica Yokoe: Eu tenho 6 POKEBOLAS no meu cinto. No máximo, você pode transportar 6 POKEMONS.
[31/05/2020 11:17:12] Lorgon: mais uma 11:16 Lavelle Curtin: As coisas boas podem acontecer se você treinar seu POKEMON corretamente, mesmo os fracos!
[31/05/2020 11:17:24] Mordk: oi
[31/05/2020 11:17:54] Lorgon: 11:17 Professor Oak: Agora você deve ir para o norte para encontrar Red e completar sua missão inicial. onde estas red 
[31/05/2020 11:18:32] Zathar: saida de pallet
[31/05/2020 11:20:16] Lord: vender
[31/05/2020 11:20:48] Lord: 11:20 Você vê 3 notes of hundred dollars.
[31/05/2020 11:20:52] Lord: to rico
[31/05/2020 11:26:44] Erik: alguem sabe oq ganha
[31/05/2020 11:26:50] Erik: formando psoul?
[31/05/2020 11:27:33] Zathar: nao
[31/05/2020 11:27:37] Zathar: eu nao 
[31/05/2020 11:34:47] Zideran: Seu Caterpie evoluiu para um Metapod!
[31/05/2020 11:34:56] Zathar: 11:34 Você ganhou 196 pontos de experiência por capturar Oddish!
[31/05/2020 11:35:08] fallowin: 11:34 Seu catching aumentou para 11.
[31/05/2020 11:35:08] Zathar: gz
[31/05/2020 11:35:14] Lorgon: fui batalhar com o gary e nao da para ataca os poke dele kk
[31/05/2020 11:35:25] Zathar: pq
[31/05/2020 11:35:40] Lorgon: nao da para da taget neles
[31/05/2020 11:40:57] Mordk: hi
[31/05/2020 11:40:58] Zathar: galera bom jogo ai pra vcs, mais a noite eu volto, vou filar aquele almoço na sogra
[31/05/2020 11:41:02] Mordk: trade
[31/05/2020 11:41:12] Erik: flw
[31/05/2020 11:41:23] Lorgon: 11:40 Seu Rattata evoluiu para um Raticate!
[31/05/2020 11:42:28] Mordk: npc token NIVERSARIO NGM MOSTRAAA
[31/05/2020 11:42:41] Zathar: gz lorgon
[31/05/2020 11:42:45] Zathar: raticate e brabo
[31/05/2020 11:44:18] ADM Lord: Opa
[31/05/2020 11:45:05] Akasuna: opa 
[31/05/2020 11:45:22] Bdgt: 11:45 Início da próxima rodada em 15 segundos!
[31/05/2020 11:45:47] Erik: coé adm pra que serve isso 11:44 Você recebeu 1x o paint ticket.
[31/05/2020 11:45:48] Thry: ué fui lutar contra o npc do ginasio do brock, e nao dava pra atacar os pokemon dela o.o
[31/05/2020 11:46:04] Akasuna: saffron lotada mds kk
[31/05/2020 11:46:31] Normalidade: kd o premio da glr do beta 
[31/05/2020 11:46:35] Bdgt: 11:46 Parabéns! Você venceu a Colosseum Arena!
[31/05/2020 11:46:55] Normalidade: gg
[31/05/2020 11:48:33] Akasuna: que isso mano nao pode entrar no cp '-' qnd ta sendo atacado 
[31/05/2020 11:48:55] ADM Lord: !afk
[31/05/2020 11:49:07] Erik: '-'
[31/05/2020 11:49:54] Mordk: PT
[31/05/2020 11:51:06] Thry: PORQUEEEE NAO CONISIGo ATACAR oS POKEMON DOS NPC QUE VC FAZ DUELLLL
[31/05/2020 11:51:36] Erik: deve ta bugado, logo logo o adm arruma
[31/05/2020 11:54:53] Zideran: ta bugado por enquanto
[31/05/2020 11:56:13] Akasuna: bem que a bag principal poderia ser maior ne..
[31/05/2020 11:56:46] Zideran: a tua tem qnts slots?
[31/05/2020 11:56:57] Akasuna: 16
[31/05/2020 11:57:02] Zideran: a minha tem 36
[31/05/2020 11:57:06] Erik: a minha éra pequena
[31/05/2020 11:57:10] Erik: e do nada ficou grande
[31/05/2020 11:57:10] Zideran: consegui fzd as task de viridian
[31/05/2020 11:57:16] Bdgt: acho q tem de relogar
[31/05/2020 11:57:27] Zideran: ou subindo de lv
[31/05/2020 11:57:29] Zideran: n sei ainda
[31/05/2020 11:57:55] Akasuna: ata
[31/05/2020 11:59:37] Mordk: OND TROK anniversary tokens
[31/05/2020 11:59:51] Erik: no tc
[31/05/2020 12:00:36] Akasuna: são qnts pra trocar?
[31/05/2020 12:00:45] Bdgt: depende do q vc qr
[31/05/2020 12:00:50] Akasuna: ahh 
[31/05/2020 12:01:25] Erik: carai vou almoça
[31/05/2020 12:03:41] Thry: como cria outro char o.o
[31/05/2020 12:04:51] Bdgt: No site do msm jeito q tu criou esse ai kkk
[31/05/2020 12:06:48] Lord: Por enquanto está liberado um character por conta.
[31/05/2020 12:16:35] fallowin: 12:16 Você vê um(a) L Backpack (Vol:36).
[31/05/2020 12:16:57] Bdgt: Boa
[31/05/2020 12:17:25] Gabby: 12:17 Você vê um(a) magic forcefield. Você pode ver o outro lado através dele.
[31/05/2020 12:17:34] Gabby: 12:17 Você vê um(a) magic wall.
[31/05/2020 12:18:29] fallowin: 12:18 Seu catching aumentou para 12.
[31/05/2020 12:20:45] Thry: pouco pro teu level :(
[31/05/2020 12:21:05] fallowin: pq eu to focando em um pra catch.
[31/05/2020 12:21:10] fallowin: jaja upo ele
[31/05/2020 12:24:02] fallowin: 12:23 Parabéns! Seu Charmander avançou do nível 29 para o nível 30
[31/05/2020 12:24:14] Bdgt: Boa
[31/05/2020 12:24:22] Akasuna: Gz
[31/05/2020 12:24:30] fallowin: vlw
[31/05/2020 12:26:39] Erik: 12:26 Gotcha! Você capturou um female Psyduck (nível 18).
[31/05/2020 12:27:55] Akasuna: Gz 
[31/05/2020 12:28:02] Gabby: Gz
[31/05/2020 12:28:08] Gabby: Gastou muita Ball
[31/05/2020 12:28:10] Bdgt: Gz
[31/05/2020 12:28:20] Erik: 20 great
[31/05/2020 12:28:25] Akasuna: vish k 
[31/05/2020 12:28:27] Gabby: boa hehe
[31/05/2020 12:41:06] Erik: '-'
[31/05/2020 12:47:55] Mystogan: ta caindo só aqui ?
[31/05/2020 12:48:01] Zideran: geral
[31/05/2020 12:48:08] Erik: s
[31/05/2020 12:48:13] Erik: ak tmb
[31/05/2020 12:48:15] fallowin: desculpa ai, tropecei no fio ali
[31/05/2020 12:48:38] Zideran: kkkk
[31/05/2020 12:50:35] fallowin: hi
[31/05/2020 12:53:19] Zideran: 12:52 ADM Lord: Se é você, jogador e estiver online.  Há um investigação  em aberto. Espero que você saiba que isso é crime.
[31/05/2020 12:53:23] Zideran: so pra deixar claro
[31/05/2020 12:53:40] fallowin: falta do q fazer
[31/05/2020 12:53:50] Zideran: bem isso
[31/05/2020 12:54:13] Erik: contrata um maluco pra fazer um anti-ddos
[31/05/2020 12:54:25] Erik: bloqueia o ip na hora de quem ta tentando derrubar
[31/05/2020 12:55:00] Gabby: 12:54 Você gastou 41 great balls e 9 ultra balls tentando capturar Gloom.
[31/05/2020 12:55:31] fallowin: 12:55 Você gastou 47 poke balls e 56 great balls tentando capturar Gloom.
[31/05/2020 12:55:41] fallowin: uma hora vem
[31/05/2020 12:55:44] Gabby: Nossa
[31/05/2020 12:55:46] Zideran: kkk
[31/05/2020 12:55:51] Gabby: impossivel
[31/05/2020 12:55:58] Zideran: so vai tentando
[31/05/2020 12:56:07] fallowin: ta facil mata po
[31/05/2020 12:56:21] Erik: dificilé pescar com lv 35 de pesca
[31/05/2020 12:56:33] Erik: nasce 1 seel ja tem q correr pro cp kkkkkkkk
[31/05/2020 12:56:37] Gabby: kkkk
[31/05/2020 12:57:04] Gabby: por isso quero gloom,pesca nivel 30 nao da pra charmander
[31/05/2020 13:03:20] Brttz: 13:02 Você vê um(a) anniversary token. É um item único.
[31/05/2020 13:03:24] Brttz: Praq serve ?
[31/05/2020 13:03:34] Erik: pra trocar por itens no tc
[31/05/2020 13:03:51] Thry: female Raticate (Level 20) [+19].
[31/05/2020 13:04:08] Erik: coroi
[31/05/2020 13:04:18] Erik: 13:04 Gotcha! Você capturou um male Tentacool (nível 23).
[31/05/2020 13:04:45] VaraoPedro: como
[31/05/2020 13:04:45] Gabby: Boaa
[31/05/2020 13:07:37] Erik: alguem ja formou a palavra psoul pra saber oq ganha?
[31/05/2020 13:08:58] Zip Zap: hi
[31/05/2020 13:09:10] LadyDarkness: quem ja fdez box 1
[31/05/2020 13:09:27] Krisnik: 13:09 Você vê letter D. para que serve?
[31/05/2020 13:09:38] Erik: tem que formar a palavra Psoul
[31/05/2020 13:09:42] Erik: que ganha uma recompensa, só n sei qual
[31/05/2020 13:09:46] Krisnik: como ? com a letra D? 
[31/05/2020 13:09:57] Krisnik: 13:09 Você vê letter D.
[31/05/2020 13:10:04] Gabby: hi
[31/05/2020 13:10:08] Gabby: hi
[31/05/2020 13:10:11] Erik: tem o alfabeto todo nas box
[31/05/2020 13:13:26] Krisnik: 13:13 Você vê letter N.
[31/05/2020 13:16:32] Thry: as Letras estao desativadas?
[31/05/2020 13:16:55] Erik: ja juntou as 5?
[31/05/2020 13:16:56] Thry: npc nao esta aceitando 
[31/05/2020 13:17:08] Thry: nao precisa juntar as 5 o.o
[31/05/2020 13:17:21] Erik: oxi
[31/05/2020 13:17:24] Thry: precisa?
[31/05/2020 13:17:29] Erik: precisa formar Psoul n?
[31/05/2020 13:17:35] Gabby: Você vê um(a) gloom doll.
[31/05/2020 13:17:38] Thry: seila aquela hora troquei a letra Z
[31/05/2020 13:17:43] Thry: por 1 token
[31/05/2020 13:17:49] LadyDarkness: Poder de Regeneração - Saúde: +5, Energia +5.
[31/05/2020 13:17:50] Thry: agra o npc nao ta aceitando
[31/05/2020 13:17:51] Erik: '-'
[31/05/2020 13:17:55] Krisnik: 13:17 Você vê um(a) anniversary token.
[31/05/2020 13:18:04] Krisnik: estou comm 2 letrass '-'
[31/05/2020 13:18:39] fallowin: to com mais de 6
[31/05/2020 13:18:45] Erik: to com 2 do psoul
[31/05/2020 13:18:53] Erik: e 6 aleatoria
[31/05/2020 13:19:01] Gabby: to com so a l psoul
[31/05/2020 13:19:04] Erik: fora os token que n troquei
[31/05/2020 13:19:25] Thry: Acho que Gm desabilitou as letras nopc nao abre mais a janela
[31/05/2020 13:28:39] Krisnik: 13:28 Você recebeu 1x anniversary token.
[31/05/2020 13:28:42] Erik: 13:28 Seu fishing aumentou para 37.
[31/05/2020 13:28:50] Thry: ktl
[31/05/2020 13:28:50] Erik: só de saber que lv 40 eu n consigo mais pescar kkkkkkkk
[31/05/2020 13:29:09] Thry: jaja ta saindo dragon night ai kkk
[31/05/2020 13:29:11] Gabby: pq?
[31/05/2020 13:29:31] Erik: pq vai nasce bixo de 2 evolução
[31/05/2020 13:29:37] Erik: eu ja to tomando um pau pra seel
[31/05/2020 13:29:48] Gabby: ksks
[31/05/2020 13:30:41] Thry: ué vem dar essas agora? arrecem tava pedindo meu shyne caterpie
[31/05/2020 13:30:51] Erik: eoq
[31/05/2020 13:31:04] Krisnik: ja cataram sh ?
[31/05/2020 13:31:13] Gabby: Nao achei nenhum shiny ate agora
[31/05/2020 13:31:15] Thry: to full Shiny ja kkkkk
[31/05/2020 13:31:22] Krisnik: quais?
[31/05/2020 13:31:39] Thry: .... é zuera... nunca nem vi um shiny
[31/05/2020 13:31:43] Erik: catar shiny em pesoul
[31/05/2020 13:31:45] Gabby: kkkk
[31/05/2020 13:31:46] Krisnik: tbm n vi kk
[31/05/2020 13:31:51] Erik: é uma tarefa dificil viu kkkkkkkk
[31/05/2020 13:32:17] Krisnik: 13:32 Você vê p paint ticket.
[31/05/2020 13:32:28] Krisnik: '-' O.o
[31/05/2020 13:32:34] Erik: 13:32 Parabéns! Seu Bulbasaur avançou do nível 32 para o nível 33.
[31/05/2020 13:32:43] LadyDarkness: gz
[31/05/2020 13:33:03] Gabby: Gz :)
[31/05/2020 13:33:11] LadyDarkness: o meus ainda estao lvl 156
[31/05/2020 13:33:13] Thry: 13:31 Seu Caterpie evoluiu para um Metapod!
[31/05/2020 13:33:13] LadyDarkness: 15*
[31/05/2020 13:33:14] Mystogan: logo logo tem Yvi
[31/05/2020 13:33:14] Erik: dropei a letra ó
[31/05/2020 13:33:19] Erik: vou completar a psoul e ver oq da
[31/05/2020 13:33:23] Thry: female Metapod (Level 15) [+14].
[31/05/2020 13:33:29] Gabby: tenho a letra l aqui
[31/05/2020 13:33:42] Erik: falta 2 letra só aki
[31/05/2020 13:33:50] Gabby: quais?
[31/05/2020 13:33:54] Erik: p
[31/05/2020 13:33:56] Krisnik: Estou com as letras N, D e isso aqui 13:32 Você vê p paint ticket.
[31/05/2020 13:33:57] Erik: u
[31/05/2020 13:33:59] Krisnik: e 2 pontos rsrs
[31/05/2020 13:34:32] Erik: esses aniversary tokens serve só pra pegar aqueles bgl do tc?
[31/05/2020 13:35:01] Gabby: Sim
[31/05/2020 13:35:55] Erik: precisa de no minimo 80 kkkkkk
[31/05/2020 13:36:02] Erik: pra pega um tmzinho
[31/05/2020 13:36:13] Gabby: ksks
[31/05/2020 13:37:10] Erik: só queria saber pra que serve esses ticket
[31/05/2020 13:37:16] Erik: tenho mt aki só ta ocupando espaço
[31/05/2020 13:37:19] LadyDarkness: pintar a bll
[31/05/2020 13:37:27] LadyDarkness: da cor que esta no ticket
[31/05/2020 13:37:40] Erik: Oloco
[31/05/2020 13:37:56] fallowin: tenho uma da cor da mastr ball kk
[31/05/2020 13:38:48] LadyDarkness: acho que ja tenho uams 8 diferente
[31/05/2020 13:39:03] Erik: carai preciso de uma water stone
[31/05/2020 13:41:08] Thry: mata algum shyne de agua sempre dropa
[31/05/2020 13:41:34] LadyDarkness: kkkkkk
[31/05/2020 13:41:36] Erik: problema é encontrar um shiny k
[31/05/2020 13:41:40] Gabby: kkkkk
[31/05/2020 13:49:53] Thry: 13:47 Tarefa Ranger Club: Ekans - etapa completa [16/20].
[31/05/2020 13:55:48] LadyDarkness: hi
[31/05/2020 13:56:14] Thry: Recompensa Ranger Club: 2 pontos! de ranger club, Você recebeu 15x empty great ball.
[31/05/2020 13:56:33] Thry: 13:54 Ivan Mick: Para ser promovido a próxima categoria, você precisa de pelo menos 15 pontos no Ranger Club.
[31/05/2020 13:57:57] LadyDarkness: se nao me falha a memoria vai ate rank 4
[31/05/2020 13:58:08] fallowin: 13:58 Gotcha! Você capturou um female Butterfree (nível 36).
[31/05/2020 13:58:44] Erik: oloco
[31/05/2020 13:59:07] LadyDarkness: estao apelando 
[31/05/2020 13:59:21] LadyDarkness: hi
[31/05/2020 14:00:04] pitulgnd: onde fica esses minion do eventoo?
[31/05/2020 14:04:38] Mystogan: 14:04 Seu fishing aumentou para 30.
[31/05/2020 14:11:47] Erik: fica na area de event
[31/05/2020 14:11:50] Erik: mas eu n entendi mt bem n
[31/05/2020 14:11:52] Thry: 14:09 Loot de um Shiny Ekans: a venom pendant, a shiny bottle of poison.
[31/05/2020 14:11:57] Thry: ja vi meu primeiro :D
[31/05/2020 14:16:03] Erik: 20 balls of wool, 10 stone orbs, 10 shell bells e 6 rubys.
[31/05/2020 14:16:07] Erik: carai preciso disso pra quest
[31/05/2020 14:17:18] pitulgnd: nice evento viu kk
[31/05/2020 14:18:16] Thry: 14:15 Você gastou 6 great balls e 2 ultra balls para capturar Grimer! 
[31/05/2020 14:18:24] Thry: lol
[31/05/2020 14:32:13] Skyy: 14:32 Parabéns! Seu pokemon box #1 resultou em a Koffing.  '-'
[31/05/2020 14:32:22] Erik: '-'
[31/05/2020 14:32:25] Erik: eu nem sei onde é essa quest
[31/05/2020 14:32:31] Gabby: kkkk
[31/05/2020 14:32:34] Gabby: cerulean
[31/05/2020 14:32:53] Skyy: npc gary assitant, em frente a loja de bike em cerulean
[31/05/2020 14:33:13] Erik: ty
[31/05/2020 14:33:23] LadyDarkness: pallet
[31/05/2020 14:45:13] Erik: alguem sabe onde dropa ball of wool?
[31/05/2020 14:45:57] Nox Do Corre: sera q n é de meawth?
[31/05/2020 14:46:01] Nox Do Corre: meowth?
[31/05/2020 14:46:04] Erik: então..
[31/05/2020 14:46:04] LadyDarkness: s
[31/05/2020 14:46:09] Erik: sei onde fica isso ai n kkkk
[31/05/2020 14:46:16] LadyDarkness: se nao me gano
[31/05/2020 14:46:20] LadyDarkness: indo para lavender
[31/05/2020 14:47:45] Thry: Lagzada?
[31/05/2020 14:47:48] Erik: d
[31/05/2020 14:47:50] Le Blanc: siiim
[31/05/2020 14:47:51] Erik: s
[31/05/2020 14:54:30] Matheus: Poke evolui por nivel ?
[31/05/2020 14:54:35] Erik: sim
[31/05/2020 14:54:53] Nox Do Corre: nem todos, alguns precisamd e stone
[31/05/2020 14:56:33] Toninho: como consigo uma bike?
[31/05/2020 14:56:42] Erik: tem um npc que vende bike por 10 hds em cerulean
[31/05/2020 14:56:43] Gabby: Cerulean
[31/05/2020 14:56:51] Toninho: obrigado :D
[31/05/2020 14:56:59] Nox Do Corre: alguem sabe onde tem mascara de oxgenio pra mergulhar?
[31/05/2020 14:58:14] Gabby: 14:58 Você gastou 112 great balls e 9 ultra balls tentando capturar Gloom.
[31/05/2020 14:58:17] Gabby: impossivel
[31/05/2020 14:58:43] Matheus: ta mais dificil q pxg k
[31/05/2020 14:58:52] Matheus: os glooms já estão entrando em extinção
[31/05/2020 14:59:01] Gabby: kkkkkkk :9
[31/05/2020 14:59:06] Mystogan: mais facil upar um oddish
[31/05/2020 14:59:11] Gabby: Sim kkk
[31/05/2020 14:59:56] Le Blanc: e eu que tenho pegar 2 oddish, 1 pra mim e 1 pro npc
[31/05/2020 15:00:11] Gabby: kkkkkkkkkk
[31/05/2020 15:00:16] Gabby: Odissh é facil
[31/05/2020 15:00:23] Gabby: Oddish*
[31/05/2020 15:00:57] Akasuna: onde fica aqui em cerulean npc que vende bike?
[31/05/2020 15:01:05] Mystogan: Como troca esse tokens
[31/05/2020 15:01:05] Akasuna: achei deixa kk 
[31/05/2020 15:02:38] Le Blanc: 15:02 Arron Deforest: Não conte para ninguém, mas preciso de uma Ekans. Ela será meu grande triunfo.
[31/05/2020 15:02:46] Le Blanc: ah, pelo amor ne
[31/05/2020 15:02:51] Erik: '-'
[31/05/2020 15:03:15] Le Blanc: cara quer ter o time todo a minhas custas
[31/05/2020 15:03:17] Gabby: kkkkk
[31/05/2020 15:05:48] Le Blanc: ai, se dps disso ele me der só obrigado, eu quito
[31/05/2020 15:06:11] Erik: kkkkkkk
[31/05/2020 15:06:17] Erik: vai ganhar 10 pot
[31/05/2020 15:06:38] Le Blanc: prefiro a ekans
[31/05/2020 15:07:15] LadyDarkness: c É um item único. Contains a male Mankey (Level 15) [+7].
[31/05/2020 15:07:30] fallowin: kkkkkkkkk
[31/05/2020 15:08:05] Le Blanc: grimer é mt forte mds
[31/05/2020 15:08:08] Le Blanc: T.T
[31/05/2020 15:08:13] fallowin: sim
[31/05/2020 15:11:36] Mystogan: nao viu o muk ainda e.e
[31/05/2020 15:12:12] Thry: alguem sabe se da pra fazer os ginasios? ou ainda nao da pra atacar os pokemons dos npc?
[31/05/2020 15:14:00] Gabby: 15:13 Seu catching aumentou para 20.
[31/05/2020 15:14:28] Erik: bora abrir essa box1
[31/05/2020 15:15:15] Erik: 15:14 Parabéns! Seu pokemon box #1 resultou em a Bellsprout.
[31/05/2020 15:15:22] Erik: que merda em
[31/05/2020 15:15:27] fallowin: kkkkkkkkkk
[31/05/2020 15:15:49] Akasuna: onde é a box 1?
[31/05/2020 15:16:05] Erik: Npc na frente da loja de bike
[31/05/2020 15:20:25] Akasuna: que isso mano zubat pra golbat lv 35.. 
[31/05/2020 15:24:33] Le Blanc: 15:24 Você recebeu 1x fire legendary paint ticket.
[31/05/2020 15:24:36] Le Blanc: arrasei
[31/05/2020 15:24:42] Akasuna: Gz kk
[31/05/2020 15:26:52] fallowin: 15:26 Você vê um(a) power light purple ticket.
[31/05/2020 15:27:14] Toninho: pra q serve esses ticket?
[31/05/2020 15:27:14] Mystogan: o mano ja ta de crobat kkk
[31/05/2020 15:27:24] Akasuna: eita
[31/05/2020 15:27:24] Gabby: Serio
[31/05/2020 15:27:27] Akasuna: quem ja ta de crobat?
[31/05/2020 15:27:28] Gabby: ?
[31/05/2020 15:27:35] Mystogan: Passou voando aqui kk
[31/05/2020 15:27:38] Akasuna: '-'
[31/05/2020 15:27:41] fallowin: nem level
[31/05/2020 15:27:43] fallowin: pra isso tem
[31/05/2020 15:27:45] Toninho: é qdo paga de ir de uma cidade pra outra 
[31/05/2020 15:27:46] Gabby: neh
[31/05/2020 15:27:47] fallowin: kkkkkkkkkk
[31/05/2020 15:27:50] Gabby: kkkkk
[31/05/2020 15:27:50] Toninho: tu aluga o crobat pra ir
[31/05/2020 15:27:50] fallowin: vai voar
[31/05/2020 15:27:53] fallowin: de horrsea
[31/05/2020 15:28:02] Mystogan: kkkkkkkkkk
[31/05/2020 15:28:18] Le Blanc: 15:28 Loot de um Muk: 3 venom pendants, a black sludge, 15 bottles of poison.
[31/05/2020 15:28:18] pitulgnd: como compra casa?
[31/05/2020 15:28:21] fallowin: level 50
[31/05/2020 15:28:23] Le Blanc: mds o grimer evoluiu
[31/05/2020 15:28:28] fallowin: corre berg
[31/05/2020 15:28:40] Mystogan: muk lvl 15 sussa
[31/05/2020 15:29:09] Thry: meu deus os poke nao pega 35 nunc
[31/05/2020 15:29:42] Erik: o meu pegou só agora
[31/05/2020 15:30:14] Thry: pra evoulir o poke inicial precisa do player e o poke 3%:?
[31/05/2020 15:30:19] Thry: 35
[31/05/2020 15:30:30] Erik: não
[31/05/2020 15:30:31] Mystogan: nn
[31/05/2020 15:30:34] Erik: só o poke
[31/05/2020 15:31:59] Erik: 1 letra pra completar psoul
[31/05/2020 15:32:03] Erik: k
[31/05/2020 15:32:23] Thry: 15:30 Loot de um Metapod: an Insect Plate, a pot of moss mug.
[31/05/2020 15:32:29] Thry: Oque é esse Plate?
[31/05/2020 15:32:30] LadyDarkness: gz
[31/05/2020 15:32:41] LadyDarkness: e tipo uma stone 
[31/05/2020 15:32:54] LadyDarkness: se nao me falaha memoria
[31/05/2020 15:32:57] fallowin: pra vender
[31/05/2020 15:32:59] LadyDarkness: para aprender ou trocar algum atk
[31/05/2020 15:33:11] fallowin: se tiver liso 
[31/05/2020 15:33:18] Gabby: 44
[31/05/2020 15:33:35] Toninho: tooth cai de q?
[31/05/2020 15:33:38] Le Blanc: zubat
[31/05/2020 15:33:41] Le Blanc: ekans
[31/05/2020 15:34:13] Akasuna: 15:34 Você vê um(a) pokemon box #1. Teste a sua sorte aqui.
[31/05/2020 15:34:19] Akasuna: e la vamos nois..
[31/05/2020 15:34:33] Akasuna: 15:34 Parabéns! Seu pokemon box #1 resultou em a Krabby.
[31/05/2020 15:34:44] Erik: '-'
[31/05/2020 15:35:10] Mystogan: Mega Kleber
[31/05/2020 15:35:32] Akasuna: kkkk
[31/05/2020 15:37:59] Krisnik: alguém ai ?
[31/05/2020 15:38:23] fallowin: oi
[31/05/2020 15:38:36] Krisnik: ^^ como vê os online ?
[31/05/2020 15:38:42] fallowin: tbm quero saber
[31/05/2020 15:38:52] LadyDarkness: /aonline
[31/05/2020 15:38:58] LadyDarkness: /online
[31/05/2020 15:39:01] Krisnik: alguem ja matou 1 sh ?
[31/05/2020 15:39:02] fallowin: nao vai
[31/05/2020 15:39:27] Krisnik: 15:39 Você vê star ball paint ticket.15:39 Você vê u paint ticket.15:39 Você vê letter G.15:39 Você vê um(a) big anniversary cake. Poder de Regeneração - Saúde: +5, Energia +5.
[31/05/2020 15:39:32] Krisnik: caiu tudo isso de 1 poke so HDSUADHASUA
[31/05/2020 15:39:48] Erik: '-'
[31/05/2020 15:40:18] Erik: pra mim só falta a letra p
[31/05/2020 15:40:33] Krisnik: estou com G, N D '-'
[31/05/2020 15:40:37] Krisnik: serve para que isso ?
[31/05/2020 15:41:01] LadyDarkness: erik eu tenho
[31/05/2020 15:41:15] Erik: mas eu n tenho moeda de troca kkkkkkkkk
[31/05/2020 15:41:53] Erik: 15:41 Seu fishing aumentou para 40.
[31/05/2020 15:42:35] Krisnik: eu tenho 2 moedas rsrs
[31/05/2020 15:43:24] Le Blanc: 15:42 Parabéns! Seu pokemon box #1 resultou em a Krabby.
[31/05/2020 15:43:26] Le Blanc: uau
[31/05/2020 15:43:35] Akasuna: kkk
[31/05/2020 15:43:40] Akasuna: tbm tirei ele
[31/05/2020 15:43:51] LadyDarkness: vcs estao com sote
[31/05/2020 15:43:54] LadyDarkness: sorte
[31/05/2020 15:43:55] Krisnik: onde tem o box?
[31/05/2020 15:43:58] LadyDarkness: eu tirei mankey
[31/05/2020 15:44:08] Krisnik: alguem me ensina onde fica o box 1?
[31/05/2020 15:44:11] LadyDarkness: npc em cima e onde compra bike
[31/05/2020 15:44:26] LadyDarkness: ceruelan
[31/05/2020 15:44:36] Krisnik: ata blz ^^
[31/05/2020 15:44:53] Thry: manow como pega isso
[31/05/2020 15:44:57] Thry: 15:42 Você gastou 20 poke balls e 34 great balls tentando capturar Metapod.
[31/05/2020 15:45:04] LadyDarkness: kkkkkkkkkkkkkkkkkkk
[31/05/2020 15:45:04] Thry: o bixo nao vem cara kkkk
[31/05/2020 15:45:16] Akasuna: credo '-'
[31/05/2020 15:45:25] Akasuna: catch ta um poucin dificil kk 
[31/05/2020 15:45:59] Thry: peguei um grimer com 4 great ball e um metapod nao entra kkk
[31/05/2020 15:46:11] Akasuna: kkk 
[31/05/2020 15:47:59] Le Blanc: 15:47 Jack Simps: Ok, os ingredientes que eu preciso são 25 bitten apples, volte quando você estiver com eles.
[31/05/2020 15:48:06] Le Blanc: esse povo n cansa de pedir isso mdsssss
[31/05/2020 15:48:10] Krisnik: kk
[31/05/2020 15:48:27] Krisnik: le blanc vem x1 contra a minha cassiopeia m7
[31/05/2020 15:48:32] Krisnik: kk
[31/05/2020 15:48:44] Le Blanc: pra ser counterada? kkk
[31/05/2020 15:48:49] Le Blanc: eu n
[31/05/2020 15:48:58] Krisnik: xd
[31/05/2020 15:49:13] Normalidade: zideran ta ai?
[31/05/2020 15:49:15] Le Blanc: vai jogar contra xerath, cobra nojenta
[31/05/2020 15:49:22] Krisnik: pode vir
[31/05/2020 15:56:25] Gabby: 15:56 Gotcha! Você capturou um male Gloom (nível 23).
[31/05/2020 15:56:33] Gabby: 15:56 Você gastou 154 great balls e 20 ultra balls para capturar.
[31/05/2020 15:56:49] Erik: ae
[31/05/2020 15:56:57] Le Blanc: gz
[31/05/2020 15:57:00] fallowin: kkkkkkkkkkk
[31/05/2020 15:57:09] fallowin: boa mano
[31/05/2020 15:57:19] Krisnik: eita kkk
[31/05/2020 15:57:43] Gabby: kkkkk
[31/05/2020 15:57:47] Gabby: Ufaa
[31/05/2020 15:57:55] Krisnik: eu pegaria 1 oddish e evoluia nesse tempo kk
[31/05/2020 15:57:57] Krisnik: ou só na stone ?
[31/05/2020 15:58:00] Skyy: 15:57 Gotcha! Você capturou um female Gloom (nível 26).
[31/05/2020 15:58:05] Skyy: 15:57 Você gastou 2 poke balls, 22 great balls e 8 ultra balls para capturar.  '-'
[31/05/2020 15:58:10] Gabby: Mentira
[31/05/2020 15:58:11] Krisnik: kkk
[31/05/2020 15:58:16] Le Blanc: achei justo
[31/05/2020 15:58:16] Gabby: Nao é possivel
[31/05/2020 15:58:17] Skyy: quer print? kk
[31/05/2020 15:58:27] Gabby: Muita sorte kkkkkkkkk
[31/05/2020 15:58:37] Krisnik: cara 1 com o seu azar na sorte kk
[31/05/2020 15:58:42] Gabby: kkkkkk
[31/05/2020 15:58:51] Skyy: kkkkkkk
[31/05/2020 15:59:27] Krisnik: o adm vai arrumar essa questão dos poke ter só 1 padrão de nv ?
[31/05/2020 15:59:40] Krisnik: tipo ratata só tem padrao de lv 3 zubat msm coisa..
[31/05/2020 16:00:11] Le Blanc: depende do lugar que vc ta
[31/05/2020 16:01:05] Krisnik: tlg, mas tipo se o mais forte é nv 3, poderiam variar entre 1,2,3 sabe e não seguir só o mesmo padrão rsrs
[31/05/2020 16:01:58] Skyy: credo, se juntar 2 geodude o gloom evapora '--' 
[31/05/2020 16:02:11] Krisnik: -'
[31/05/2020 16:02:17] Krisnik: kkk
[31/05/2020 16:04:16] Thry: Eu vou Lançarrr minha tenerraaaaaa, e taca fogo nas ideias laraaa aa 
[31/05/2020 16:04:47] fallowin: onde tem npc de vender poke?
[31/05/2020 16:05:05] Erik: No tc
[31/05/2020 16:05:06] Thry: CT >> primeiro npc
[31/05/2020 16:13:36] Thry: 16:11 Seu catching aumentou para 30.
[31/05/2020 16:43:39] fallowin: 16:43 Gotcha! Você capturou um male Weepinbell (nível 26).
[31/05/2020 16:43:49] fallowin: partiu pidgeot agora
[31/05/2020 16:43:54] Thry: 16:41 Parabéns! Seu pokemon box #1 resultou em a Diglett.
[31/05/2020 16:44:46] Normalidade: gg
[31/05/2020 16:46:11] Lorgon: 16:45 Loot de um Shiny Gloom: a revival herb, 3 shiny seeds, a shiny leaf.
[31/05/2020 16:48:43] Normalidade: gg
[31/05/2020 16:49:11] Lorgon: ta off 
[31/05/2020 16:55:07] Sopracontrariar: qual melhor inicial ?
[31/05/2020 16:55:20] Normalidade: Parabéns! Você venceu a Colosseum Arena!
[31/05/2020 16:55:21] Lorgon: rattata
[31/05/2020 16:55:33] Sopracontrariar: lol kkk
[31/05/2020 16:56:47] ADM Lord: Boa tarde
[31/05/2020 16:56:48] Normalidade: vem tc
[31/05/2020 16:57:01] Le Blanc: boa tarde
[31/05/2020 16:57:30] fallowin: boaa
[31/05/2020 16:57:32] Lorgon: quero meu sh plume devolta
[31/05/2020 16:57:46] Thry: ADM sabe spbre nao estar dando pra batalhar com os NPC dos Ginasios?
[31/05/2020 17:03:15] Le Blanc: alguem ja completou Psoul?
[31/05/2020 17:06:57] Lorgon: catei sh nao :(
[31/05/2020 17:07:32] Lorgon: 16:45 Loot de um Shiny Gloom: a revival herb, 3 shiny seeds, a shiny leaf.
[31/05/2020 17:15:47] ADM Lord: hehehe
[31/05/2020 17:15:50] ADM Lord: BOm
[31/05/2020 17:18:50] Lorgon: o que e bom ai nem capturei
[31/05/2020 17:19:46] Normalidade: Você vê um(a) fainted eevee (Vol:10).
[31/05/2020 17:20:02] Lord: kk
[31/05/2020 17:29:27] Le Blanc: 17:29 Gotcha! Você capturou um male Weepinbell (nível 34).
[31/05/2020 17:29:29] Zideran: hi
[31/05/2020 17:30:25] fallowin: 17:30 Você vê um(a) Love Plate. Preço de venda: $5000.
[31/05/2020 17:38:02] Thry: 17:36 Você vê 29 anniversary tokens. É um item único.
[31/05/2020 17:40:51] Lorgon: e la vamos nois 17:40 Merlin Clay: Sua tarefa foi atualizado! Boa caça!
[31/05/2020 17:42:02] Mordk: paint ticket.
[31/05/2020 17:42:07] Mordk: OQ É
[31/05/2020 17:42:10] Mordk: ?
[31/05/2020 17:43:26] ADM Lord: OPA
[31/05/2020 17:44:11] Nox Do Corre: salve
[31/05/2020 17:47:34] Sopracontrariar: vocês n tiraram a box 1 n né ?
[31/05/2020 17:47:45] Nox Do Corre: alguem sabe como faz pra dar divi ?
[31/05/2020 17:48:39] Thry: cara algo de errado nao esta certo....
[31/05/2020 17:48:43] Thry: 17:46 Você gastou 20 poke balls e 38 great balls tentando capturar Metapod.
[31/05/2020 17:50:35] fallowin: kkkkk, 17:47 Você gastou 60 great balls tentando capturar Pidgeotto.
[31/05/2020 17:50:49] fallowin: sao brabo
[31/05/2020 17:52:01] Thry: Você capturou um male Weepinbell (nível 28). Você gastou 64 great balls para capturar.
[31/05/2020 17:52:05] Thry: .....
[31/05/2020 17:54:00] Anubis: hi
[31/05/2020 17:57:01] Bruno Legend: quem ja viu shiny?
[31/05/2020 18:00:10] Nox Do Corre: hi
[31/05/2020 18:06:33] Thry: fêmea Charmeleon (nível 35) amem
[31/05/2020 18:07:16] Corel: boa
[31/05/2020 18:07:22] Corel: agora evolui ela :)
[31/05/2020 18:07:41] fallowin: precisa do jogador level 35 tbm
[31/05/2020 18:07:46] Corel: nop
[31/05/2020 18:08:24] Corel: Contains a male Charmeleon
[31/05/2020 18:14:13] Bruno Legend: alguem tem marcacoes onde tem eevee?
[31/05/2020 18:15:20] Krisnik: hi
[31/05/2020 18:16:58] fallowin: hi
[31/05/2020 18:27:55] Krisnik: 18:27 Parabéns! Seu pokemon box #1 resultou em a Geodude. :)
[31/05/2020 18:36:37] Agrodarck: kk adm zangou
[31/05/2020 18:36:54] Krisnik: s
[31/05/2020 18:50:47] Thry: Quem ja dropou Alguma doll?
[31/05/2020 18:51:00] Sopracontrariar: eu, zubat doll kkk
[31/05/2020 18:51:04] Nox Do Corre: 18:50 Gotcha! Você capturou um female Gastly (nível 27).
[31/05/2020 18:51:11] Thry: dropei nenhuma ainda :(
[31/05/2020 18:51:29] Nox Do Corre: ja dropei 2 doll
[31/05/2020 18:53:47] Bruno Legend: como poe seal?
[31/05/2020 18:53:55] Sopracontrariar: pra que server letter I?
[31/05/2020 18:57:35] Bruno Legend: so falta o O pra completa frase psoul aff
[31/05/2020 19:00:32] Thry: tem alguma repetida da psoul?
[31/05/2020 19:01:44] Skyy: desacreditado o quanto q esses geodude selvagem bate no meu gloom mano, da nem pega
[31/05/2020 19:10:09] Thry: tem algum comando pra saber qnts pontos de ranger agente tem?
[31/05/2020 19:10:38] Bruno Legend: ja falei os selvagem ta mt forte
[31/05/2020 19:10:54] Thry: kkkkkkkkk
[31/05/2020 19:11:33] leannon: hi
[31/05/2020 19:11:51] Bruno Legend: peguei pidgey 5 kkkk so falta coragem de upa
[31/05/2020 19:11:52] leannon: vo te q acostuma a troca de chat pelo mouse
[31/05/2020 19:12:06] leannon: so trocava pelo tab
[31/05/2020 19:13:01] Skyy: pse ehuehue ja perdi as contas de qnts vezes morri por isso kk
[31/05/2020 19:15:30] Bruno Legend: 106k hr to fzr . e vcs?
[31/05/2020 19:15:56] Roy Mustang: onde que vende poke?
[31/05/2020 19:16:06] Bruno Legend: tc amg
[31/05/2020 19:16:11] Roy Mustang: vlw
[31/05/2020 19:17:50] Bruno Legend: eit 135k hr
[31/05/2020 19:18:00] leannon: qual lvl base do odish?
[31/05/2020 19:18:05] Bruno Legend: 5
[31/05/2020 19:18:37] leannon: do bells tbm?
[31/05/2020 19:18:40] Bruno Legend: s
[31/05/2020 19:22:29] leannon: catei o oddish lvl base so q é f
[31/05/2020 19:23:21] Bruno Legend: machista opressor :V
[31/05/2020 19:23:23] Thry: oque tem de ruim em femea? o.o
[31/05/2020 19:23:37] Thry: level base do odissh é 5?
[31/05/2020 19:23:37] leannon: m é mais forte :/
[31/05/2020 19:24:27] leannon: onde vende os poke?
[31/05/2020 19:25:29] Sopracontrariar: buy 3 bat wings -- 2 hd
[31/05/2020 19:25:43] leannon: no trade
[31/05/2020 19:34:05] Thry: female Butterfree (Level 25) [+24]. AMEM 100% :D
[31/05/2020 19:34:28] fallowin: boa
[31/05/2020 19:34:36] Krisnik: ^^
[31/05/2020 19:34:42] Krisnik: ai sim rsrs
[31/05/2020 19:35:54] Skyy: no q q tu upou metapod? kk
[31/05/2020 19:35:54] Bruno Legend: nice to no sofrimento  Contains a male Graveler (Level 33) [+18]. Special Ability: Sturdy. precis de 2 lv ainda kk
[31/05/2020 19:35:56] leannon: lvl base do poliwag é 5?
[31/05/2020 19:36:05] Thry: KRL butterfre monstrona tudo aoe
[31/05/2020 19:36:10] Agrodarck: hi
[31/05/2020 19:36:57] Bruno Legend: krl fearow 60 n da pra mata ksopkas
[31/05/2020 19:37:19] Bruno Legend: pot de 1k n deu pra brinca
[31/05/2020 19:43:04] ADM Lord: 19:41 Você vê a macho Shiny Oddish (Oddish) (nível 13). Saúde: [2081 / 2081].
[31/05/2020 19:43:08] Krisnik: hã?
[31/05/2020 19:43:10] ADM Lord: ih rapaz
[31/05/2020 19:43:11] Krisnik: onde?
[31/05/2020 19:43:14] Krisnik: eita kk
[31/05/2020 19:43:19] Bruno Legend: da diva
[31/05/2020 19:43:46] Bruno Legend: da dicas D:
[31/05/2020 19:45:01] leannon: tem npc pra vende poke?
[31/05/2020 19:45:20] Bruno Legend: tc
[31/05/2020 19:46:13] leannon: qual nome do npc?
[31/05/2020 19:46:46] Negobranco: ta tenso em 19:46 Você gastou 12 poke balls e 33 great balls tentando capturar Metapod.
[31/05/2020 19:46:49] Thry: tc >>> primeiro npc
[31/05/2020 19:47:05] leannon: vlw
[31/05/2020 19:47:07] Thry: nego eu usei mais de 60 great pra pegar 1
[31/05/2020 19:47:11] Negobranco: kct kk
[31/05/2020 19:51:30] Krisnik: cv19:51 Gameworld type set to: PVP. h~~?/
[31/05/2020 19:51:34] Thry: ué sera que agora da pra fazer ginazio?
[31/05/2020 19:51:35] Nox Do Corre: ''eita 
[31/05/2020 20:02:53] Bruno Legend: ja to com 3 letra do psoul :D e vcs?
[31/05/2020 20:06:12] ADM Lord: alguem encontrou o shiny?
[31/05/2020 20:07:10] Bruno Legend: axo q n
[31/05/2020 20:07:25] Bruno Legend: vo da 1 olhada num local agr
[31/05/2020 20:07:30] Bruno Legend: mas da umas dicas
[31/05/2020 20:07:39] Roy Mustang: evolui com level, né?
[31/05/2020 20:07:44] ADM Lord: !up
[31/05/2020 20:08:13] Bruno Legend: adm
[31/05/2020 20:08:31] Bruno Legend: colocar paint na ball qnd tu solta n teria q mostra ela diferente?
[31/05/2020 20:09:49] Thry: ja teve noticias de uns 4 shinys ae no chat
[31/05/2020 20:11:16] Le Blanc: boa noite
[31/05/2020 20:16:26] Le Blanc: geodude selvagem é um demonio viu '-'
[31/05/2020 20:17:13] Bruno Legend: tu n viu gastly/machop
[31/05/2020 20:17:15] Krisnik: qual a diferença do pokemon "perfeito" para o não perfeito ? pq eu fiz o teste e não vi nada de diferente..
[31/05/2020 20:17:20] Krisnik: alguem sabe ?
[31/05/2020 20:25:25] Bruno Legend: adm ta ai? sobre bug! axo q e MT IMPORTANTE ...
[31/05/2020 20:29:50] ADM Lord: 20:28 28 player(s) online:
[31/05/2020 20:30:00] Krisnik: 20:28 New record: 29 players are logged in.
[31/05/2020 20:30:49] leannon: onde fica a box 1?
[31/05/2020 20:31:20] LadyDarkness: cceruelan
[31/05/2020 20:31:29] LadyDarkness: em cima do npc que compra bike
[31/05/2020 20:32:13] LadyDarkness: npc gury
[31/05/2020 20:32:19] Thry: ADM voce, pergunta agente responde, e vê nao lê ai pergunta mesma coisa....
[31/05/2020 20:33:23] Krisnik: caiu ?
[31/05/2020 20:33:37] LadyDarkness: nao
[31/05/2020 20:33:38] leannon: é um npc?
[31/05/2020 20:33:48] LadyDarkness: s chamando gury
[31/05/2020 20:34:39] LadyDarkness: leannon gtao me encontra ceru
[31/05/2020 20:34:50] leannon: to aki no cara q vende bike
[31/05/2020 20:34:56] LadyDarkness: me espera ae
[31/05/2020 20:35:04] Nox Do Corre: '20:34 Gotcha! Você capturou um male Pikachu (nível 28).
[31/05/2020 20:35:10] LadyDarkness: gz
[31/05/2020 20:35:11] Bruno Legend: boa
[31/05/2020 20:35:30] Nox Do Corre: ty
[31/05/2020 20:35:38] LadyKelsey: opa primeira sorte do jogo 20:35 Você vê um(a) ele seal A.
[31/05/2020 20:35:45] LadyKelsey: 20:35 Você vê um(a) ele seal A. Este selo pode ser anexado a uma Pokebola para atingir efeitos especiais quando um pokemon sair dela.
[31/05/2020 20:36:00] Agrodarck: 20:35 Você vê um(a) witch ball.
[31/05/2020 20:37:07] Agrodarck: encontri museu da pokebolas rsrs
[31/05/2020 20:37:27] LadyKelsey: ai é onde pinta as pokebolas
[31/05/2020 20:52:07] Monumento Divino: qual melhor habilidade pra charmander
[31/05/2020 20:52:13] Mordk: hi
[31/05/2020 20:53:05] Mordk: 20:52 Você vê um(a) TM 27. Preço de venda: $70000. Esta Technical Machine pode ensinar o movimento Psychic. Categoria: Ofensivo. Nível Necessário: 40.
[31/05/2020 20:53:15] Mordk: ond vende?
[31/05/2020 20:58:12] Bruno Legend: 20:58 Você vê a fêmea Shiny Pidgeotto (Pidgeotto) (nível 26). Saúde: [1467 / 4090]
[31/05/2020 20:58:40] Bruno Legend: 20:58 Gotcha! Você capturou um female Shiny Pidgeotto (nível 26).
[31/05/2020 20:58:45] Bruno Legend: kkkkkkkkkkkkkkkkkkkkkkkkkkkkk
[31/05/2020 20:59:04] LadyKelsey: agora vai resetar kkk
[31/05/2020 20:59:09] Krisnik: kkkk
[31/05/2020 20:59:16] Bruno Legend: se for pra melhorar ta safe
[31/05/2020 21:09:48] leannon: qual lvl de catching de vcs?
[31/05/2020 21:11:27] Thry: 21:09 Gotcha! Você capturou um male Gloom (nível 19). 21:09 Você gastou 36 poke balls e 74 great balls para capturar.
[31/05/2020 21:11:29] Thry: AMEMMMM
[31/05/2020 21:11:41] Corel: gz
[31/05/2020 21:11:41] Thry: cat 40
[31/05/2020 21:24:00] fallowin: 21:23 Gotcha! Você capturou um male Pidgeotto (nível 26).
[31/05/2020 21:24:26] Thry: Ince
[31/05/2020 21:24:53] Bruno Legend: meu e mais charmoso chora . kkkk vem de privado quero checar algo
[31/05/2020 21:28:38] Nox Do Corre: 21:28 Você vê 2 power green tickets.
[31/05/2020 21:28:45] Nox Do Corre: pra q serve?
[31/05/2020 21:35:32] Monumento Divino: male ou female e melhor
[31/05/2020 21:36:19] LadyKelsey: nao tem diferença
[31/05/2020 21:37:04] ADM Lord: Boa noite
[31/05/2020 21:37:12] LadyDarkness: boa
[31/05/2020 21:37:24] Nox Do Corre: boa noite
[31/05/2020 21:37:30] Agrodarck: boa
[31/05/2020 21:37:31] LadyKelsey: boa noite
[31/05/2020 21:37:47] Nox Do Corre: adm pode me dizer se aquela mascara pra dar dive, tem no jogo?
[31/05/2020 21:38:30] ADM Lord: acredito que sim
[31/05/2020 21:40:17] Bruno Legend: adm peguei 1 shiny do server em
[31/05/2020 21:41:21] Nox Do Corre: eu nunca nem vi shiny kk
[31/05/2020 21:42:54] LadyDarkness: hi
[31/05/2020 21:48:42] Bruno Legend: uma dica > lv mais alto sempre andem com pot de energia slc
[31/05/2020 21:48:58] Thry: pra que serve a energya?
[31/05/2020 21:49:07] Bruno Legend: usar ataks
[31/05/2020 21:50:22] Agrodarck: 21:50 Você vê um(a) oddish doll.
[31/05/2020 21:52:50] Thry: ja matei 1000 rattata e nao caiu uma merda de doll
[31/05/2020 21:53:49] Roy Mustang: kkkkkkk
[31/05/2020 21:54:10] Krisnik: o meu caiu com uns 20 '-'
[31/05/2020 21:54:33] LadyKelsey: hi
[31/05/2020 21:54:57] Thry: shyni rattata tbm nem deve existir, pois os cara falo que dependendo da quantidade de vez que voce mata o mob nasce um shyne
[31/05/2020 21:55:10] Thry: ja matei 1000  rattata nunca vi um shyni
[31/05/2020 21:55:21] LadyKelsey: pessoal onde compra a bike mesmo ?
[31/05/2020 21:55:28] Krisnik: tbm matei uns 500 e nada rsrs
[31/05/2020 21:55:44] Bruno Legend: 21:55 Gotcha! Você capturou um male Abra (nível 22).
[31/05/2020 21:55:56] LadyKelsey: GG
[31/05/2020 21:58:37] ADM Lord: Existe sim, Thry
[31/05/2020 21:59:59] Nox Do Corre: adm que charizard doido e aquele perto das ponyta? meu poke tava fora da ball e ele me matou kk
[31/05/2020 22:01:13] Monumento Divino: a bike e dvegar mesmo ou aumenta a velocidade?
[31/05/2020 22:01:30] Bruno Legend: adm ta ai ainda? umas dicas
[31/05/2020 22:02:17] Nox Do Corre: 22:01 Gotcha! Você capturou um male Ponyta (nível 20).
[31/05/2020 22:02:50] Monumento Divino: bike e mto lenta mesmo?
[31/05/2020 22:05:24] Agrodarck: hi
[31/05/2020 22:05:43] Monumento Divino: hi
[31/05/2020 22:05:53] Monumento Divino: bike e lenta mesmo?
[31/05/2020 22:07:31] Monumento Divino: hi
[31/05/2020 22:07:49] Nox Do Corre: mais rapida que de a pé kk
[31/05/2020 22:10:56] Bruno Legend: broke shiny ggcute
[31/05/2020 22:11:02] LadyKelsey: Adm está ai ?
[31/05/2020 22:12:34] Thry: 206 RATTATAS CAPTURADOS NUNCA VI UMA DOLL NUNCA VI um SHINY
[31/05/2020 22:13:31] Agrodarck: Fujis  o que são esses pokemons?
[31/05/2020 22:14:10] Agrodarck: 22:13 Você vê Fuji's Lickitung.
[31/05/2020 22:15:38] Agrodarck: hi
[31/05/2020 22:29:29] Agrodarck: hi
[31/05/2020 22:36:49] Bruno Legend: voltei oq perdi?
[31/05/2020 22:37:10] LadyKelsey: shiny mewtwo
[31/05/2020 22:39:33] Bruno Legend: 22:39 Loot de um Gloom: a Meadow Plate, a revival herb, 6 seeds.
[31/05/2020 22:40:00] Monumento Divino: quanto mas eu utilizar mas ganho  exp?
[31/05/2020 22:40:06] Monumento Divino: Maior ganho de experiência por 10% durante 60 minutos.
[31/05/2020 22:40:11] Krisnik: ^^
[31/05/2020 22:52:45] Thry: bom gente bora dormir, estamos ai desde as 8:30 amanha tem mais >:D
[31/05/2020 22:53:06] Bruno Legend: ;x
[31/05/2020 22:53:11] Goenitz: como asssim vai fechar?
[31/05/2020 22:53:18] Bruno Legend: ele vai dorir
[31/05/2020 22:53:35] Goenitz: ata
[31/05/2020 22:53:41] Thry: relaxa amanha tem mais
[31/05/2020 22:53:43] LadyKelsey: hi
[31/05/2020 22:53:46] Goenitz: ia fica bolado 
[31/05/2020 22:53:52] Thry: Nego entro em chock achando que o server ia fechar kkk
[31/05/2020 22:54:09] Goenitz: po tava no lol até hj no clash
[31/05/2020 22:54:19] Goenitz: quando acho algo legal fecha ai n da kk
[31/05/2020 22:56:54] Monumento Divino: 2pra que serve essas letras
[31/05/2020 22:58:41] Monumento Divino: ?
[31/05/2020 22:59:40] Goenitz: Letra tu troca por anniversary token no TC ao que parece tbm n sei direito
[31/05/2020 22:59:55] LadyKelsey: sim
[31/05/2020 23:00:04] LadyKelsey: depois troca por outfit TM e pinturas de balls
[31/05/2020 23:00:43] Monumento Divino: onde troca ja pra tm e pinturas
[31/05/2020 23:00:53] LadyKelsey: no cp
[31/05/2020 23:00:57] LadyKelsey: andar de baixo
[31/05/2020 23:00:59] LadyKelsey: npc norte
[31/05/2020 23:01:07] Monumento Divino: obrg
[31/05/2020 23:01:15] Goenitz: cara é tenso quando nao da pra parar de pescar e tu morre :c
[31/05/2020 23:01:30] Agrodarck: hi
[31/05/2020 23:01:34] LadyKelsey: tm é uns 70 AT  outfit 50   pinturas de ball 25
[31/05/2020 23:09:45] Bruno Legend: alguem tem a letra >>S/O (do PSOUL) ?? manda privado
[31/05/2020 23:48:46] Goenitz: Quando consigo saber que meu bonus xp acabou ?
[31/05/2020 23:52:29] Zathar: o jogo avisa
[31/05/2020 23:52:34] Zathar: todo bonus
[31/05/2020 23:52:40] Zathar: ele avisa quandoa caba
[31/05/2020 23:52:50] Zathar: igual quando joga potion 
[31/05/2020 23:53:32] Lorgon: boa noite olha eu aqui denovo
[31/05/2020 23:54:45] Zathar: entramo junto kk
[31/05/2020 23:55:45] Nox Do Corre: ai galera alguem sabe oq faz se junta a palavra "PSOUL" ?
[31/05/2020 23:56:25] Lorgon: vc ganha muita purpurina colorida
[31/05/2020 23:56:46] ADM Lord: kkkkk
[31/05/2020 23:57:27] Goenitz: Legal que vem Letra Z kkkkkk
[31/05/2020 23:57:46] Lorgon: tenho letra Q
[31/05/2020 23:57:50] Nox Do Corre: lord pra q serve?
[31/05/2020 23:57:50] Corel: voces estao achando shiny ou a zika e so minha?
[31/05/2020 23:57:54] Bruno Legend: ja vi 2
[31/05/2020 23:58:00] Bruno Legend: peguei 1
[31/05/2020 23:58:06] Lorgon: eu achei um sh gloom logo cedo
[31/05/2020 23:58:24] Corel: desde 13hrs nas gloom e oddish so veio 1 shiny
[31/05/2020 23:58:43] Lorgon: adm podia me da um sh vile :)
[01/06/2020 00:00:20] Zathar: eu so queria um lax
[01/06/2020 00:01:33] Goenitz: o mais legal é os cara ve tu se fodendo pra nao morre e não tão nem ai kkk ai no futuro querem algo de você vo adora fazer isso mais tarde
[01/06/2020 00:01:50] Lorgon: kkk
[01/06/2020 00:02:18] Lorgon: Up
[01/06/2020 00:03:18] Lorgon: 23:59 Tarefa Ranger Club: Rattata - etapa completa [15/15]. e la vamos nois
[01/06/2020 00:03:41] Goenitz: boa gogo
[01/06/2020 00:09:42] Bruno Legend: quem tem a letra O? manda pm plzz
[01/06/2020 00:10:11] Lorgon: manda nao
[01/06/2020 00:13:31] ADM Lord: 0.0
[01/06/2020 00:15:45] Bruno Legend: 00:15 Você gastou 1 poke ball e 6 great balls tentando capturar Poochyena.
[01/06/2020 00:17:03] Lorgon: i
[01/06/2020 00:21:08] Lorgon: 00:20 Você vê um(a) discharged poke ball. Contains a female Raticate (Level 26) [+25]. Special Ability: Guts. melhor poke
[01/06/2020 00:22:30] Bruno Legend: op
[01/06/2020 00:22:54] Goenitz: sad : / v
[01/06/2020 00:22:59] Goenitz: Contains a male Charmander (Level 21) [+30]. Special Ability: Blaze.
[01/06/2020 00:23:25] Bruno Legend: meu amg impossivel mata mightiena
[01/06/2020 00:24:02] Lorgon: cunfusao e muss aposto kk
[01/06/2020 00:24:09] Lorgon: miss*
[01/06/2020 00:25:30] Bruno Legend: o dano vey
[01/06/2020 00:25:40] Bruno Legend: ele e lv 44 meu graveler 38 
[01/06/2020 00:25:46] Bruno Legend: ja morri 3x nele kkk e n dexei yellow
[01/06/2020 00:25:52] Bruno Legend: e eu uso pot 500 viu
[01/06/2020 00:26:11] Lorgon: ai vc ja quer demais
[01/06/2020 00:26:23] Bruno Legend: ta mt desbalanceado vey
[01/06/2020 00:26:45] Lorgon: esse bixo e apaelao em todo serv contra novatos
[01/06/2020 00:27:19] Lorgon: selvagem e o bixao gauando vc pega e o lixao kk
[01/06/2020 00:27:28] Bruno Legend: 00:27 Você gastou 1 poke ball e 44 great balls tentando capturar Poochyena. podia entra na ball ;c
[01/06/2020 00:28:11] Bruno Legend: 00:28 Gotcha! Você capturou um male Poochyena (nível 21). iha
[01/06/2020 00:32:22] Goenitz: tem como cancelar a pesca? pq toda vez n da kk
[01/06/2020 00:32:58] Lorgon: kk
[01/06/2020 00:34:05] Lorgon: 00:33 Você ganhou uma nova conquista: 'Ranger Club Task I'
[01/06/2020 00:42:08] Goenitz: Tenho a palavra VOZ kkkk que engraçado k
[01/06/2020 00:45:34] Bruno Legend: 00:45 Você vê a macho Swampert (nível 88). Saúde: [13500 / 13500] meee
[01/06/2020 00:46:37] [Help]Zathar: bate la kkk
[01/06/2020 00:49:35] Bruno Legend: ano ta inviavel jogar
[01/06/2020 00:49:46] Bruno Legend: pokemon lv 44 me dando 2 skill no graveler e ele morrendo cara
[01/06/2020 00:50:14] [Help]Zathar: contra qual poke
[01/06/2020 00:50:47] Bruno Legend: contra um spinda
[01/06/2020 00:50:55] Bruno Legend: meu poke foi explodido
[01/06/2020 00:50:58] Bruno Legend: mesmo com pot de 1k vey
[01/06/2020 00:51:04] Lorgon: kk spinda e deus 
[01/06/2020 00:51:17] Bruno Legend: abaixa
[01/06/2020 00:51:19] Bruno Legend: spam
[01/06/2020 00:51:23] Bruno Legend: de skill de miss
[01/06/2020 00:51:31] Bruno Legend: ja e um começo
[01/06/2020 00:52:02] [Help]Zathar: vou passar pro adm daum aolhada
[01/06/2020 00:59:22] Bruno Legend: de 3 skill 2 e miss
[01/06/2020 01:03:14] [Help]Zathar: alguem me explica onde é a box 1
[01/06/2020 01:03:24] [Help]Zathar: esqueci onde é
[01/06/2020 01:03:28] [Help]Zathar: kkk
[01/06/2020 01:07:07] Goenitz: pega 30 com oddish e tenso em pqp
[01/06/2020 01:07:29] [Help]Zathar: tenso
[01/06/2020 01:07:38] Goenitz: hi
[01/06/2020 01:07:57] Lorgon: vai de rattata upa rapidao e fortim
[01/06/2020 01:09:21] Lorgon: pega um com a habilidade guts q e bom :)
[01/06/2020 01:09:44] [Help]Zathar: gosto mesmo em
[01/06/2020 01:10:35] Lorgon: ratcate devora gloom facim kk
[01/06/2020 01:10:52] [Help]Zathar: mano
[01/06/2020 01:10:55] [Help]Zathar: vc fez box 1?
[01/06/2020 01:11:06] Lorgon: nao ainda nem sair de viridian kk
[01/06/2020 01:11:21] [Help]Zathar: kkk
[01/06/2020 01:11:35] Goenitz: hi
[01/06/2020 01:12:34] Goenitz: 01:12 Você vê um(a) P Backpack (Vol:36).
[01/06/2020 01:12:40] Bruno Legend: xd
[01/06/2020 01:12:41] [Help]Zathar: gz
[01/06/2020 01:12:54] [Help]Zathar: bruno
[01/06/2020 01:12:57] [Help]Zathar: fez box 1?
[01/06/2020 01:13:03] Bruno Legend: s
[01/06/2020 01:13:11] Lorgon: 01:12 Você vê um(a) simple pokebag (Vol:36).
[01/06/2020 01:13:13] [Help]Zathar: me fala onde fica?
[01/06/2020 01:13:14] Bruno Legend: 01:12 Você gastou 34 great balls tentando capturar Numel. tentando pega isso
[01/06/2020 01:13:19] Bruno Legend: cedrulean
[01/06/2020 01:13:24] [Help]Zathar: intam
[01/06/2020 01:13:28] [Help]Zathar: to ak
[01/06/2020 01:13:30] [Help]Zathar: pra q lado
[01/06/2020 01:13:38] [Help]Zathar: direita esqurda pra cima
[01/06/2020 01:13:45] Bruno Legend: > /z
[01/06/2020 01:13:52] [Help]Zathar: dmr
[01/06/2020 01:19:16] Bruno Legend: 01:18 Você gastou 50 great balls tentando capturar Numel. =/
[01/06/2020 01:19:38] Goenitz: Tenta pega Nosal quem sabe da certo ta parei
[01/06/2020 01:20:54] Goenitz: MANO EU FORMEI A PALAVA OVOHZ KKKKKKKKKK
[01/06/2020 01:53:05] Krisnik: alguem on ?
[01/06/2020 01:53:12] [Help]Zathar: opa
[01/06/2020 01:53:16] Krisnik: ^^
[01/06/2020 01:54:07] Goenitz: 01:52 Você ganhou uma nova conquista: 'Eu vou ensinar os outros a pescar...'
[01/06/2020 01:54:14] [Help]Zathar: gz
[01/06/2020 01:55:53] Bruno Legend: 01:55 Você vê 6 gold bars. Cada barra de ouro é equivalente a 10.000 dólares. '-'
[01/06/2020 01:56:06] Krisnik: eita 
[01/06/2020 01:56:08] Krisnik: rico rsrs
[01/06/2020 01:56:42] Goenitz: eu aqui com 10 hd
[01/06/2020 01:56:56] Krisnik: e eu com 10 dl '-'
[01/06/2020 02:11:07] Bruno Legend: 02:10 Você recebeu 1x explorer clothes kit.
[01/06/2020 02:19:16] Bruno Legend: 02:19 Loot de um Kakuna: an Insect Plate, a sample of sand wasp honey.
[01/06/2020 02:21:37] Bruno Legend: 02:21 Seu Pokemon está evoluindo!
[01/06/2020 02:42:09] Bruno Legend: 02:41 Você gastou 11 great balls tentando capturar Aron. '-'
[01/06/2020 02:49:41] Bruno Legend: 02:49 Você gastou 41 great balls tentando capturar Aron. resp ruim em
[01/06/2020 02:54:34] Bruno Legend: 02:54 Você gastou 61 great balls tentando capturar Aron. mds
[01/06/2020 03:19:30] Bruno Legend: aeee tenho fly chupa
[01/06/2020 08:02:37] Normalidade: Gotcha! Você capturou um female Weepinbell (nível 30).
[01/06/2020 08:03:02] Rodrigo Albuquerque: gz
[01/06/2020 08:38:36] Lorgon: bom dia 
[01/06/2020 08:39:02] Bdgt: Bom dia
[01/06/2020 09:11:45] Thry: bom diaaaaaaaaaaaaaaaaaa
