[31/05/2020 07:57:26] Zideran: /online
[31/05/2020 07:58:49] Bdgt: hihi
[31/05/2020 08:51:47] Thry: Alguem ae?
[31/05/2020 08:52:35] Zideran: ss
[31/05/2020 08:52:46] Thry: Como faz pra evoluir o Poekmon sabe?
[31/05/2020 08:52:58] Zathar: lv
[31/05/2020 08:52:58] Zideran: clica com ctrl + mouse
[31/05/2020 08:53:10] Zideran: no poke e tem la a opção (envolve)
[31/05/2020 08:53:12] Thry: 08:51 Utilizando a última evolve icon...
[31/05/2020 08:53:39] Thry: o.o precisa de lvl 35 pra upar ele, lvl 35 meu ou dele?
[31/05/2020 08:54:16] Zathar: dele
[31/05/2020 08:54:39] Zathar: e seu tbm aco
[31/05/2020 08:55:29] LadyDarkness: seu
[31/05/2020 08:56:17] LadyDarkness: todos os pokemons podem ser usado com seu usarios no lvl permido pelo pokemon 
[31/05/2020 08:56:49] Skyy: meu charmander tem atk de fogo n? '-' só tackle e scrat? '-' 
[31/05/2020 08:57:06] Zideran: upa ele q vai liberar
[31/05/2020 08:57:11] LadyDarkness: ele so e liberado
[31/05/2020 08:57:22] LadyDarkness: apos ele pegar lvl 10
[31/05/2020 09:03:50] Zathar: na dex da pra ver quais atk ele tem e q lv libera
[31/05/2020 09:04:07] Zideran: isso msm
[31/05/2020 09:06:21] LadyDarkness: se alguem estiver com duvida me chama no pvt
[31/05/2020 09:07:28] Thry: esse serve é novo é antigo? tem bastante gente on? qual a situação cheguei faz 10min
[31/05/2020 09:09:15] Zideran: novo
[31/05/2020 09:14:24] [ADM] Lord: Abriu hoje
[31/05/2020 09:16:10] Skyy: tem como desabilitar isso de targeta o poke com o tab? '-' 
[31/05/2020 09:16:26] Zathar: susgestao q eu dou a vcs , taquem pokebola em tudo
[31/05/2020 09:16:52] Zathar: quanto mais tacar mais poke pegar seu cath vai aumentar , e fica mais facil pra capturar poke mais fortes mais pra frente
[31/05/2020 09:17:01] LadyDarkness: sim claro temos barra de cath , quanto mais alto maior a chances de pegar um pokemon
[31/05/2020 09:17:27] Zathar: Skyy , nao intendi
[31/05/2020 09:18:11] Skyy: Se tem um poke na tua tela, e tu aperta tab, é a mesma açao de atacar o poke
[31/05/2020 09:19:01] Zathar: agora vi
[31/05/2020 09:19:13] Zathar: vou ver ak 
[31/05/2020 09:19:21] Thry: tem como mover a barra de  pokemon que vc esta carregando?
[31/05/2020 09:19:30] Zathar: sim
[31/05/2020 09:19:41] Zathar: clica nabordinha
[31/05/2020 09:20:23] Thry: nossa bem escondida do lado esquerdo kkk
[31/05/2020 09:20:45] Zathar: kkk
[31/05/2020 09:21:22] Zathar: esse esgoto desse jogo e lindo
[31/05/2020 09:22:29] Zathar: outra coisa, quanto mais vc upar leveis do seu pokemon, mais ele fica dorte
[31/05/2020 09:22:38] [ADM] Lord: Sobre o tab, Apenas não clique. Ele serve para setar o alto.
[31/05/2020 09:23:28] Zathar: ex, se vc pegar um pokemon lv 1 e levavo ate o lv 10 ele ficara 10 +9, e ficara mais forte q um poke q vc pega lv 10 direto
[31/05/2020 09:23:46] LadyDarkness: nao
[31/05/2020 09:24:43] LadyDarkness: pelo contrario , ele so ira upar os lvls que foram deixados quando capturados sem ser no nivel minimo dele , seria uma complementação para o lvl 100 exato dele
[31/05/2020 09:25:14] Reivax: eai galera
[31/05/2020 09:25:18] Zathar: opa
[31/05/2020 09:25:27] Thry: essas letras de aniversario tem que formar FELIZ? e pra que serve o Power Yellow ticket?
[31/05/2020 09:25:42] LadyDarkness: ex: oddish e lvl 5 minimo , se pegar ele 10 ainta faltara 10 lvls apos o lvl 100 para ficar 100 exatos
[31/05/2020 09:25:57] Zathar: sim sim
[31/05/2020 09:26:14] LadyDarkness: essa letras e como se fosse um evento , e o ticket para pintar a sua ball em cerulean
[31/05/2020 09:27:53] LadyDarkness: duvidas me chamem private tentarei esxlarecer ao max todas
[31/05/2020 09:29:30] Reivax: cerulean ou saffron?
[31/05/2020 09:30:10] Zathar: saffron
[31/05/2020 09:30:50] Erik: carai meu mano da onde seis tiraram essa base
[31/05/2020 09:31:02] Zathar: é central , pra qualquer lado q for vai ter coisa
[31/05/2020 09:31:17] Reivax: MANO Q JOGO FODA TO AMANU
[31/05/2020 09:31:20] Zathar: Psoul mano, é o antigo e fenomenal
[31/05/2020 09:31:49] Zathar: quem jogar esse ak, joga mais nenhum
[31/05/2020 09:32:02] Reivax: nasci em cerulean, pensei q era melhor ksks
[31/05/2020 09:32:02] Zathar: mais completo de todos
[31/05/2020 09:32:23] Zathar: nao tem muita diferença, so q prefiro saffron por ser o centro do mapa
[31/05/2020 09:32:46] [ADM] Lord: Galera, o jogador LadyDarkness é nosso help em testes. Qualquer dúvida podem ir no privado dele.
[31/05/2020 09:33:16] [ADM] Lord: Quero ver geral forte em
[31/05/2020 09:33:51] LadyDarkness: soi vir rapaziada , estou aqui para ajudas e tirar duvidas , vamos nos divertir juntos
[31/05/2020 09:34:00] Zathar: isso ai
[31/05/2020 09:34:09] Zideran: boaa
[31/05/2020 09:34:10] fallowin: !online
[31/05/2020 09:34:32] [ADM] Lord: Comando certo é /online
[31/05/2020 09:34:43] Zathar: /online
[31/05/2020 09:34:58] [ADM] Lord: Não mas, estou no Game-chat {PT-BR}
[31/05/2020 09:35:16] Zathar: partiu gc
[31/05/2020 09:37:31] Gabby: Pra Que Serve,Você vê 2 anniversary tokens.
[31/05/2020 09:38:18] Thry: la no CT tem um npc que diz que vc precisa de x quantidade de tokens pra trocar por coisas
[31/05/2020 09:42:59] Normalidade: kd o item la dos top10 do beta?
[31/05/2020 09:46:08] Reivax: qnd o pokemon sobe de level, aparece um negocio no meio da tela indicando q ele upou, deveria ser no topo, pq atrapalha um pouco "sugestão"
[31/05/2020 09:46:43] Lord: Ok, Reivax
[31/05/2020 09:47:17] Reivax: MANO FINALMENTE CATEI ZUBAT, Q DIFICIL SQN, 13 pokeballs kk
[31/05/2020 09:48:02] Lord: Use o canal do Help apenas para tirar duvidas.
[31/05/2020 09:48:15] Zathar: bora cv no gc br
[31/05/2020 10:04:45] Mordk: oi
[31/05/2020 10:05:07] LadyDarkness: ola , podemos ajudar ? esta com alguma duvida?
[31/05/2020 10:05:08] Reivax: dando look nos pokes, tem habilidades especiais, sao as mesmas pra cada chamander, bulba...?
[31/05/2020 10:05:33] Mordk: oi
[31/05/2020 10:05:48] LadyDarkness: pergunte no gc br fica mais facil para responder aqui tenho muito coudown
[31/05/2020 10:06:52] Mordk: ond q pega pok inicio
[31/05/2020 10:07:13] Thry: leiaaa o as msg na tela
[31/05/2020 10:07:16] Reivax: Mordk--> No tutorial, quando se inicia o Game.
[31/05/2020 10:07:18] Mordk: oi
[31/05/2020 10:11:19] Crowley: minha tela ta muito pequena wtf
[31/05/2020 10:11:41] Reivax: Crowley--> Tenta move-la com o mouse.
[31/05/2020 10:11:41] Erik: '-'
[31/05/2020 10:12:27] Reivax: Crowley--> Ou vai na configuração do jogo e desativa a opção ''Não esticar ou contrair a janela do jogo"
[31/05/2020 10:22:27] snorth: alguem sabe onde tem weedle?
[31/05/2020 10:23:14] Reivax: Snorth--> Ao lado esquerdo de cerulean, Cuidado com bedriil
[31/05/2020 10:32:59] Erik: pra que serve esses ticket que ganha nas box dropavel?
[31/05/2020 10:33:32] Reivax: Erik--> Usa eles, vai vir letras, completa Psoul e ganha coisas
[31/05/2020 10:34:17] Erik: to falando tipo esses ticket 10:34 Você vê um(a) power green ticket.
[31/05/2020 10:36:02] Thry: oque são esses npc com um balao de pokebola?
[31/05/2020 10:36:47] Reivax: Thry--> Eles pedem para você capturar pokemons em troca de recompensas.
[31/05/2020 10:39:21] Gabby: Pra Que Serve,Você vê 5 anniversary tokens.
[31/05/2020 10:39:46] Reivax: Gabby--> No Tc você pode trocar ele por itens.
[31/05/2020 10:43:26] Mordk: oi
[31/05/2020 10:44:11] Reivax: Mordk--> Utilize o Canal Help apenas para Dúvidas, para conversas In-Game utilize o canal Game-Chat
[31/05/2020 10:45:37] snorth: como faz pra troca as letras?
[31/05/2020 10:46:09] Reivax: Snorth--> Letras você tem que formar "Psoul" para ganhar uma recompensa.
[31/05/2020 10:50:19] Zideran: faço oq msm com as letras?
[31/05/2020 10:50:20] Erik: alguem sabe como funciona esse evento de aniversario?
[31/05/2020 10:50:49] Reivax: Erik--> Coleta tokens e troca no NPC que se localiza no TC
[31/05/2020 10:51:12] Zathar: esse evento e baseado em matar um bolo gigante , que tem 4 pilares para ser ativado e ganhar coisas de eventos
[31/05/2020 10:51:24] Zathar: acho q ainda nao esta habilitado pra fazermos nesse lv
[31/05/2020 10:53:15] Lord San: pra que serve paint ticket? e anniversary token?
[31/05/2020 10:53:53] Reivax: Lord San--> Para trocar por itens nos NPCs que se localizam no TC.
[31/05/2020 10:55:42] Mordk: 4hi
[31/05/2020 10:56:06] Reivax: Mordk--> Utilize o Help apenas para Dúvidas.
[31/05/2020 10:56:20] Mordk: kd
[31/05/2020 10:56:30] Mordk: o tc
[31/05/2020 10:56:45] Zathar: no cp , fica a direita da nurse joy
[31/05/2020 10:56:50] Mordk: mark?
[31/05/2020 10:56:56] Reivax: Mordk-->Dentro do centro pokemon tem um teleport para la, a direita da Nurse
[31/05/2020 10:57:39] Zathar: o mark fica numa casa azul no mapa , vai ver um sinal de dinheiro
[31/05/2020 10:57:57] Gabby: Box 1,Fica Aonde?
[31/05/2020 10:58:14] Mordk: nnn
[31/05/2020 10:58:23] Reivax: Gabby-->Em frente a loja de Bicicletas, no npc ajudante do mark.
[31/05/2020 10:59:00] Reivax: Mordk--> Tente usar tudo em apenas uma mensagem, e utilize o Help só para dúvidas.
[31/05/2020 10:59:45] LadyDarkness: ~~~~~~~~~~~~~~~~~~~~~~~~~~~~~~~~~~~~~~~        vb nmj,nb v
[31/05/2020 10:59:57] LadyDarkness: foi mal meu filho
[31/05/2020 11:00:09] Reivax: LadyDarkness--> Cuidado com o Help aberto.
[31/05/2020 11:00:32] LadyDarkness: eu sei man to como helper em test
[31/05/2020 11:01:06] snorth: alguem sabe o comando pra compra house?
[31/05/2020 11:01:23] Lord: Aconselho ter vip 30
[31/05/2020 11:01:33] Reivax: Snorth--> /house buy      , apenas level 50
[31/05/2020 11:01:44] Lord San: onde tem weedle? to em saffron
[31/05/2020 11:02:01] Reivax: Lord San--> Ao lado esquerdo de cerulean, cuidado com Bedriil.
[31/05/2020 11:02:33] Lord San: onde é cerulean n entendo do mapa ksksks
[31/05/2020 11:02:48] Reivax: Lord San--> Acima de Saffron
[31/05/2020 11:03:01] snorth: Lord San> acima de saffron amigo
[31/05/2020 11:03:46] Lord San: ok obrigado
[31/05/2020 11:05:55] Zideran: n deu tempo
[31/05/2020 11:06:08] Reivax: Zideran--> Cuidado com o help aberto.
[31/05/2020 11:12:50] Mordk: 11:12 Você recebeu 1x letter I.
[31/05/2020 11:13:00] Mordk: q is?
[31/05/2020 11:13:07] Reivax: Mordk--> Utilize o help apenas para duvidas.
[31/05/2020 11:28:31] Lord San: servidor ainda ta em beta?
[31/05/2020 11:28:50] Zathar: completo
[31/05/2020 11:33:51] yopa: porque minha pesca está bloqueada ?
[31/05/2020 11:34:10] Reivax: Yopa---> Como aparece a mensagem de erro?
[31/05/2020 11:34:13] fallowin: nao pode comer o peixe ;/
[31/05/2020 11:35:03] Reivax: Fallowin--> Utilize o Help apenas para perguntas.
[31/05/2020 11:36:15] Akasuna: tem que catar qnts rattatas pra completar a missao ? 
[31/05/2020 11:36:28] Zathar: missao do oak
[31/05/2020 11:36:40] Reivax: Akasuna--> Apenas um
[31/05/2020 11:36:40] Zathar: matar 5
[31/05/2020 11:36:50] Zathar: capturar 1
[31/05/2020 11:37:25] Akasuna: ok vlw 
[31/05/2020 11:39:05] yopa: ou os poke evolui por lvl ?
[31/05/2020 11:39:17] Reivax: Yopa--> Sim.
[31/05/2020 11:39:37] Zathar: lv e stone , mais stone é hardy ak
[31/05/2020 11:51:54] Thry: PORQUEEEE NAO CONISIGo ATACAR oS POKEMON DOS NPC QUE VC FAZ DUELLLL
[31/05/2020 11:59:17] Lorgon: eu tbm nao conseguir ataca os poke do gary
[31/05/2020 12:02:53] ADM Lord: Usem o canal de help para duvidas.
[31/05/2020 12:04:25] Thry: ADM não ta dando pra fazer duelo com os NPCC?
[31/05/2020 12:05:01] Petex: can someone help me?
[31/05/2020 12:05:17] Mystogan: Como está a média de aparecer shinys ?
[31/05/2020 12:06:03] Lord: Petex, hi! 
[31/05/2020 12:06:22] Lord: Thry, qual NPC que não está funcionando?
[31/05/2020 12:09:38] Thry: todos que testtei
[31/05/2020 12:11:10] Netto ZX: oi
[31/05/2020 12:11:20] Lord San: onde vende bike?
[31/05/2020 12:11:48] Normalidade: cerulean
[31/05/2020 12:12:31] Reivax: Lord San--> Tem uma marca no mapa de cerulean à direita da cidade.
[31/05/2020 12:13:34] Lord San: cerulean fica em cima de saffron?
[31/05/2020 12:14:05] Thry: CONTROL + SHIFT + M
[31/05/2020 12:18:29] Agrodarck: /comands
[31/05/2020 12:18:39] Agrodarck: /type
[31/05/2020 12:19:00] Zideran: Agro eh /commands
[31/05/2020 12:19:32] Reivax: Agrodarck--> Cuidado com o help aberto, para comandos utilize /commands
[31/05/2020 12:48:49] Lord San: como uso stone of knowledges?
[31/05/2020 12:50:05] Agrodarck: ?
[31/05/2020 12:50:18] snorth: alguem sabe o comando pra comprar house?
[31/05/2020 12:50:28] LadyDarkness: so lvl 50 man
[31/05/2020 12:51:15] Le Blanc: tem até q geração aq?
[31/05/2020 12:51:19] Zideran: segunda
[31/05/2020 12:51:27] Erik: terceira
[31/05/2020 12:52:54] ADM Lord: Terceira.
[31/05/2020 12:55:54] Lord San: como uso stone of knowledges?
[31/05/2020 13:02:35] snorth: alguem sabe dizer se tem algum npc que vende stone?
[31/05/2020 13:02:55] Erik: acho que não
[31/05/2020 13:03:10] Brttz: 13:02 Você vê um(a) anniversary token. É um item único.
[31/05/2020 13:03:26] Agrodarck: 3
[31/05/2020 13:04:03] Zip Zap: oq e 13:01 Você vê um(a) anniversary token. É um item único.?
[31/05/2020 13:06:21] LadyDarkness: s
[31/05/2020 13:09:32] Krisnik: 13:09 Você vê letter D. para que serve?
[31/05/2020 13:10:12] Bruno Legend: aqui tem nature?
[31/05/2020 13:10:23] Bruno Legend: digo ivs?
[31/05/2020 13:10:51] LadyDarkness: sim
[31/05/2020 13:11:00] Bruno Legend: como vejo iv mesmo?
[31/05/2020 13:11:12] LadyDarkness: so dar loock no pokemn
[31/05/2020 13:13:26] SamD: d
[31/05/2020 13:18:05] Resonare: o poke n evolui por nivel n ?
[31/05/2020 13:18:20] Olimix: s
[31/05/2020 13:18:44] Bruno Legend: sim reso , so olhar na dex . as vezes pede stone
[31/05/2020 13:19:24] Resonare: mander pra meleon é lvl 35 meua migo kk
[31/05/2020 13:25:16] Lord San: como uso stone of knowledges?
[31/05/2020 13:25:42] Erik: isso e´de usar ou vender?
[31/05/2020 13:26:06] Thry: usa em vc mesmo
[31/05/2020 13:29:07] Resonare: ''
[31/05/2020 13:45:33] Lord San: o que é ranger club?
[31/05/2020 13:46:58] Thry: eu nao intendi mt bem tbm mas é um club de caça pelo oque eu vi
[31/05/2020 13:47:08] Thry: eu entrei e agora to fazendo as missaozinhas
[31/05/2020 13:47:26] Olimix: ganha oq ?
[31/05/2020 13:48:13] Thry: cada missao da umas porcarias, e uns pontos
[31/05/2020 13:48:27] Lord San: n compensa entao?
[31/05/2020 13:49:08] Thry: nao sei... eu to fazendo seila
[31/05/2020 14:00:32] Bruno Legend: onde tem
[31/05/2020 14:00:42] Bruno Legend: esses minions ai pra derrotar?
[31/05/2020 14:01:49] LadyDarkness: nao adianta ir agora nao conseguimos
[31/05/2020 14:02:20] Bruno Legend: ok
[31/05/2020 14:03:39] Olimix: que evento e esse ?
[31/05/2020 14:04:09] Nox Do Corre: tbm queria saber
[31/05/2020 14:05:26] LadyDarkness: e um evento onde tem 4 pilare para podemos derrotar um bolo gigante , mas ainda nao conseguimos ( assim que mata recebemos recompensas)
[31/05/2020 14:05:43] Negobranco: onde vende pokemon?
[31/05/2020 14:05:43] Olimix: onde fica ?
[31/05/2020 14:06:14] LadyDarkness: dentro do cp
[31/05/2020 14:09:30] jonadon: oi
[31/05/2020 14:09:30] Agrodarck: hi4
[31/05/2020 14:17:06] TMRtyrion: los pokemon evolucionan por lvl?
[31/05/2020 14:17:17] Erik: si
[31/05/2020 14:17:18] LadyDarkness: si
[31/05/2020 14:17:19] Bruno Legend: si pero necessitan x level
[31/05/2020 14:17:38] TMRtyrion: el lvl de mi pj importa mucho?
[31/05/2020 14:17:56] Bruno Legend: si pues so pode usar los pokes 10 lv mas q usted
[31/05/2020 14:21:03] Thry: não sei :D
[31/05/2020 14:25:28] Negobranco: oi
[31/05/2020 14:25:32] Erik: olá
[31/05/2020 14:25:59] Le Blanc: Oii
[31/05/2020 14:26:42] Bruno Legend: quem ja mato shiny?
[31/05/2020 14:27:07] LadyDarkness: 14:11 Thry [22]: 14:09 Loot de um Shiny Ekans: a venom pendant, a shiny bottle of poison.
[31/05/2020 14:28:16] TMRtyrion: para que sirven los aniversary tokens?
[31/05/2020 14:28:32] Erik: para trocar por itens
[31/05/2020 14:28:44] Olimix: onde ?
[31/05/2020 14:28:46] TMRtyrion: donde
[31/05/2020 14:29:01] Erik: no tc tem npc
[31/05/2020 14:35:30] Trita Migx: help
[31/05/2020 14:36:03] LadyDarkness: ?
[31/05/2020 14:38:50] Agrodarck: alguemd ropu iten que dar 10% de xp a mais
[31/05/2020 14:39:07] Agrodarck: dropou
[31/05/2020 14:39:33] Erik: esse item normalmente da em quest de npc
[31/05/2020 14:39:43] TMRtyrion: que quest?¿
[31/05/2020 14:40:06] Erik: a da pesca eu sei que da
[31/05/2020 14:41:33] Le Blanc: em todas as cidades tem os npcs dessas missões?
[31/05/2020 14:41:39] Erik: sim
[31/05/2020 15:00:08] Griand: Ei, in duel no puedo atacar a los pokes del contrario :/
[31/05/2020 15:11:23] Nox Do Corre: ''hi
[31/05/2020 15:11:37] Reivax: Nox Do Corre--> Cuidado com o Help aberto.
[31/05/2020 15:12:25] Thry: alguem sabe se da pra fazer os ginasios? ou ainda nao da pra atacar os pokemons dos npc?
[31/05/2020 15:13:13] Reivax: Thry-->Ainda não da pra fazer ginasios, não está podendo atacar pokemons do npc.
[31/05/2020 15:13:30] Thry: Obrigado :D
[31/05/2020 15:38:21] Krisnik: alguem ai ?
[31/05/2020 15:38:28] Le Blanc: yes
[31/05/2020 15:57:18] Bruno Legend: imprenção minha ou selvagens tao mt fortes? j
[31/05/2020 15:57:50] Erik: aki ta normal
[31/05/2020 16:07:39] Lord San: so eu to achando meio dificil o catch?
[31/05/2020 16:07:42] Bruno Legend: 16:07 Gotcha! Você capturou um male Geodude (nível 15). eta
[31/05/2020 16:08:15] Erik: olok
[31/05/2020 16:21:47] Lord San: como trocar as letras com o npc?
[31/05/2020 16:24:09] Lord San: como trocar as letras com o npc?
[31/05/2020 16:33:10] Bruno Legend: 16:32 Gotcha! Você capturou um sexless Magnemite (nível 15). // aonde inscreve torneio?
[31/05/2020 16:36:27] Lord San: finalmente.. 16:36 Gotcha! Você capturou um male Weepinbell (nível 30).
[31/05/2020 16:38:01] Agrodarck: nice
[31/05/2020 16:38:32] Sopracontrariar: aqui é hard ?
[31/05/2020 16:39:47] fallowin: sim
[31/05/2020 16:40:18] Lord San: analise.. 16:36 Você gastou 8 poke balls, 64 great balls e 23 ultra balls para capturar.
[31/05/2020 16:42:17] Sopracontrariar: como olho isso lord ?
[31/05/2020 16:44:19] Lord San: kkkkkk tentando catar o weepin
[31/05/2020 17:00:37] Bruno Legend: onde paint poke?
[31/05/2020 17:03:32] Lord San: 17:03 Gotcha! Você capturou um male Geodude (nível 24).
[31/05/2020 17:07:21] Bruno Legend: ja da pra pintar as ball?
[31/05/2020 17:14:01] LadyKelsey: alguem tem algum oddish (5) perfeito pra me dar?
[31/05/2020 17:14:25] Le Blanc: perfeito
[31/05/2020 17:14:38] Le Blanc: mds viu, kkkkkk
[31/05/2020 17:14:52] LadyKelsey: sim, perfeito é o menor nível. no caso (5)
[31/05/2020 17:15:17] Le Blanc: ta todo mundo iniciando, acho que n tem
[31/05/2020 17:15:29] LadyKelsey: depois do Egg o melhor dos pokemons são os menores níveis 
[31/05/2020 17:15:33] Bruno Legend: tenho lv 8
[31/05/2020 17:15:49] Bruno Legend: quer?
[31/05/2020 17:15:57] LadyKelsey: tranquilo vou ficar caçando os niveis 5 vlw.
[31/05/2020 17:16:31] LadyKelsey: 17:16 Você ganhou 70 pontos de experiência por capturar Oddish!
[31/05/2020 17:16:39] Bruno Legend: brabo
[31/05/2020 17:16:41] LadyKelsey: Contains a female Oddish (Level 5) [+0]. Special Ability: Chlorophyll.
[31/05/2020 17:16:51] LadyKelsey: só porque falei
[31/05/2020 17:17:31] LadyKelsey: sou jogador antigo do Psoul manjava do servidor.
[31/05/2020 17:18:06] Bruno Legend: aonde da paint entao? 
[31/05/2020 17:21:25] LadyKelsey: tentando lembrar tem npc certo 
[31/05/2020 17:21:38] LadyKelsey: acho que era em celadon
[31/05/2020 17:21:43] Bruno Legend: n axei =/
[31/05/2020 17:21:46] Sopracontrariar: <<< de saffron tem um 
[31/05/2020 17:21:55] Lord San: onde tem pokemon eletrico?:
[31/05/2020 17:22:18] Sopracontrariar: rofie o nome do npc 
[31/05/2020 17:22:30] Sopracontrariar: 17:22 Rofie: Aqui você pode pintar suas Pokebolas, tenho várias opções de cores disponíveis.
[31/05/2020 17:23:57] Bruno Legend: saffron < ne
[31/05/2020 17:24:13] Sopracontrariar: isso, na ultima casa
[31/05/2020 17:24:13] Bruno Legend: perto de onde +-
[31/05/2020 17:24:31] Sopracontrariar: procura no mapa uma estrela com o nome silph Co.
[31/05/2020 17:24:46] Sopracontrariar: é lá 
[31/05/2020 17:25:49] Bruno Legend: axei
[31/05/2020 17:40:25] Lord San: onde troco os ticket?
[31/05/2020 17:50:43] Bruno Legend: 17:50 Você gastou 44 poke balls e 23 great balls tentando capturar Ponyta. ok kkkk
[31/05/2020 17:51:15] fallowin: usa game chat
[31/05/2020 17:56:37] Bruno Legend: alguem ja viu hsiny?
[31/05/2020 18:01:54] Bruno Legend: 17:59 Gotcha! Você capturou um female Ponyta (nível 25).
[31/05/2020 18:02:11] LadyKelsey: GG
[31/05/2020 18:02:50] Corel: 18:02 Gotcha! Você capturou um male Weepinbell (nível 32).
[31/05/2020 18:03:23] ADM Lord: Usem o chat apenas para resolverem duvidas.
[31/05/2020 18:03:27] Bruno Legend: 18:03 Seu Geodude evoluiu para um Graveler!
[31/05/2020 18:04:06] LadyKelsey: GG
[31/05/2020 18:04:17] Nox Do Corre: adm, aqui tem aquela mascara de oxigenio pra dar dive?
[31/05/2020 18:04:52] LadyKelsey: nao lembro se é missão que faz pra ter ou se é npc que vende, 
[31/05/2020 18:05:02] LadyKelsey: mas se nao me engano é missão mesmo
[31/05/2020 18:05:36] Bruno Legend: alguem sabe se o alfabeto tem utilidade ? ou so troca por anniversary token?
[31/05/2020 18:13:09] Lord San: onde fica safari e quanto custa a entrada?
[31/05/2020 18:13:50] Bruno Legend: alguem tem marcacoes onde tem eevee?
[31/05/2020 18:14:16] LadyKelsey: norte de fuchsia ( safari )
[31/05/2020 18:27:58] Krisnik: 18:27 Parabéns! Seu pokemon box #1 resultou em a Geodude. :)
[31/05/2020 18:30:47] ADM Lord: galera, ultima vez que estou avisando.
[31/05/2020 18:31:03] ADM Lord: USEM O CHAT DO HEL APENAS PARA DUVIDAS. 
[31/05/2020 18:36:18] LadyKelsey: qual tecla Mapa?
[31/05/2020 18:38:10] Lord San: ctrl+shift+M
[31/05/2020 18:40:22] Bruno Legend: adm tem donat? oq tem pra compra
[31/05/2020 18:40:35] Krisnik: Como funciona o Sistema de Berries ? tem que comprar house?
[31/05/2020 18:41:33] ThyTTo: todos os moves sao vip ? (Fly, surf, cut, rock climb...)
[31/05/2020 18:43:57] Bruno Legend: adm tem donat? oq tem pra compra
[31/05/2020 18:52:08] Lord San: pra que serve esses ticket de pokebola?
[31/05/2020 18:52:54] LadyKelsey: pintar
[31/05/2020 18:54:10] Lord San: mas como usa?
[31/05/2020 18:54:29] LadyKelsey: vai em saffron silph corp 
[31/05/2020 18:56:14] Lord San: ok
[31/05/2020 19:02:40] Griand: para que sirve el aniversary tocken
[31/05/2020 19:03:35] LadyKelsey: troca por itens no cp
[31/05/2020 19:19:21] LadyKelsey: ADM/GM,  na pokedesk informa que menor level do zubat é 5-15, mas eles são nivel 3 inicial
[31/05/2020 19:20:17] Bruno Legend: aproveita e pega lv 3 :D
[31/05/2020 19:20:31] LadyKelsey: não curto golbat
[31/05/2020 19:20:53] Bruno Legend: hmm
[31/05/2020 19:24:21] Lottus: Pra que serve essas letras?
[31/05/2020 19:31:36] snorth: pelo amor de deus, alguem sabe como troca essas letras 
[31/05/2020 19:31:38] Lord San: tem como ver o rank aqui pelo jogo?
[31/05/2020 19:43:29] LadyKelsey: 19:42 Você vê a macho Shiny Oddish (Oddish) (nível 13). Saúde: [2081 / 2081].  se eu to na cidade como eu estou vendo, ou alguem esta vendo?
[31/05/2020 19:43:41] Bruno Legend: isso e o adm lady
[31/05/2020 19:43:48] LadyKelsey: hum
[31/05/2020 19:44:27] ADM Lord: Mais um vez, use o help para duvidas.
[31/05/2020 19:44:40] snorth: pelo amor de deus, alguem sabe como troca essas letras ?
[31/05/2020 19:44:52] Lottus: No TC
[31/05/2020 19:45:43] Bruno Legend: adm ja tem donate? se sim oq tem pra compra
[31/05/2020 19:46:13] ADM Lord: Sim Bruno.
[31/05/2020 19:46:20] ADM Lord: Estou vendo os itens.
[31/05/2020 19:46:28] Bruno Legend: ok.
[31/05/2020 19:47:13] LadyKelsey: adm tem missão Box ? a primeira seria em cerulean ?
[31/05/2020 19:47:56] ThyTTo: Ride, Fly, Surf...Todos os Moves são vip ?
[31/05/2020 19:49:23] ThyTTo: ADM PRECISO FALAR COM VOCE, TEM UM BUG AQUI
[31/05/2020 19:51:34] Krisnik: cv19:51 Gameworld type set to: PVP. hã?
[31/05/2020 20:10:53] snorth: como faz pra evoluir o pokemon?
[31/05/2020 20:11:06] Lottus: ctrl botão direito nele
[31/05/2020 20:11:20] Corel: pega lvl 35  clica com botao direito nele e tem a opção evoluir
[31/05/2020 20:11:42] Corel: no caso lvl 35 com o pokemon inicial 
[31/05/2020 20:13:40] Lottus: O que que é esse + que mostra na pokeball? Achei que era o numero de lvl upado desde que foi capturado, mas parece não ser isso
[31/05/2020 20:14:21] fallowin: nn
[31/05/2020 20:14:32] LadyDarkness: nao , e como se fosse o lvl que vai restar para upar caso nao tenha pego no lvl certo o pokmon
[31/05/2020 20:14:58] Bruno Legend: lottus e isso . mas o pokemon inicial vem forma egg q no caso e +9
[31/05/2020 20:15:32] Lottus: Valeu amores
[31/05/2020 20:15:33] LadyKelsey: os melhores pokemons depois dos eggs, é os pokemons "perfeitos"  ou seja o nivel inicial
[31/05/2020 20:17:11] Krisnik: qual a diferença do pokemon "perfeito" para o não perfeito ? pq eu fiz o teste e não vi nada de diferente..
[31/05/2020 20:17:30] Bruno Legend: pq o perfeito sempre vai termina com + "maior"
[31/05/2020 20:17:48] Negobranco: o meu ta +38... o que dizer? nao entendi
[31/05/2020 20:18:14] Bruno Legend: nego , o inicial e e gg / a vantagem do egg q ele vem 1+10 (como se ja fosse 9lv upado)
[31/05/2020 20:18:38] Bruno Legend: egg*
[31/05/2020 20:19:11] Negobranco: ta mas ta meio estranho... quanto maior o valor do '+', melhor?
[31/05/2020 20:19:17] Bruno Legend: sim
[31/05/2020 20:19:40] Bruno Legend: o + tecnicamente faz ficar mais forte..
[31/05/2020 20:21:13] Krisnik: Eu fiz o test com 1 pokemon "perfeito" e 1 não perfeito, exemplo 1 rattata lv 1 upado até o lv 10 e 1 rattata 10 lv capturado, e não vi diferença em nada..
[31/05/2020 20:21:56] Krisnik: Por isso questionei, pq não vi diferença de nada.
[31/05/2020 20:21:57] LadyKelsey: o level 10 tem menos saude e ataque do que o upado
[31/05/2020 20:22:15] Krisnik: tem não amigo, eu tirei print dos 2 e fui ver as imagens.. estavam iguais
[31/05/2020 20:22:16] LadyKelsey: a diferença pode ser mínima mas tem
[31/05/2020 20:22:35] Krisnik: eu sempre faço testes para ver se funciona mesmo. e pelo menos com esse n deu em nada.
[31/05/2020 20:23:42] Bruno Legend: vem de pm
[31/05/2020 20:28:09] Bruno Legend: adm vem privado
[31/05/2020 20:28:38] Bruno: shiny é capturavel ou é boiolagem d ser impossivel tb?
[31/05/2020 20:28:47] LadyKelsey: é capturável
[31/05/2020 20:29:27] LadyDarkness: aqui se for igual era antigamente e por brokens
[31/05/2020 20:32:12] Rodrigo: o fly e o teleport é só para vip ?
[31/05/2020 20:32:44] LadyDarkness: s
[31/05/2020 20:33:08] Lottus: puts kkj
[31/05/2020 20:36:01] Bruno Legend: vey ... dps de descobri q sistema de "perfect" n funfa broxei
[31/05/2020 20:36:14] Lottus: Não funciona mesmo? puts
[31/05/2020 20:36:20] Bruno Legend: nao
[31/05/2020 20:36:27] Lottus: ADM não vai arrumar?
[31/05/2020 20:36:29] LadyKelsey: tem que ver com o ADM
[31/05/2020 20:36:30] Bruno Legend: adm ciente e mesmo assim n arruma
[31/05/2020 20:36:36] Bruno: sabia, n tem diferenca 
[31/05/2020 20:36:43] Lottus: putskkj
[31/05/2020 20:36:55] Bruno Legend: isso aqui mereçe um reset e re abrir 
[31/05/2020 20:37:06] Bruno Legend: se n n tem futuro nem um se ele arruma daqui uns dias
[31/05/2020 20:37:06] Lottus: pra q, não vai arrumar mesmo KKKKKKKKKKK
[31/05/2020 20:39:13] Bruno Legend: foda q n sei se ele vai arruma pq perguntei falei se ele tava ciente ele disse s e kito
[31/05/2020 20:39:47] Lottus: nice
[31/05/2020 20:40:03] Bruno Legend: pareçe q ta cagando na mrl
[31/05/2020 20:40:11] Krisnik: pra variar.
[31/05/2020 20:40:34] Rodrigo: vai resetar esse sv ?
[31/05/2020 20:40:46] Bruno: resetar é besteira..
[31/05/2020 20:40:46] Lottus: ngm sabe, mas eu duvido
[31/05/2020 20:40:52] Corel: so Deus sabe
[31/05/2020 20:40:59] Bruno Legend: tbm duvido mt
[31/05/2020 20:41:02] Rodrigo: duvida que vai resetar ou que vai permancer ?
[31/05/2020 20:41:06] Krisnik: sei não em.
[31/05/2020 20:41:09] Bruno Legend: mas n vejo mt futuro se n reseta ;x
[31/05/2020 20:41:16] Lottus: Duvido que vá resetar
[31/05/2020 20:41:18] Rodrigo: pq resetar ?
[31/05/2020 20:41:25] Bruno: ¬¬ só por conta disso... pelamor
[31/05/2020 20:41:45] LadyKelsey: o "isso" faz muita diferença no jogo
[31/05/2020 20:41:53] Bruno Legend: só? isso e a "essencia" do jogo amigo
[31/05/2020 20:41:58] Lottus: Pois é
[31/05/2020 20:42:08] Rodrigo: entao nem compensa jogar aqui ?
[31/05/2020 20:42:11] Bruno: estabilidade do ping do server é boa, base é boa, só manter online e ir atualizando aos poucos oque der
[31/05/2020 20:42:13] Bruno Legend: e a diferença do forte do fraco / do cara persistente do preguiça
[31/05/2020 20:42:31] Bruno Legend: bruno , n discordo disso...
[31/05/2020 20:43:11] Lottus: A base é show, mas se nao arrumar bug assim nem tem pq jogar
[31/05/2020 20:43:11] Bruno Legend: mas como falei e a essencia do server . pq os + e oq muda os mais forte dos mais fraco
[31/05/2020 20:43:44] Rodrigo: entao nem compensa jogar aqui ?
[31/05/2020 20:43:51] Krisnik: para ser sincero
[31/05/2020 20:43:57] Lottus: Espera o ADM po, vai ver ele vai tentar arrumar
[31/05/2020 20:44:01] LadyKelsey: fora que os pokemons "perfect" influencia muito na economia do jogo
[31/05/2020 20:44:06] Bruno: compensa s vey
[31/05/2020 20:44:08] Krisnik: desanimei... com isso. e adm nem responde nem fala nada.
[31/05/2020 20:44:19] Lottus: Se pa ele deve ta off
[31/05/2020 20:44:33] Bruno Legend: e oq faz ser usavel um pokemon lv 100 vms da exemplo (uma butterfree) ela 100+99 poderia mata algum poke lv 100 mt mais "forte" q ela
[31/05/2020 20:44:33] LadyKelsey: mas só tem 1 adm?
[31/05/2020 20:44:41] Lottus: Eu só vi um até agora
[31/05/2020 20:44:43] Bruno Legend: n tem 1 tutor/helper/cm/gm ...
[31/05/2020 20:44:51] LadyDarkness: pfvr me passem as duvidas para que eu como helper possa levar ate o ADM
[31/05/2020 20:44:58] Lottus: Server abriu recentemente né... Deve ta sem staff
[31/05/2020 20:45:01] Rodrigo: pessoal voltou hoje, a equipe pode estar nesse momento conversando para ver como vai ser
[31/05/2020 20:45:18] Krisnik: mas cara, como o cara abre o servidor com o bug no sistema perfect? se é a essencia da base do game..
[31/05/2020 20:45:26] Bruno Legend: rodrigo mas o adm n deu 1 resposta vey ... ele cagou pra minha pregunta
[31/05/2020 20:45:40] Rodrigo: que sistema é esse ?
[31/05/2020 20:45:50] Krisnik: o sistema da base psoul.
[31/05/2020 20:45:59] Lottus: Isso ai é costume dele mesmo KKKKKK Eu falei um negocio que achei que era bug ele só mandou um "sim, é normal"
[31/05/2020 20:46:01] Krisnik: sistema perfect de lv e etc, que influencia nos status dos pokes.
[31/05/2020 20:46:05] Bruno Legend: assim . cada lv q upa no pokemon tu ganha + (esse + = + stats no pokemon )
[31/05/2020 20:46:19] LadyDarkness: pessoal alguem poderia me mandar um private e me explicar o q esta contecendo pfvr !  sou helper e passarei as duvidas para o GOD !!! 1 pessoa so me explica
[31/05/2020 20:47:05] Lottus: A gente só quer saber se ele pretende ver se consegue a arrumar os istema de perfect ou se vai deixar assim mesmo. Só isso ai.
[31/05/2020 20:47:38] Krisnik: se for deixar assim, eu kito agora msm e boa sorte.
[31/05/2020 20:47:41] Bruno Legend: lady , basicamente o sistema de lv + stats n funfa // e ele n deu pareçer sobre a resposta
[31/05/2020 20:48:20] Lottus: Acho dificil ele deixar assim e fodase. Ele vai tentar arrumar, tenho fé EPOAJAEOIHJAE
[31/05/2020 20:48:35] Krisnik: fé? kk eu não tenho isso ultimamente nos servidores.
[31/05/2020 20:48:40] Bruno: se ele n arrumar vai perder player pro pokewish, simples
[31/05/2020 20:48:44] LadyDarkness: e o seguinte , sistema de + ( funcionamentos , o que podemos dizer e o seguinte ) o sinal de + quando pegamos um pookemon imperfeito , seria para que possamos pegar lvl 100 (lembrando nao no +) 
[31/05/2020 20:48:45] Bruno Legend: sim
[31/05/2020 20:49:28] LadyDarkness: + seriam casao pegue um pokemon que e perfeito lvl 5 e vc pega ele lvl 10 , faltariam 5 lvls para poder upar ele no 100 
[31/05/2020 20:49:39] Bruno Legend: boiei
[31/05/2020 20:49:51] Rodrigo: praq esse aniversary token
[31/05/2020 20:49:56] Lottus: Pra trocar no TC
[31/05/2020 20:50:00] LadyDarkness: troca nos npc 
[31/05/2020 20:50:02] Krisnik: mas cara o wish ja abriu tudo certinho.. compara n kk
[31/05/2020 20:50:03] Rodrigo: pelo que ?
[31/05/2020 20:50:10] Bruno: isso q to falando
[31/05/2020 20:50:11] Lottus: Tem varios itens la
[31/05/2020 20:50:31] LadyDarkness: nao wish nao cumpriu com os pagamentos
[31/05/2020 20:50:43] Krisnik: como assim ?
[31/05/2020 20:50:57] Lottus: Gente to perdido, o sistema ta bugado? não ta? kd o adm ;c
[31/05/2020 20:51:03] LadyDarkness: o pokemon wish triam comprado o psoul , so que nao horram o pagamento
[31/05/2020 20:51:16] Bruno: oq aconteceu com psoul, foi o seguinte, o cara vendeu a base, e vendeu denovo depois, conheco uns 5 que tem essa base amigo. nao nada de pagamento n~ão
[31/05/2020 20:51:28] Krisnik: ne isso..
[31/05/2020 20:51:39] Krisnik: os mlk do wish são malas cara
[31/05/2020 20:51:40] LadyDarkness: sim sim , o wish e um deles que fail na missao
[31/05/2020 20:51:51] Bruno: e o wish ta redondo pra jogar
[31/05/2020 20:51:52] Krisnik: pegam sprint de skins e etc de outros games e etc e vendem simples.
[31/05/2020 20:52:03] Krisnik: tão ganhando 1 nota lá
[31/05/2020 20:52:07] Lottus: Do nada virou debate sobre wish KKKKKKKKKKKKK
[31/05/2020 20:52:22] Krisnik: ne isso kk, vamos voltar pra cá
[31/05/2020 20:52:23] Lottus: Só quero saber do sistema pra eu parar de perder tempo nos rattata
[31/05/2020 20:52:33] Bruno Legend: n faz isso lottus
[31/05/2020 20:52:40] Lottus: oq
[31/05/2020 20:52:50] Krisnik: ta perdendo tempo msm k
[31/05/2020 20:52:55] Lottus: EHAUIEAAH
[31/05/2020 20:53:10] Lottus: quero completar uma mission aki
[31/05/2020 20:53:12] Bruno Legend: e isso q me tira do serio ... todos pokes vao ficar iguais
[31/05/2020 20:53:17] Krisnik: faz o seguinte lottus pega 1 ratata lv 1 upa até o 10 e pega outro lv mais alto e upa até o 10 e veja se tem diferença..
[31/05/2020 20:53:33] Krisnik: Eu fiz e deu a mesma merda.. resumindo, cadê o perfecT?
[31/05/2020 20:54:42] Lottus: Enquanto o ADM não aparece ovo pedir minha pizza
[31/05/2020 20:55:02] Krisnik: vi 2 adm hoje mais cedo
[31/05/2020 20:55:13] Krisnik: so entraram, 1 minutos depois kitaram.
[31/05/2020 20:56:46] Lord San: qual foi a treta?
[31/05/2020 20:56:49] Bruno: vcs sabem q pra adm nao precisa estar "on" pra estar on ne? kkk ele pode estar on porem com char deslogado
[31/05/2020 20:57:25] Bruno: ele logado no modo off n pode receber pm, um motivo muito bom pra estar no modo off por sinal
[31/05/2020 20:58:42] Lottus: Triste mesmo é essa bag com 16 slots
[31/05/2020 20:59:30] Bruno Legend: 20:58 Gotcha! Você capturou um female Shiny Pidgeotto (nível 26).
[31/05/2020 20:59:39] Lottus: nice
[31/05/2020 21:00:03] Bruno Legend: s
[31/05/2020 21:00:28] Bruno: to tentano ver 1 shiny caterpie aki
[31/05/2020 21:01:38] Rodrigo: pessoal o adm ta aqui no cp
[31/05/2020 21:02:04] Lottus: nice tira a duvida ai e me atualiza rs
[31/05/2020 21:02:28] Rodrigo: eu nao sei qual o problema kajshdasf primeira vez jogando essa base eu
[31/05/2020 21:03:15] Rodrigo: bruno quanto de catching ae ?
[31/05/2020 21:03:29] Bruno Legend: 27
[31/05/2020 21:03:54] Nox Do Corre: infulencia esse catching?
[31/05/2020 21:04:07] Bruno: obviamente
[31/05/2020 21:04:19] Lottus: sera? KKKKKK o perfect tbm deveria
[31/05/2020 21:04:22] Bruno Legend: se for igual = 2,9% +
[31/05/2020 21:04:36] Bruno Legend: 2.7*
[31/05/2020 21:05:07] Rodrigo: mds eu comi o bolo asihasfasd
[31/05/2020 21:05:32] LadyDarkness: nem me deu um pedaço
[31/05/2020 21:05:51] Rodrigo: se eu soubesse que era para os poke teria dado para o poke akjsdhasfa
[31/05/2020 21:06:09] LadyKelsey: kkk
[31/05/2020 21:12:02] Rodrigo: pessoal o adm esta on, qual era o bug ?
[31/05/2020 21:12:07] (ADM)Pandemon: Boa Noite galera , aonde esta tendo bug ?
[31/05/2020 21:12:38] Lottus: O sistema de 'perfect' aparentemente não está funcionando.
[31/05/2020 21:14:47] Bruno Legend: pretendem arrumar?
[31/05/2020 21:18:16] Rodrigo: pq minha pesca esta bloqueada ? o que eu fiz
[31/05/2020 21:18:38] LadyKelsey: espera um tempo
[31/05/2020 21:20:28] Rodrigo: como ganhamos esses aniversary sei la o que
[31/05/2020 21:21:00] LadyKelsey: caçando
[31/05/2020 21:21:20] Lottus: Trocando letras por eles ou nas bag que aparece quando tu mata um poke
[31/05/2020 21:21:39] (ADM)Pandemon: sobre  O sistema de 'perfect iremos da uma olhada , ce tiver bugs relatem 
[31/05/2020 21:22:34] Bruno Legend: adm , sobre isso ... os pokes tao ganhando + mas n tem modificação no stats ... e era pra ter
[31/05/2020 21:23:05] Lottus: Mas é esse o sistema lol
[31/05/2020 21:23:42] (ADM)Pandemon: entao eu nao cuido dessa parte so tou anotando para eu ta passando para o lord , 
[31/05/2020 21:26:56] Rodrigo: compensa comprar a bike aqui ?
[31/05/2020 21:27:07] LadyKelsey: s
[31/05/2020 21:28:01] Bruno Legend: adm , oq a gnt so quer e uma resposta kk
[31/05/2020 21:28:21] LadyKelsey: ele ja deu, anotou e vai passar para o staff
[31/05/2020 21:28:29] LadyDarkness: ja passei tbm
[31/05/2020 21:28:53] LadyDarkness: ele disse q ira analisar isso
[31/05/2020 21:31:51] (ADM)Pandemon: Entao como eu disse a voces , tou apenas pegando e anotando os erros e bugs com vocês para ta passando para o igor , rlx galera obg mesmo pela ajuda de todos !
[31/05/2020 21:32:11] Lottus: relaxa amig sz
[31/05/2020 22:01:54] Bruno Legend: adm , axo q poderia aumentar regen life // diminuin somente um poco a spam poke wild
[31/05/2020 22:02:36] maylson: o que ta foda mesmo a catch
[31/05/2020 22:02:48] Bruno Legend: ta izi pai
[31/05/2020 22:02:50] Lottus: meu deus sim o spam de atk seria otimo diminuir
[31/05/2020 22:03:52] maylson: qual bola se usa ?
[31/05/2020 22:04:08] Lord San: gente entendam, pra capturar com facilidade tem q upar o catching ue
[31/05/2020 22:04:12] Bruno Legend: peguei shiny 1ub amigo
[31/05/2020 22:04:44] maylson: sim
[31/05/2020 22:05:11] maylson: eu gastei 500 bola normal pega glomm quem dice que peguei algum
[31/05/2020 22:06:29] maylson: tem algum quest primeira stone ??
[31/05/2020 22:06:38] Bruno Legend: n
[31/05/2020 22:07:43] Monumento Divino: bike e lenta mesmo?
[31/05/2020 22:07:46] Bruno Legend: +-
[31/05/2020 22:08:39] maylson: pensei que aqui tinha magia correr
[31/05/2020 22:13:01] Rodrigo: praq o big cake ?
[31/05/2020 22:14:28] Agrodarck: 22:13 Você vê Fuji's Lickitung.  pra que serve esse pokemons
[31/05/2020 22:14:53] Lottus: Ele é o Licktung do NPC Fuji
[31/05/2020 22:15:04] Lord San: alguem ja conseguiu usar anniversary tokens?
[31/05/2020 22:15:16] LadyKelsey: tem npc no cp mais 
[31/05/2020 22:15:24] maylson: cara ganhei suprese bag abrir veio uns letra e ums pergaminho pokebolas coloridas pra que server ? e tem como vende ?
[31/05/2020 22:15:24] Lottus: Eu nem tentei
[31/05/2020 22:15:34] LadyKelsey: ele troca por outfit tm paint ball
[31/05/2020 22:15:43] Lottus: As letra tu troca poke anniversary tokens no TC
[31/05/2020 22:16:04] Lord San: o que fala pra o npc?
[31/05/2020 22:16:13] LadyKelsey: hi opções
[31/05/2020 22:16:40] Rodrigo: o vigor {stamina} influencia no aumento do lvl do poke ?
[31/05/2020 22:17:49] LadyDarkness: sim tanto para pokemons quanto para o players
[31/05/2020 22:18:34] LadyDarkness: 2 horas de bonus (42:00 ao 40:00) passou disso exp reduzida
[31/05/2020 22:21:29] Rodrigo: o que é power yello ticket ?
[31/05/2020 22:22:07] LadyKelsey: pra pintar a pokebola
[31/05/2020 22:23:47] El zedon: a
[31/05/2020 22:25:49] El zedon: 5
[31/05/2020 22:28:39] Goenitz: Onde Encontro Oddish's?
[31/05/2020 22:28:57] maylson: ou
[31/05/2020 22:29:17] maylson: 31 anniversary tokens troca pelo que ?
[31/05/2020 22:29:25] Lottus: Entre Cerulean e Saffron. Lado direito de Cerulean. Norte de Cerulean.
[31/05/2020 22:30:51] maylson: 22:30 Murray Aaron: Você não tem letras suficientes.
[31/05/2020 22:31:30] Lottus: Vc ta tentando trocar letras por tokens? Só falar qual a letra e a quantidade lol
[31/05/2020 22:32:03] maylson: nao po
[31/05/2020 22:32:17] maylson: o npc falo troca aniversario token por presente
[31/05/2020 22:32:30] maylson: ai eu falo o presente ele nao troca fala que eu nao tenho letras
[31/05/2020 22:32:37] Lottus: fala então token, opções e acho que o nome do item
[31/05/2020 22:35:06] maylson: fire legendary paint ticket. serve para que isso ?
[31/05/2020 22:35:41] Lottus: Pintar a ball
[31/05/2020 22:36:41] maylson: como que pinta voce sabe amigo "gente desculpa fica perguntando pq primeira vez jogo nao conheco muito do jogo"
[31/05/2020 22:36:42] Bruno Legend: voltei oq perdi?
[31/05/2020 22:37:02] Lottus: Então, tambem não sei KKKK Acho que em um NPC em Saffron, mas não tenho certeza
[31/05/2020 22:37:12] Lottus: Vc perdeu meu amor por vc Bruno rs
[31/05/2020 22:37:31] Bruno Legend: saffron no sliph co pinta a bal
[31/05/2020 22:37:54] Bruno Legend: alguem pra upa cmg nas tangelas? privado
[31/05/2020 22:42:10] Goenitz: 22:41 Você vê purple vision paint ticket. pra que serve?
[31/05/2020 22:43:02] LadyKelsey: pintar ball
[31/05/2020 22:43:05] Lottus: Pra pintar a pokeball no NPC Sliph CO em Saffron
[31/05/2020 22:47:24] Rodrigo: 2hi
[31/05/2020 22:50:10] Goenitz: quanto mais fish os poke muda o utem q pega isca?
[31/05/2020 22:50:39] LadyKelsey: sim, mas tem que fazer as missoes das varas de pesca 
[31/05/2020 22:50:50] LadyKelsey: level 20 ja tem 1
[31/05/2020 22:57:00] Monumento Divino: pra que serve essas letras
[31/05/2020 22:58:44] Monumento Divino: ?
[31/05/2020 22:59:30] LadyKelsey: trocar por tokens
[31/05/2020 22:59:42] LadyKelsey: para trocar por TM outfit ou pinturas de balls
[31/05/2020 23:04:22] Lottus: surf tbm é vip?
[31/05/2020 23:23:42] Bruno Legend: adm pelo amor fala q tu ta ai
[31/05/2020 23:24:14] Bruno Legend: ta mt lixo vsf isso vey
[31/05/2020 23:24:26] Bruno Legend: magneton e electroda dando thundershock e derrubando a vida do meu graveler vey wtf
[31/05/2020 23:25:13] Goenitz: Cara pelo que eu sei eletrico não da dano em Earth nao Rock
[31/05/2020 23:25:27] Bruno Legend: meu graveler n sola 2 electrode 40 (ele ta 37)
[31/05/2020 23:25:42] Bruno Legend: ele n tanka 2 com pot de 500
[31/05/2020 23:25:55] Goenitz: Cubone/Marowak são os melhores pra caça eletrico
[31/05/2020 23:26:15] Bruno Legend: graveler toma 0.5
[31/05/2020 23:26:47] Bruno Legend: problema e a distribuição de dano 
[31/05/2020 23:29:06] ADM Lord: Voltei.
[31/05/2020 23:29:31] Krisnik: :)
[31/05/2020 23:29:41] Nox Do Corre: ^^
[01/06/2020 00:03:11] Rodrigo: só com house que pode plantar ?
[01/06/2020 00:07:00] Rodrigo: como troca letras por AT ?
[01/06/2020 00:07:25] Lottus: No TC
[01/06/2020 00:07:46] Rodrigo: sim, mas qual o comando ?
[01/06/2020 00:11:01] Rodrigo: qual a chance de dropar 1 leaf stone ?
[01/06/2020 00:11:37] Lorgon: 0,00001
[01/06/2020 00:11:48] Rodrigo: slkooo
[01/06/2020 00:13:54] Bruno Legend: quais pokes dropam leaf? antigamente era so os q usavam
[01/06/2020 00:31:13] Lorgon: sei la vai matando ate dropar
[01/06/2020 00:32:25] Lorgon: mata uns venusaur tangela victreebel ai e ver se dropa
[01/06/2020 00:46:34] Bruno Legend: kkk
[01/06/2020 00:46:45] Bruno Legend: matando nem poke low lv
[01/06/2020 00:49:58] Bruno Legend: pokemon lv 44 me dando 2 skill no graveler e ele morrendo cara wtf mano q lixoooo
[01/06/2020 00:52:44] Lord San: adm on?
[01/06/2020 00:54:17] [Help]Zathar: posso te ajudar?
[01/06/2020 00:54:49] Lord San: gostaria de saber como usar os totens
[01/06/2020 00:55:32] [Help]Zathar: tem um npc no tc q troca 
[01/06/2020 01:17:06] Lord San: pq a porra do meu pokemon so vive exausto, e n solta os pokemons
[01/06/2020 01:18:17] [Help]Zathar: alimento
[01/06/2020 01:18:35] [Help]Zathar: cada comida aumenta uma serta quantidade
[01/06/2020 01:19:07] Bloodhouunt: com uso autoloot?
[01/06/2020 01:19:16] [Help]Zathar: ja esta embutido
[01/06/2020 01:19:26] [Help]Zathar: q pega o loot
[01/06/2020 01:19:37] [Help]Zathar: so clicar no poke morto
[01/06/2020 01:19:49] Lottus: Vc pode desativar e ativar oa autiloot usando ctrl + botão direito no seu char, btw
[01/06/2020 02:39:32] Lottus: Alguem?
[01/06/2020 02:39:43] Bloodhouunt: oi
[01/06/2020 02:40:57] Rodrigo Albuquerque: eu
[01/06/2020 02:42:02] Bruno Legend: ola
[01/06/2020 02:42:12] Lottus: Como que da suf?
[01/06/2020 02:42:18] Bruno Legend: 02:41 Você gastou 11 great balls tentando capturar Aron. tomara q  n demore
[01/06/2020 02:43:06] Lottus: Como da surf?*
[01/06/2020 02:43:35] Bruno Legend: n pode da surf com battle.
[01/06/2020 02:44:08] Lottus: Mas é só ir na agua? Tem que dar ordem, como é? Faz trezentos anos que nao uso surf KKKKKKKKKKKKKKK
[01/06/2020 02:44:37] Bruno Legend: move
[01/06/2020 02:45:31] Rodrigo Albuquerque: lol
[01/06/2020 02:50:58] Rodrigo Albuquerque: como os pokemons evoluem? 
[01/06/2020 02:51:09] Bruno Legend: lvl
[01/06/2020 02:51:14] Lottus: ctrl + botão direito no pokemon e clica em envolve
[01/06/2020 02:51:24] Rodrigo Albuquerque: entendi vlw
[01/06/2020 08:54:41] suloko: 9+-*/567132.
[01/06/2020 09:09:14] snorth: suloko> cuidado com o help aberto
[04/08/2020 19:52:36] GALL ZERA: [
