[UNKNOWN_TIME] Tournament: The Pro tournament cannot be started due to lack of inscriptions!
[UNKNOWN_TIME] Tournament: The Starter tournament cannot be started due to lack of inscriptions!
[UNKNOWN_TIME] Tournament: The Pro tournament cannot be started due to lack of inscriptions!
[UNKNOWN_TIME] Tournament: The Starter tournament cannot be started due to lack of inscriptions!
[UNKNOWN_TIME] Tournament: The Pro tournament cannot be started due to lack of inscriptions!
[UNKNOWN_TIME] Tournament: The Starter tournament cannot be started due to lack of inscriptions!
[UNKNOWN_TIME] Tournament: The Pro tournament cannot be started due to lack of inscriptions!
[UNKNOWN_TIME] Tournament: The Starter tournament cannot be started due to lack of inscriptions!
[UNKNOWN_TIME] Tournament: The Pro tournament cannot be started due to lack of inscriptions!
[UNKNOWN_TIME] Tournament: The Starter tournament cannot be started due to lack of inscriptions!
[UNKNOWN_TIME] Tournament: The Pro tournament cannot be started due to lack of inscriptions!
[UNKNOWN_TIME] Tournament: The Starter tournament cannot be started due to lack of inscriptions!
[UNKNOWN_TIME] Tournament: The Pro tournament cannot be started due to lack of inscriptions!
[UNKNOWN_TIME] Tournament: The Starter tournament cannot be started due to lack of inscriptions!
[UNKNOWN_TIME] Tournament: The Titan tournament cannot be started due to lack of inscriptions!
[UNKNOWN_TIME] Tournament: The Titan tournament cannot be started due to lack of inscriptions!
[UNKNOWN_TIME] Tournament: The Pro tournament cannot be started due to lack of inscriptions!
[UNKNOWN_TIME] Tournament: The Starter tournament cannot be started due to lack of inscriptions!
[UNKNOWN_TIME] Tournament: The Titan tournament cannot be started due to lack of inscriptions!
[UNKNOWN_TIME] Tournament: The Pro tournament cannot be started due to lack of inscriptions!
[UNKNOWN_TIME] Tournament: The Starter tournament cannot be started due to lack of inscriptions!
[UNKNOWN_TIME] Tournament: The Titan tournament cannot be started due to lack of inscriptions!
[UNKNOWN_TIME] Tournament: The Pro tournament cannot be started due to lack of inscriptions!
[UNKNOWN_TIME] Tournament: The Starter tournament cannot be started due to lack of inscriptions!
[UNKNOWN_TIME] Tournament: The Titan tournament cannot be started due to lack of inscriptions!
[UNKNOWN_TIME] Tournament: The Pro tournament cannot be started due to lack of inscriptions!
[UNKNOWN_TIME] Tournament: The Starter tournament cannot be started due to lack of inscriptions!
[UNKNOWN_TIME] Tournament: The Titan tournament cannot be started due to lack of inscriptions!
[UNKNOWN_TIME] Tournament: The Pro tournament cannot be started due to lack of inscriptions!
[UNKNOWN_TIME] Tournament: The Starter tournament cannot be started due to lack of inscriptions!
[UNKNOWN_TIME] Tournament: The Titan tournament cannot be started due to lack of inscriptions!
[UNKNOWN_TIME] Tournament: The Pro tournament cannot be started due to lack of inscriptions!
[UNKNOWN_TIME] Tournament: The Starter tournament cannot be started due to lack of inscriptions!
[UNKNOWN_TIME] Tournament: The Titan tournament cannot be started due to lack of inscriptions!
[UNKNOWN_TIME] Tournament: The Pro tournament cannot be started due to lack of inscriptions!
[UNKNOWN_TIME] Tournament: The Starter tournament cannot be started due to lack of inscriptions!
[UNKNOWN_TIME] Tournament: The Epic tournament cannot be started due to lack of inscriptions!
[UNKNOWN_TIME] Tournament: The Titan tournament cannot be started due to lack of inscriptions!
[UNKNOWN_TIME] Tournament: The Pro tournament cannot be started due to lack of inscriptions!
[UNKNOWN_TIME] Tournament: The Starter tournament cannot be started due to lack of inscriptions!
[UNKNOWN_TIME] Tournament: The Epic tournament cannot be started due to lack of inscriptions!
[UNKNOWN_TIME] Tournament: The Titan tournament cannot be started due to lack of inscriptions!
[UNKNOWN_TIME] Tournament: The Pro tournament cannot be started due to lack of inscriptions!
[UNKNOWN_TIME] Tournament: The Starter tournament cannot be started due to lack of inscriptions!
[UNKNOWN_TIME] Tournament: The Epic tournament cannot be started due to lack of inscriptions!
[UNKNOWN_TIME] Tournament: The Titan tournament cannot be started due to lack of inscriptions!
[UNKNOWN_TIME] Tournament: The Pro tournament cannot be started due to lack of inscriptions!
[UNKNOWN_TIME] Tournament: The Starter tournament cannot be started due to lack of inscriptions!
[UNKNOWN_TIME] Tournament: The Epic tournament cannot be started due to lack of inscriptions!
[UNKNOWN_TIME] Tournament: The Epic tournament cannot be started due to lack of inscriptions!
[UNKNOWN_TIME] Tournament: The Titan tournament cannot be started due to lack of inscriptions!
[UNKNOWN_TIME] Tournament: The Pro tournament cannot be started due to lack of inscriptions!
[UNKNOWN_TIME] Tournament: The Starter tournament cannot be started due to lack of inscriptions!
[UNKNOWN_TIME] Tournament: The Epic tournament cannot be started due to lack of inscriptions!
[UNKNOWN_TIME] Tournament: The Titan tournament cannot be started due to lack of inscriptions!
[UNKNOWN_TIME] Tournament: The Pro tournament cannot be started due to lack of inscriptions!
[UNKNOWN_TIME] Tournament: The Starter tournament cannot be started due to lack of inscriptions!
[UNKNOWN_TIME] Tournament: The Epic tournament cannot be started due to lack of inscriptions!
[UNKNOWN_TIME] Tournament: The Titan tournament cannot be started due to lack of inscriptions!
[UNKNOWN_TIME] Tournament: The Pro tournament cannot be started due to lack of inscriptions!
[UNKNOWN_TIME] Tournament: The Starter tournament cannot be started due to lack of inscriptions!
[UNKNOWN_TIME] Tournament: The Epic tournament cannot be started due to lack of inscriptions!
[UNKNOWN_TIME] Tournament: The Epic 1 tournament cannot be started due to lack of inscriptions!
[UNKNOWN_TIME] Tournament: The Epic 2 tournament cannot be started due to lack of inscriptions!
[UNKNOWN_TIME] Tournament: The Epic 3 tournament cannot be started due to lack of inscriptions!
[UNKNOWN_TIME] Tournament: The Mastery tournament cannot be started due to lack of inscriptions!
[UNKNOWN_TIME] Tournament: The Epic 1 tournament cannot be started due to lack of inscriptions!
[UNKNOWN_TIME] Tournament: The Epic 2 tournament cannot be started due to lack of inscriptions!
[UNKNOWN_TIME] Tournament: The Epic 3 tournament cannot be started due to lack of inscriptions!
[UNKNOWN_TIME] Tournament: The Mastery tournament cannot be started due to lack of inscriptions!
[UNKNOWN_TIME] Tournament: The Epic 1 tournament cannot be started due to lack of inscriptions!
[UNKNOWN_TIME] Tournament: The Epic 2 tournament cannot be started due to lack of inscriptions!
[UNKNOWN_TIME] Tournament: The Epic 3 tournament cannot be started due to lack of inscriptions!
[UNKNOWN_TIME] Tournament: The Mastery tournament cannot be started due to lack of inscriptions!
[UNKNOWN_TIME] Tournament: The Epic 1 tournament cannot be started due to lack of inscriptions!
[UNKNOWN_TIME] Tournament: The Epic 2 tournament cannot be started due to lack of inscriptions!
[UNKNOWN_TIME] Tournament: The Epic 3 tournament cannot be started due to lack of inscriptions!
[UNKNOWN_TIME] Tournament: The Mastery tournament cannot be started due to lack of inscriptions!
[UNKNOWN_TIME] Tournament: The Epic 1 tournament cannot be started due to lack of inscriptions!
[UNKNOWN_TIME] Tournament: The Mastery tournament cannot be started due to lack of inscriptions!
[UNKNOWN_TIME] Tournament: The Epic 2 tournament cannot be started due to lack of inscriptions!
[UNKNOWN_TIME] Tournament: The Epic 3 tournament cannot be started due to lack of inscriptions!
[UNKNOWN_TIME] Tournament: The Starter tournament cannot be started due to lack of inscriptions!
[UNKNOWN_TIME] Tournament: The Pro tournament cannot be started due to lack of inscriptions!
[UNKNOWN_TIME] Tournament: The Titan tournament cannot be started due to lack of inscriptions!
[UNKNOWN_TIME] Tournament: The Epic tournament cannot be started due to lack of inscriptions!
[UNKNOWN_TIME] Tournament: The Starter tournament cannot be started due to lack of inscriptions!
[UNKNOWN_TIME] Tournament: The Starter tournament cannot be started due to lack of inscriptions!
[UNKNOWN_TIME] Tournament: The Starter tournament cannot be started due to lack of inscriptions!
[UNKNOWN_TIME] Tournament: The Starter tournament cannot be started due to lack of inscriptions!
[UNKNOWN_TIME] Tournament: The Starter tournament cannot be started due to lack of inscriptions!
[UNKNOWN_TIME] Tournament: The Starter tournament cannot be started due to lack of inscriptions!
[UNKNOWN_TIME] Tournament: The Starter tournament cannot be started due to lack of inscriptions!
[UNKNOWN_TIME] Tournament: The Pro tournament cannot be started due to lack of inscriptions!
[UNKNOWN_TIME] Tournament: The Pro tournament cannot be started due to lack of inscriptions!
[UNKNOWN_TIME] Tournament: The Starter tournament cannot be started due to lack of inscriptions!
[UNKNOWN_TIME] Tournament: The Titan tournament cannot be started due to lack of inscriptions!
[UNKNOWN_TIME] Tournament: The Epic tournament cannot be started due to lack of inscriptions!
[UNKNOWN_TIME] Tournament: The Pro tournament cannot be started due to lack of inscriptions!
[UNKNOWN_TIME] Tournament: The Starter tournament cannot be started due to lack of inscriptions!
[UNKNOWN_TIME] Tournament: The Titan tournament cannot be started due to lack of inscriptions!
