[Print][Tue Aug 04 15:50:55 2020]: >> Cleaning players online status...    

[Print][Tue Aug 04 15:50:56 2020]: > Done in 0.47 seconds    

[Print][Tue Aug 04 15:50:56 2020]: >> Loading PvP Arenas...    

[Print][Tue Aug 04 15:50:56 2020]: > Done in 0.00 seconds    

[Print][Tue Aug 04 15:50:56 2020]: >> Loading Caught Highscores...    

[Print][Tue Aug 04 15:50:56 2020]: > Done in 0.01 seconds    

[Print][Tue Aug 04 15:50:56 2020]: >> Loading Tournament Highscores...    

[Print][Tue Aug 04 15:50:56 2020]: > Done in 0.00 seconds    

[Print][Tue Aug 04 15:50:56 2020]: >> Loading Berry Trees...    

[Print][Tue Aug 04 15:50:56 2020]: > Done in 0.00 seconds    

[Print][Tue Aug 04 15:50:56 2020]: >> Cleaning Mastery Dungeons...    

[Print][Tue Aug 04 15:50:56 2020]: > Done in 0.00 seconds    

[Print][Tue Aug 04 15:50:56 2020]: >> Loading Bosses...    

[Print][Tue Aug 04 15:50:56 2020]: >> Scheduled Boss Spawn: Toby in 3 days, 7 hours, 32 minutes and 48 seconds    

[Print][Tue Aug 04 15:50:56 2020]: > Done in 0.00 seconds    

[Print][Tue Aug 04 15:50:56 2020]: >> Loading Highscores...    

[Print][Tue Aug 04 15:50:56 2020]: > Done in 0.00 seconds    

[Print][Tue Aug 04 15:50:56 2020]: >> Loading Ball Pillars...    

[Print][Tue Aug 04 15:50:56 2020]: > Done in 0.02 seconds    

[Print][Tue Aug 04 15:50:56 2020]: >> Loading Citizens...    

[Print][Tue Aug 04 15:50:56 2020]: > Done in 0.31 seconds    

[Print][Tue Aug 04 15:50:56 2020]: >> Loading SupriseBox...    

[Print][Tue Aug 04 15:50:56 2020]: > Done in 0.01 seconds    

[Print][Tue Aug 04 15:50:56 2020]: >> Loading Ranks...    

[Print][Tue Aug 04 15:50:56 2020]: > Done in 0.00 seconds    

[Print][Tue Aug 04 15:50:56 2020]: >> All done on Tue Aug 04 15:50:56 2020    

[Print][Tue Aug 04 16:48:00 2020]: >> Cleaning players online status...    

[Print][Tue Aug 04 16:48:00 2020]: > Done in 0.03 seconds    

[Print][Tue Aug 04 16:48:00 2020]: >> Loading PvP Arenas...    

[Print][Tue Aug 04 16:48:00 2020]: > Done in 0.00 seconds    

[Print][Tue Aug 04 16:48:00 2020]: >> Loading Caught Highscores...    

[Print][Tue Aug 04 16:48:00 2020]: > Done in 0.01 seconds    

[Print][Tue Aug 04 16:48:00 2020]: >> Loading Tournament Highscores...    

[Print][Tue Aug 04 16:48:00 2020]: > Done in 0.00 seconds    

[Print][Tue Aug 04 16:48:00 2020]: >> Loading Berry Trees...    

[Print][Tue Aug 04 16:48:00 2020]: > Done in 0.00 seconds    

[Print][Tue Aug 04 16:48:00 2020]: >> Cleaning Mastery Dungeons...    

[Print][Tue Aug 04 16:48:00 2020]: > Done in 0.00 seconds    

[Print][Tue Aug 04 16:48:00 2020]: >> Loading Bosses...    

[Print][Tue Aug 04 16:48:00 2020]: >> Scheduled Boss Spawn: Flesh'n Fire in 3 days, 7 hours, 28 minutes and 21 seconds    

[Print][Tue Aug 04 16:48:00 2020]: > Done in 0.00 seconds    

[Print][Tue Aug 04 16:48:00 2020]: >> Loading Highscores...    

[Print][Tue Aug 04 16:48:00 2020]: > Done in 0.00 seconds    

[Print][Tue Aug 04 16:48:00 2020]: >> Loading Ball Pillars...    

[Print][Tue Aug 04 16:48:00 2020]: > Done in 0.00 seconds    

[Print][Tue Aug 04 16:48:00 2020]: >> Loading Citizens...    

[Print][Tue Aug 04 16:48:00 2020]: > Done in 0.27 seconds    

[Print][Tue Aug 04 16:48:00 2020]: >> Loading SupriseBox...    

[Print][Tue Aug 04 16:48:00 2020]: > Done in 0.02 seconds    

[Print][Tue Aug 04 16:48:00 2020]: >> Loading Ranks...    

[Print][Tue Aug 04 16:48:01 2020]: > Done in 0.00 seconds    

[Print][Tue Aug 04 16:48:01 2020]: >> All done on Tue Aug 04 16:48:01 2020    

[Print][Tue Aug 04 17:19:11 2020]: >> Cleaning players online status...    

[Print][Tue Aug 04 17:19:11 2020]: > Done in 0.00 seconds    

[Print][Tue Aug 04 17:19:11 2020]: >> Loading PvP Arenas...    

[Print][Tue Aug 04 17:19:11 2020]: > Done in 0.00 seconds    

[Print][Tue Aug 04 17:19:11 2020]: >> Loading Caught Highscores...    

[Print][Tue Aug 04 17:19:11 2020]: > Done in 0.00 seconds    

[Print][Tue Aug 04 17:19:11 2020]: >> Loading Tournament Highscores...    

[Print][Tue Aug 04 17:19:11 2020]: > Done in 0.00 seconds    

[Print][Tue Aug 04 17:19:11 2020]: >> Loading Berry Trees...    

[Print][Tue Aug 04 17:19:11 2020]: > Done in 0.00 seconds    

[Print][Tue Aug 04 17:19:11 2020]: >> Cleaning Mastery Dungeons...    

[Print][Tue Aug 04 17:19:11 2020]: > Done in 0.00 seconds    

[Print][Tue Aug 04 17:19:11 2020]: >> Loading Bosses...    

[Print][Tue Aug 04 17:19:11 2020]: >> Scheduled Boss Spawn: Twisted Blades in 3 days, 10 hours, 38 minutes and 9 seconds    

[Print][Tue Aug 04 17:19:11 2020]: > Done in 0.00 seconds    

[Print][Tue Aug 04 17:19:11 2020]: >> Loading Highscores...    

[Print][Tue Aug 04 17:19:11 2020]: > Done in 0.00 seconds    

[Print][Tue Aug 04 17:19:11 2020]: >> Loading Ball Pillars...    

[Print][Tue Aug 04 17:19:11 2020]: > Done in 0.00 seconds    

[Print][Tue Aug 04 17:19:11 2020]: >> Loading Citizens...    

[Print][Tue Aug 04 17:19:11 2020]: > Done in 0.28 seconds    

[Print][Tue Aug 04 17:19:11 2020]: >> Loading SupriseBox...    

[Print][Tue Aug 04 17:19:11 2020]: > Done in 0.01 seconds    

[Print][Tue Aug 04 17:19:11 2020]: >> Loading Ranks...    

[Print][Tue Aug 04 17:19:11 2020]: > Done in 0.00 seconds    

[Print][Tue Aug 04 17:19:11 2020]: >> All done on Tue Aug 04 17:19:11 2020    

[Print][Tue Aug 04 19:46:58 2020]: >> Cleaning players online status...    

[Print][Tue Aug 04 19:46:59 2020]: > Done in 0.54 seconds    

[Print][Tue Aug 04 19:46:59 2020]: >> Loading PvP Arenas...    

[Print][Tue Aug 04 19:46:59 2020]: > Done in 0.00 seconds    

[Print][Tue Aug 04 19:46:59 2020]: >> Loading Caught Highscores...    

[Print][Tue Aug 04 19:46:59 2020]: > Done in 0.02 seconds    

[Print][Tue Aug 04 19:46:59 2020]: >> Loading Tournament Highscores...    

[Print][Tue Aug 04 19:46:59 2020]: > Done in 0.01 seconds    

[Print][Tue Aug 04 19:46:59 2020]: >> Loading Berry Trees...    

[Print][Tue Aug 04 19:46:59 2020]: > Done in 0.01 seconds    

[Print][Tue Aug 04 19:46:59 2020]: >> Cleaning Mastery Dungeons...    

[Print][Tue Aug 04 19:46:59 2020]: > Done in 0.00 seconds    

[Print][Tue Aug 04 19:46:59 2020]: >> Loading Bosses...    

[Print][Tue Aug 04 19:46:59 2020]: >> Scheduled Boss Spawn: The Turbo in 3 days, 8 hours, 46 minutes and 39 seconds    

[Print][Tue Aug 04 19:46:59 2020]: > Done in 0.02 seconds    

[Print][Tue Aug 04 19:46:59 2020]: >> Loading Highscores...    

[Print][Tue Aug 04 19:46:59 2020]: > Done in 0.00 seconds    

[Print][Tue Aug 04 19:46:59 2020]: >> Loading Ball Pillars...    

[Print][Tue Aug 04 19:46:59 2020]: > Done in 0.02 seconds    

[Print][Tue Aug 04 19:46:59 2020]: >> Loading Citizens...    

[Print][Tue Aug 04 19:47:00 2020]: > Done in 0.31 seconds    

[Print][Tue Aug 04 19:47:00 2020]: >> Loading SupriseBox...    

[Print][Tue Aug 04 19:47:00 2020]: > Done in 0.01 seconds    

[Print][Tue Aug 04 19:47:00 2020]: >> Loading Ranks...    

[Print][Tue Aug 04 19:47:00 2020]: > Done in 0.00 seconds    

[Print][Tue Aug 04 19:47:00 2020]: >> All done on Tue Aug 04 19:47:00 2020    

