*****************************************************
Error report - Sun May 31 08:19:45 2020

Compiler Info - GNU C++ version 3.4.5 (mingw special)
Compilation Date - Oct  6 2017 14:15:25

Memory load: 44
Total phys: 6290996 K available phys: 3469308 K
Start time: 31-5-2020  4:2:36
Kernel time: 0:0:8.406
User time: 0:0:55.625
Threads: 3

Exception: 0xc0000005 at eip = 0x32980650
eax = 0xc877d470 -> 0x32980650
ebx = 0x2dadb54 -> 0xb0ea48
ecx = 0x2dadb0c -> 0x2c9c4708
edx = 0xc877d478 -> 0x3e3
esi = 0x401280 -> 0x83e58955
edi = 0x401280 -> 0x83e58955
ebp = 0xd3f938 -> 0xd3fa48
esp = 0xd3f91c -> 0x980c08
efl = 0x10282

---Stack Trace---
From: 0xd3f91c to: 0xd40000
0xd3f91c | 0x980c08 -> 0x347b83
0xd3f920 | 0xc877d470 -> 0x32980650
0xd3f924 | 0xc877d478 -> 0x3e3
0xd3f928 | 0x9e
0xd3f92c | 0x32d000 -> 0
0xd3f930 | 0x401280 -> 0x83e58955
0xd3f934 | 0x32d000 -> 0
0xd3f938 | 0xd3fa48 -> 0xd3fb58 \\\\\\ stack frame //////
0xd3f93c | 0x9a0d67 -> 0xff2885ff <-- ret
0xd3f940 | 0x2dadb54 -> 0xb0ea48
0xd3f944 | 0
0xd3f948 | 0xd3f9c4 -> 0
0xd3f94c | 0xd3f9c8 -> 0x23272ab8
0xd3f950 | 0x1f4
0xd3f954 | 0x748253e8 -> 0x7475d930
0xd3f958 | 0x2da0000 -> 0xaf1e08c6
0xd3f95c | 0x2da0284 -> 0xfffffffc
0xd3f960 | 0x13
0xd3f964 | 0x74825ce8 -> 0x1
0xd3f968 | 0
0xd3f96c | 0x2dadb0c -> 0x2c9c4708
0xd3f970 | 0
0xd3f974 | 0x2dadb00 -> 0x2dadbb8
0xd3f978 | 0
0xd3f97c | 0x1
0xd3f980 | 0x4
0xd3f984 | 0x1f4
0xd3f988 | 0x1000000
0xd3f98c | 0x7ac
0xd3f990 | 0xd3fab0 -> 0
0xd3f994 | 0x1000000
0xd3f998 | 0x2dadab8 -> 0xb0eb68
0xd3f99c | 0x1
0xd3f9a0 | 0
0xd3f9a4 | 0
0xd3f9a8 | 0x2000002
0xd3f9ac | 0x4
0xd3f9b0 | 0
0xd3f9b4 | 0xb24500 -> 0xb0df88
0xd3f9b8 | 0x4
0xd3f9bc | 0x4
0xd3f9c0 | 0x9e
0xd3f9c4 | 0
0xd3f9c8 | 0x23272ab8 -> 0
0xd3f9cc | 0xd3fabc -> 0xd3fbbc
0xd3f9d0 | 0x3
0xd3f9d4 | 0x401280 -> 0x83e58955
0xd3f9d8 | 0xd3f9e8 -> 0xab6998
0xd3f9dc | 0x9b19a6 -> 0xc908ec83
0xd3f9e0 | 0x8
0xd3f9e4 | 0x910e5c -> 0x8de58955
0xd3f9e8 | 0xab6998 -> 0x11500ff
0xd3f9ec | 0xd3fa30 -> 0xd3f9f0
0xd3f9f0 | 0x9a1085 -> 0x8b186d8d
0xd3f9f4 | 0xd3f940 -> 0x2dadb54
0xd3f9f8 | 0x401280 -> 0x83e58955
0xd3f9fc | 0x2daec80 -> 0x2daecb0
0xd3fa00 | 0x2dadab8 -> 0xb0eb68
0xd3fa04 | 0xd3fb30 -> 0x2dadab8
0xd3fa08 | 0xd3fabc -> 0xd3fbbc
0xd3fa0c | 0x1
0xd3fa10 | 0x2dadae4 -> 0xe220e0
0xd3fa14 | 0xffffff01
0xd3fa18 | 0xffffffff
0xd3fa1c | 0x7fffffff -> 0
0xd3fa20 | 0x2dadae4 -> 0xe220e0
0xd3fa24 | 0xab6a01 -> 0x50004
0xd3fa28 | 0xd3fa3c -> 0x32d000
0xd3fa2c | 0x97b041 -> 0x8b0c6d8d
0xd3fa30 | 0xd3f9f0 -> 0x9a1085
0xd3fa34 | 0
0xd3fa38 | 0
0xd3fa3c | 0x32d000 -> 0
0xd3fa40 | 0x401280 -> 0x83e58955
0xd3fa44 | 0x401280 -> 0x83e58955
0xd3fa48 | 0xd3fb58 -> 0xd3fc58 \\\\\\ stack frame //////
0xd3fa4c | 0x9728c3 -> 0xbb75c085 <-- ret
0xd3fa50 | 0x2dadab8 -> 0xb0eb68
0xd3fa54 | 0x1
0xd3fa58 | 0xd3fab0 -> 0
0xd3fa5c | 0x32d000 -> 0
0xd3fa60 | 0xd3fba8 -> 0x11
0xd3fa64 | 0xb1f210 -> 0x80000000
0xd3fa68 | 0x188
0xd3fa6c | 0xf760b5a8
0xd3fa70 | 0xffffffff
0xd3fa74 | 0x7fffffff -> 0
0xd3fa78 | 0xd3fef4 -> 0xd3ffcc
0xd3fa7c | 0x7494d260 -> 0x8b55ff8b
0xd3fa80 | 0x837a3b44 -> 0x83e23890
0xd3fa84 | 0xfffffffe
0xd3fa88 | 0x74937834 -> 0x8758bc3
0xd3fa8c | 0x32d000 -> 0
0xd3fa90 | 0x2da07f8 -> 0xffffffff
0xd3fa94 | 0xd3facc -> 0
0xd3fa98 | 0x14871 -> 0
0xd3fa9c | 0x7493a84c -> 0x87d8bc3
0xd3faa0 | 0x2dadab8 -> 0xb0eb68
0xd3faa4 | 0x1
0xd3faa8 | 0x1
0xd3faac | 0x2da07f8 -> 0xffffffff
0xd3fab0 | 0
0xd3fab4 | 0xb24500 -> 0xb0df88
0xd3fab8 | 0x7493a84c -> 0x87d8bc3
0xd3fabc | 0xd3fbbc -> 0xd3fe1c
0xd3fac0 | 0x8
0xd3fac4 | 0x1
0xd3fac8 | 0x1
0xd3facc | 0
0xd3fad0 | 0xd3fabc -> 0xd3fbbc
0xd3fad4 | 0x910e5c -> 0x8de58955
0xd3fad8 | 0xab6974 -> 0x11d00ff
0xd3fadc | 0xd3fb40 -> 0xd3fb4c
0xd3fae0 | 0x972cf6 -> 0x8b186d8d
0xd3fae4 | 0xd3fa50 -> 0x2dadab8
0xd3fae8 | 0x7493d8c5 -> 0x34e8c359
0xd3faec | 0x1
0xd3faf0 | 0x7493d8f0 -> 0xccccccc3
0xd3faf4 | 0xf73042bc
0xd3faf8 | 0x1
0xd3fafc | 0x749a1020 -> 0
0xd3fb00 | 0
0xd3fb04 | 0xe
0xd3fb08 | 0x24
0xd3fb0c | 0x1
0xd3fb10 | 0xd3faf4 -> 0xf73042bc
0xd3fb14 | 0xd3faf8 -> 0x1
0xd3fb18 | 0xd3fb78 -> 0xd3fef4
0xd3fb1c | 0x7494d260 -> 0x8b55ff8b
0xd3fb20 | 0x749a1020 -> 0
0xd3fb24 | 0xa
0xd3fb28 | 0xa
0xd3fb2c | 0x7496340c -> 0x8b0cc483
0xd3fb30 | 0x2dadab8 -> 0xb0eb68
0xd3fb34 | 0
0xd3fb38 | 0x749575c5 -> 0xccccc35d
0xd3fb3c | 0x749a3894 -> 0x749a13c0
0xd3fb40 | 0xd3fb4c -> 0x32d000
0xd3fb44 | 0x74958eb5 -> 0x83c35d59
0xd3fb48 | 0x11
0xd3fb4c | 0x32d000 -> 0
0xd3fb50 | 0x401280 -> 0x83e58955
0xd3fb54 | 0x401280 -> 0x83e58955
0xd3fb58 | 0xd3fc58 -> 0xd3ff38 \\\\\\ stack frame //////
0xd3fb5c | 0x7b190f -> 0xff60958b <-- ret
0xd3fb60 | 0xd3fea4 -> 0x24
0xd3fb64 | 0x401280 -> 0x83e58955
0xd3fb68 | 0xa
0xd3fb6c | 0xa
0xd3fb70 | 0xd3fb5c -> 0x7b190f
0xd3fb74 | 0x401280 -> 0x83e58955
0xd3fb78 | 0xd3fef4 -> 0xd3ffcc
0xd3fb7c | 0x7494d260 -> 0x8b55ff8b
0xd3fb80 | 0
0xd3fb84 | 0x749a1020 -> 0
0xd3fb88 | 0x32d000 -> 0
0xd3fb8c | 0x749a1000 -> 0x749a5d80
0xd3fb90 | 0xd3fba0 -> 0xd3fbac
0xd3fb94 | 0xd3fba0 -> 0xd3fbac
0xd3fb98 | 0x749575c5 -> 0xccccc35d
0xd3fb9c | 0x749a3894 -> 0x749a13c0
0xd3fba0 | 0xd3fbac -> 0xd3fbe8
0xd3fba4 | 0x74958eb5 -> 0x83c35d59
0xd3fba8 | 0x11
0xd3fbac | 0xd3fbe8 -> 0xd3fc58
0xd3fbb0 | 0x74963553 -> 0xccccc359
0xd3fbb4 | 0x749a1020 -> 0
0xd3fbb8 | 0xd3fea0 -> 0xb0b508
0xd3fbbc | 0xd3fe1c -> 0
0xd3fbc0 | 0x8
0xd3fbc4 | 0x401280 -> 0x83e58955
0xd3fbc8 | 0x32d000 -> 0
0xd3fbcc | 0
0xd3fbd0 | 0xd3fbbc -> 0xd3fe1c
0xd3fbd4 | 0x910e5c -> 0x8de58955
0xd3fbd8 | 0xab6958 -> 0x11900ff
0xd3fbdc | 0xd3fc40 -> 0xd3fbf0
0xd3fbe0 | 0x7b1cd6 -> 0x8b186d8d
0xd3fbe4 | 0xd3fb60 -> 0xd3fea4
0xd3fbe8 | 0xd3fc58 -> 0xd3ff38
0xd3fbec | 0xa32d72 -> 0x8bbc458b
0xd3fbf0 | 0xd3fc18 -> 0xd3fe1c
0xd3fbf4 | 0x910e5c -> 0x8de58955
0xd3fbf8 | 0xac1f64 -> 0x11100ff
0xd3fbfc | 0xd3fc20 -> 0xa99d97
0xd3fc00 | 0xa32bfa -> 0x8b18c583
0xd3fc04 | 0xd3fbb0 -> 0x74963553
0xd3fc08 | 0xd3fc38 -> 0xd3fc4c
0xd3fc0c | 0xa36726 -> 0x7401fe83
0xd3fc10 | 0
0xd3fc14 | 0xb24c58 -> 0xb0f0ac
0xd3fc18 | 0xd3fe1c -> 0
0xd3fc1c | 0x2
0xd3fc20 | 0xa99d97 -> 0x8b18c583
0xd3fc24 | 0xd3fbc0 -> 0x8
0xd3fc28 | 0xac4580 -> 0
0xd3fc2c | 0xb24c58 -> 0xb0f0ac
0xd3fc30 | 0x910e5c -> 0x8de58955
0xd3fc34 | 0xac1e64 -> 0x10d00ff
0xd3fc38 | 0xd3fc4c -> 0x32d000
0xd3fc3c | 0xa32d82 -> 0x830cc583
0xd3fc40 | 0xd3fbf0 -> 0xd3fc18
0xd3fc44 | 0xa
0xd3fc48 | 0xd3fc58 -> 0xd3ff38
0xd3fc4c | 0x32d000 -> 0
0xd3fc50 | 0x401280 -> 0x83e58955
0xd3fc54 | 0x401280 -> 0x83e58955
0xd3fc58 | 0xd3ff38 -> 0xd3ff70 \\\\\\ stack frame //////
0xd3fc5c | 0x6e3194 -> 0x44c76aeb <-- ret
0xd3fc60 | 0xd3fea0 -> 0xb0b508
0xd3fc64 | 0xadda3f -> 0x72657320
0xd3fc68 | 0
0xd3fc6c | 0x2daec30 -> 0x2d465455
0xd3fc70 | 0xffffffff
0xd3fc74 | 0xffffffff
0xd3fc78 | 0xd3fe01 -> 0x4004012
0xd3fc7c | 0x2da1b30 -> 0x3095ef60
0xd3fc80 | 0xfffffffe
0xd3fc84 | 0x7fffffff -> 0
0xd3fc88 | 0x2da0000 -> 0xaf1e08c6
0xd3fc8c | 0x2da0000 -> 0xaf1e08c6
0xd3fc90 | 0x2da2668 -> 0x5374a80
0xd3fc94 | 0x774d2cda -> 0x3883d80
0xd3fc98 | 0xf760b16c
0xd3fc9c | 0x10
0xd3fca0 | 0x2da0000 -> 0xaf1e08c6
0xd3fca4 | 0x4
0xd3fca8 | 0x1
0xd3fcac | 0x2da2668 -> 0x5374a80
0xd3fcb0 | 0x7f
0xd3fcb4 | 0x774d2cda -> 0x3883d80
0xd3fcb8 | 0xf760b28c
0xd3fcbc | 0xb3b8
0xd3fcc0 | 0x2da0000 -> 0xaf1e08c6
0xd3fcc4 | 0xb3b0
0xd3fcc8 | 0xbb0002b9 -> 0x28000000
0xd3fccc | 0xd3fddc -> 0x2daec40
0xd3fcd0 | 0xbb0002b9 -> 0x28000000
0xd3fcd4 | 0x1
0xd3fcd8 | 0xfffffffe
0xd3fcdc | 0xfffffd49
0xd3fce0 | 0x2da04a4 -> 0x2daee28
0xd3fce4 | 0x910e5c -> 0x8de58955
0xd3fce8 | 0xac1699 -> 0x201ffff
0xd3fcec | 0xd3fd10 -> 0xb1e3d8
0xd3fcf0 | 0x31000130
0xd3fcf4 | 0xb1eb04 -> 0x35872dc
0xd3fcf8 | 0x1
0xd3fcfc | 0x1547
0xd3fd00 | 0x401280 -> 0x83e58955
0xd3fd04 | 0x2dada20 -> 0xb0b6e8
0xd3fd08 | 0xd3fd28 -> 0xd3fdc8
0xd3fd0c | 0xa52836 -> 0x43c73089
0xd3fd10 | 0xb1e3d8 -> 0
0xd3fd14 | 0xfffffd49
0xd3fd18 | 0xfe48
0xd3fd1c | 0x1f
0xd3fd20 | 0x1f
0xd3fd24 | 0x2b7
0xd3fd28 | 0xd3fdc8 -> 0x2da0260
0xd3fd2c | 0
0xd3fd30 | 0xd3fd6c -> 0x2
0xd3fd34 | 0xd3fd58 -> 0xb1e3f4
0xd3fd38 | 0x5
0xd3fd3c | 0x7f
0xd3fd40 | 0xd3fd60 -> 0x401280
0xd3fd44 | 0x2da00c0 -> 0x203d6c30
0xd3fd48 | 0xd3fd88 -> 0x2da0000
0xd3fd4c | 0x774d02b5 -> 0x4d89c88b
0xd3fd50 | 0x80
0xd3fd54 | 0x10
0xd3fd58 | 0xb1e3f4 -> 0
0xd3fd5c | 0xb1e3f4 -> 0
0xd3fd60 | 0x401280 -> 0x83e58955
0xd3fd64 | 0
0xd3fd68 | 0x2da00c0 -> 0x203d6c30
0xd3fd6c | 0x2
0xd3fd70 | 0x1ff01ff
0xd3fd74 | 0x1
0xd3fd78 | 0xfffffffe
0xd3fd7c | 0x7f
0xd3fd80 | 0x7f
0xd3fd84 | 0
0xd3fd88 | 0x2da0000 -> 0xaf1e08c6
0xd3fd8c | 0x7f
0xd3fd90 | 0x2dada18 -> 0x3e1e0857
0xd3fd94 | 0x1
0xd3fd98 | 0x2dada18 -> 0x3e1e0857
0xd3fd9c | 0x2dada20 -> 0xb0b6e8
0xd3fda0 | 0xd3fe70 -> 0xd3fe01
0xd3fda4 | 0x2b7
0xd3fda8 | 0x2b7
0xd3fdac | 0x2da0490 -> 0
0xd3fdb0 | 0x2da0260 -> 0x33fa9c8
0xd3fdb4 | 0
0xd3fdb8 | 0x2660
0xd3fdbc | 0xd3fe84 -> 0x2daec30
0xd3fdc0 | 0xc
0xd3fdc4 | 0x1fc
0xd3fdc8 | 0x2da0260 -> 0x33fa9c8
0xd3fdcc | 0
0xd3fdd0 | 0x2da0260 -> 0x33fa9c8
0xd3fdd4 | 0
0xd3fdd8 | 0xd3ffcc -> 0xd3ffe4
0xd3fddc | 0x2daec40 -> 0x21194ba8
0xd3fde0 | 0x80eb36e4 -> 0xb0ad00
0xd3fde4 | 0xfffffffe
0xd3fde8 | 0x1
0xd3fdec | 0x774d02b5 -> 0x4d89c88b
0xd3fdf0 | 0x4
0xd3fdf4 | 0x10
0xd3fdf8 | 0x2da029c -> 0x203d6c30
0xd3fdfc | 0xd3fe1c -> 0
0xd3fe00 | 0x401280 -> 0x83e58955
0xd3fe04 | 0x4
0xd3fe08 | 0x4
0xd3fe0c | 0xb
0xd3fe10 | 0x1
0xd3fe14 | 0xb
0xd3fe18 | 0xd3fe88 -> 0xffffffff
0xd3fe1c | 0
0xd3fe20 | 0x20
0xd3fe24 | 0x1
0xd3fe28 | 0xd3fe38 -> 0xaaf8d8
0xd3fe2c | 0x774d0152 -> 0xc25de58b
0xd3fe30 | 0
0xd3fe34 | 0x910e5c -> 0x8de58955
0xd3fe38 | 0xaaf8d8 -> 0x6601ffff
0xd3fe3c | 0xd3ff20 -> 0x749474ad
0xd3fe40 | 0x6e1818 -> 0x8b186d8d
0xd3fe44 | 0xd3fc60 -> 0xd3fea0
0xd3fe48 | 0xd3feb8 -> 0x2dadb20
0xd3fe4c | 0x913787 -> 0x5b5cc483
0xd3fe50 | 0xd3fe78 -> 0xfffffffe
0xd3fe54 | 0x1
0xd3fe58 | 0xd3feb8 -> 0x2dadb20
0xd3fe5c | 0x917447 -> 0x8bbc458b
0xd3fe60 | 0xac4580 -> 0
0xd3fe64 | 0x2daec30 -> 0x2d465455
0xd3fe68 | 0xffffffff
0xd3fe6c | 0xffffffff
0xd3fe70 | 0xd3fe01 -> 0x4004012
0xd3fe74 | 0x2da1b30 -> 0x3095ef60
0xd3fe78 | 0xfffffffe
0xd3fe7c | 0x7fffffff -> 0
0xd3fe80 | 0
0xd3fe84 | 0x2daec30 -> 0x2d465455
0xd3fe88 | 0xffffffff
0xd3fe8c | 0xffffffff
0xd3fe90 | 0xd3fe01 -> 0x4004012
0xd3fe94 | 0x2da1b30 -> 0x3095ef60
0xd3fe98 | 0xfffffffe
0xd3fe9c | 0x7fffffff -> 0
0xd3fea0 | 0xb0b508 -> 0x945e00
0xd3fea4 | 0x24
0xd3fea8 | 0x2da10b0 -> 0
0xd3feac | 0x2da10d0 -> 0xb0ed98
0xd3feb0 | 0x2dada88 -> 0x2da00c0
0xd3feb4 | 0x2dadab8 -> 0xb0eb68
0xd3feb8 | 0x2dadb20 -> 0xb0e990
0xd3febc | 0x401280 -> 0x83e58955
0xd3fec0 | 0xfffffffe
0xd3fec4 | 0x7fffffff -> 0
0xd3fec8 | 0x74947400 -> 0xd88b0000
0xd3fecc | 0x2da1b4c -> 0xfc8bb8fc
0xd3fed0 | 0xd3fe00 -> 0x401280
0xd3fed4 | 0x749575c5 -> 0xccccc35d
0xd3fed8 | 0
0xd3fedc | 0x23429e30 -> 0x1
0xd3fee0 | 0x23429e30 -> 0x1
0xd3fee4 | 0x2342ae48 -> 0
0xd3fee8 | 0x2
0xd3feec | 0x749473ba -> 0xe4758bc3
0xd3fef0 | 0xb0b7c8 -> 0x49c416
0xd3fef4 | 0xd3ffcc -> 0xd3ffe4
0xd3fef8 | 0x49c6a0 -> 0x57e58955
0xd3fefc | 0x1
0xd3ff00 | 0xac4580 -> 0
0xd3ff04 | 0
0xd3ff08 | 0xd3ff18 -> 0x2dada34
0xd3ff0c | 0xd3ffcc -> 0xd3ffe4
0xd3ff10 | 0x2dada30 -> 0x2dada4c
0xd3ff14 | 0x2dada34 -> 0x2da00c0
0xd3ff18 | 0x2dada34 -> 0x2da00c0
0xd3ff1c | 0x749473ba -> 0xe4758bc3
0xd3ff20 | 0x749474ad -> 0x1b59d8f7
0xd3ff24 | 0x91d26c -> 0x83e58955
0xd3ff28 | 0xd3ff38 -> 0xd3ff70
0xd3ff2c | 0x32d000 -> 0
0xd3ff30 | 0x401280 -> 0x83e58955
0xd3ff34 | 0x401280 -> 0x83e58955
0xd3ff38 | 0xd3ff70 -> 0xd3ff80 \\\\\\ stack frame //////
0xd3ff3c | 0x40124b -> 0x1ae8c389 <-- ret
0xd3ff40 | 0x1
0xd3ff44 | 0x2da10c0 -> 0x2da1079
0xd3ff48 | 0x2da1488 -> 0x2da1528
0xd3ff4c | 0xb10000 -> 0x2da10c0
0xd3ff50 | 0xd3ff64 -> 0x2da1488
0xd3ff54 | 0xffffffff
0xd3ff58 | 0xd3ff68 -> 0
0xd3ff5c | 0x7494cf44 -> 0x1674c085
0xd3ff60 | 0x2
0xd3ff64 | 0x2da1488 -> 0x2da1528
0xd3ff68 | 0
0xd3ff6c | 0x32d000 -> 0
0xd3ff70 | 0xd3ff80 -> 0xd3ff94 \\\\\\ stack frame //////
0xd3ff74 | 0x401298 -> 0x26b48d90 <-- ret
0xd3ff78 | 0x1
0xd3ff7c | 0
0xd3ff80 | 0xd3ff94 -> 0xd3ffdc \\\\\\ stack frame //////
0xd3ff84 | 0x772f62c4 -> 0xa415ff50 <-- ret
0xd3ff88 | 0x32d000 -> 0
0xd3ff8c | 0x772f62a0 -> 0x8b55ff8b
0xd3ff90 | 0xf7006169
0xd3ff94 | 0xd3ffdc -> 0xd3ffec \\\\\\ stack frame //////
0xd3ff98 | 0x774f0969 -> 0x3c83de9 <-- ret
0xd3ff9c | 0x32d000 -> 0
0xd3ffa0 | 0xf760b358
0xd3ffa4 | 0
0xd3ffa8 | 0
0xd3ffac | 0x32d000 -> 0
0xd3ffb0 | 0
0xd3ffb4 | 0
0xd3ffb8 | 0
0xd3ffbc | 0
0xd3ffc0 | 0xf760b358
0xd3ffc4 | 0xd3ffa0 -> 0xf760b358
0xd3ffc8 | 0
0xd3ffcc | 0xd3ffe4 -> 0xffffffff
0xd3ffd0 | 0x77507060 -> 0x8b55ff8b
0xd3ffd4 | 0x80ebcc3c -> 0x80ebcc3c
0xd3ffd8 | 0
0xd3ffdc | 0xd3ffec -> 0 \\\\\\ stack frame //////
0xd3ffe0 | 0x774f0934 -> 0xcccccccc <-- ret
0xd3ffe4 | 0xffffffff
0xd3ffe8 | 0x775137d1 -> 0x90909090
0xd3ffec | 0 \\\\\\ stack frame //////
0xd3fff0 | 0 <-- ret
0xd3fff4 | 0x401280 -> 0x83e58955
0xd3fff8 | 0x32d000 -> 0
0xd3fffc | 0
*****************************************************
*****************************************************
Error report - Sun May 31 12:34:07 2020

Compiler Info - GNU C++ version 3.4.5 (mingw special)
Compilation Date - Oct  6 2017 14:15:25

Memory load: 64
Total phys: 6290996 K available phys: 2258768 K
Start time: 31-5-2020  11:20:32
Kernel time: 0:1:21.171
User time: 0:8:14.78
Threads: 3

Exception: 0xc0000005 at eip = 0x2a4e0118
eax = 0x252751c8 -> 0x2a4e0118
ebx = 0x2fcdafc -> 0xb0ea48
ecx = 0x2fcdab4 -> 0x2f1ac2a0
edx = 0x252751d0 -> 0x3e3
esi = 0x401280 -> 0x83e58955
edi = 0x401280 -> 0x83e58955
ebp = 0xd3f938 -> 0xd3fa48
esp = 0xd3f91c -> 0x980c08
efl = 0x10202

---Stack Trace---
From: 0xd3f91c to: 0xd40000
0xd3f91c | 0x980c08 -> 0x347b83
0xd3f920 | 0x252751c8 -> 0x2a4e0118
0xd3f924 | 0x252751d0 -> 0x3e3
0xd3f928 | 0
0xd3f92c | 0x2f1000 -> 0
0xd3f930 | 0x401280 -> 0x83e58955
0xd3f934 | 0x2f1000 -> 0
0xd3f938 | 0xd3fa48 -> 0xd3fb58 \\\\\\ stack frame //////
0xd3f93c | 0x9a0d67 -> 0xff2885ff <-- ret
0xd3f940 | 0x2fcdafc -> 0xb0ea48
0xd3f944 | 0
0xd3f948 | 0xd3f9c4 -> 0x1
0xd3f94c | 0xd3f9c8 -> 0
0xd3f950 | 0x1f4
0xd3f954 | 0x748253e8 -> 0x7475d930
0xd3f958 | 0x2fc0000 -> 0xf35bb257
0xd3f95c | 0x2fc0284 -> 0xfffffffc
0xd3f960 | 0x13
0xd3f964 | 0x74825ce8 -> 0x1
0xd3f968 | 0
0xd3f96c | 0x2fcdab4 -> 0x2f1ac2a0
0xd3f970 | 0
0xd3f974 | 0x2fcdaa8 -> 0x2fcdb60
0xd3f978 | 0
0xd3f97c | 0x1
0xd3f980 | 0x4
0xd3f984 | 0x1f4
0xd3f988 | 0x1000000 -> 0
0xd3f98c | 0x164c
0xd3f990 | 0xd3fab0 -> 0
0xd3f994 | 0x1000000 -> 0
0xd3f998 | 0x2fcda60 -> 0xb0eb68
0xd3f99c | 0x1
0xd3f9a0 | 0
0xd3f9a4 | 0
0xd3f9a8 | 0x2000002
0xd3f9ac | 0x4
0xd3f9b0 | 0
0xd3f9b4 | 0xb24500 -> 0xb0df88
0xd3f9b8 | 0x4
0xd3f9bc | 0x4
0xd3f9c0 | 0
0xd3f9c4 | 0x1
0xd3f9c8 | 0
0xd3f9cc | 0xd3fabc -> 0xd3fbbc
0xd3f9d0 | 0x3
0xd3f9d4 | 0x401280 -> 0x83e58955
0xd3f9d8 | 0xd3f9e8 -> 0xab6998
0xd3f9dc | 0x9b19a6 -> 0xc908ec83
0xd3f9e0 | 0x8
0xd3f9e4 | 0x910e5c -> 0x8de58955
0xd3f9e8 | 0xab6998 -> 0x11500ff
0xd3f9ec | 0xd3fa30 -> 0xd3f9f0
0xd3f9f0 | 0x9a1085 -> 0x8b186d8d
0xd3f9f4 | 0xd3f940 -> 0x2fcdafc
0xd3f9f8 | 0x401280 -> 0x83e58955
0xd3f9fc | 0x2fcec28 -> 0x2fcec58
0xd3fa00 | 0x2fcda60 -> 0xb0eb68
0xd3fa04 | 0xd3fb30 -> 0x2fcda60
0xd3fa08 | 0xd3fabc -> 0xd3fbbc
0xd3fa0c | 0x1
0xd3fa10 | 0x2fcda8c -> 0x10b280
0xd3fa14 | 0xffffff01
0xd3fa18 | 0xffffffff
0xd3fa1c | 0x7fffffff -> 0x128fc00
0xd3fa20 | 0x2fcda8c -> 0x10b280
0xd3fa24 | 0xab6a01 -> 0x50004
0xd3fa28 | 0xd3fa3c -> 0x2f1000
0xd3fa2c | 0x97b041 -> 0x8b0c6d8d
0xd3fa30 | 0xd3f9f0 -> 0x9a1085
0xd3fa34 | 0
0xd3fa38 | 0
0xd3fa3c | 0x2f1000 -> 0
0xd3fa40 | 0x401280 -> 0x83e58955
0xd3fa44 | 0x401280 -> 0x83e58955
0xd3fa48 | 0xd3fb58 -> 0xd3fc58 \\\\\\ stack frame //////
0xd3fa4c | 0x9728c3 -> 0xbb75c085 <-- ret
0xd3fa50 | 0x2fcda60 -> 0xb0eb68
0xd3fa54 | 0x1
0xd3fa58 | 0xd3fab0 -> 0
0xd3fa5c | 0x2f1000 -> 0
0xd3fa60 | 0xd3fba8 -> 0x11
0xd3fa64 | 0xb1f210 -> 0x80000000
0xd3fa68 | 0x174
0xd3fa6c | 0x21fafec4 -> 0x40240000
0xd3fa70 | 0xffffffff
0xd3fa74 | 0x7fffffff -> 0x128fc00
0xd3fa78 | 0xd3fef4 -> 0xd3ffcc
0xd3fa7c | 0x7494d260 -> 0x8b55ff8b
0xd3fa80 | 0x561a3ea6 -> 0xb5288c07
0xd3fa84 | 0xfffffffe
0xd3fa88 | 0x74937834 -> 0x8758bc3
0xd3fa8c | 0x2f1000 -> 0
0xd3fa90 | 0x2fc07f8 -> 0xffffffff
0xd3fa94 | 0xd3facc -> 0
0xd3fa98 | 0x594b04 -> 0xa03d00
0xd3fa9c | 0x7493a84c -> 0x87d8bc3
0xd3faa0 | 0x2fcda60 -> 0xb0eb68
0xd3faa4 | 0x1
0xd3faa8 | 0x1
0xd3faac | 0x2fc07f8 -> 0xffffffff
0xd3fab0 | 0
0xd3fab4 | 0xb24500 -> 0xb0df88
0xd3fab8 | 0x7493a84c -> 0x87d8bc3
0xd3fabc | 0xd3fbbc -> 0xd3fe1c
0xd3fac0 | 0x8
0xd3fac4 | 0x1
0xd3fac8 | 0x1
0xd3facc | 0
0xd3fad0 | 0xd3fabc -> 0xd3fbbc
0xd3fad4 | 0x910e5c -> 0x8de58955
0xd3fad8 | 0xab6974 -> 0x11d00ff
0xd3fadc | 0xd3fb40 -> 0xd3fb4c
0xd3fae0 | 0x972cf6 -> 0x8b186d8d
0xd3fae4 | 0xd3fa50 -> 0x2fcda60
0xd3fae8 | 0x7493d8c5 -> 0x34e8c359
0xd3faec | 0x1
0xd3faf0 | 0x7493d8f0 -> 0xccccccc3
0xd3faf4 | 0x2250475e -> 0
0xd3faf8 | 0x1
0xd3fafc | 0x749a1020 -> 0
0xd3fb00 | 0
0xd3fb04 | 0xe
0xd3fb08 | 0x24
0xd3fb0c | 0x1
0xd3fb10 | 0xd3faf4 -> 0x2250475e
0xd3fb14 | 0xd3faf8 -> 0x1
0xd3fb18 | 0xd3fb78 -> 0xd3fef4
0xd3fb1c | 0x7494d260 -> 0x8b55ff8b
0xd3fb20 | 0x749a1020 -> 0
0xd3fb24 | 0xa
0xd3fb28 | 0xa
0xd3fb2c | 0x7496340c -> 0x8b0cc483
0xd3fb30 | 0x2fcda60 -> 0xb0eb68
0xd3fb34 | 0
0xd3fb38 | 0x749575c5 -> 0xccccc35d
0xd3fb3c | 0x749a3894 -> 0x749a13c0
0xd3fb40 | 0xd3fb4c -> 0x2f1000
0xd3fb44 | 0x74958eb5 -> 0x83c35d59
0xd3fb48 | 0x11
0xd3fb4c | 0x2f1000 -> 0
0xd3fb50 | 0x401280 -> 0x83e58955
0xd3fb54 | 0x401280 -> 0x83e58955
0xd3fb58 | 0xd3fc58 -> 0xd3ff38 \\\\\\ stack frame //////
0xd3fb5c | 0x7b190f -> 0xff60958b <-- ret
0xd3fb60 | 0xd3fea4 -> 0x24
0xd3fb64 | 0x401280 -> 0x83e58955
0xd3fb68 | 0xa
0xd3fb6c | 0xa
0xd3fb70 | 0xd3fb5c -> 0x7b190f
0xd3fb74 | 0x401280 -> 0x83e58955
0xd3fb78 | 0xd3fef4 -> 0xd3ffcc
0xd3fb7c | 0x7494d260 -> 0x8b55ff8b
0xd3fb80 | 0
0xd3fb84 | 0x749a1020 -> 0
0xd3fb88 | 0x2f1000 -> 0
0xd3fb8c | 0x749a1000 -> 0x749a5d80
0xd3fb90 | 0xd3fba0 -> 0xd3fbac
0xd3fb94 | 0xd3fba0 -> 0xd3fbac
0xd3fb98 | 0x749575c5 -> 0xccccc35d
0xd3fb9c | 0x749a3894 -> 0x749a13c0
0xd3fba0 | 0xd3fbac -> 0xd3fbe8
0xd3fba4 | 0x74958eb5 -> 0x83c35d59
0xd3fba8 | 0x11
0xd3fbac | 0xd3fbe8 -> 0xd3fc58
0xd3fbb0 | 0x74963553 -> 0xccccc359
0xd3fbb4 | 0x749a1020 -> 0
0xd3fbb8 | 0xd3fea0 -> 0xb0b508
0xd3fbbc | 0xd3fe1c -> 0
0xd3fbc0 | 0x8
0xd3fbc4 | 0x401280 -> 0x83e58955
0xd3fbc8 | 0x2f1000 -> 0
0xd3fbcc | 0
0xd3fbd0 | 0xd3fbbc -> 0xd3fe1c
0xd3fbd4 | 0x910e5c -> 0x8de58955
0xd3fbd8 | 0xab6958 -> 0x11900ff
0xd3fbdc | 0xd3fc40 -> 0xd3fbf0
0xd3fbe0 | 0x7b1cd6 -> 0x8b186d8d
0xd3fbe4 | 0xd3fb60 -> 0xd3fea4
0xd3fbe8 | 0xd3fc58 -> 0xd3ff38
0xd3fbec | 0xa32d72 -> 0x8bbc458b
0xd3fbf0 | 0xd3fc18 -> 0xd3fe1c
0xd3fbf4 | 0x910e5c -> 0x8de58955
0xd3fbf8 | 0xac1f64 -> 0x11100ff
0xd3fbfc | 0xd3fc20 -> 0xa99d97
0xd3fc00 | 0xa32bfa -> 0x8b18c583
0xd3fc04 | 0xd3fbb0 -> 0x74963553
0xd3fc08 | 0xd3fc38 -> 0xd3fc4c
0xd3fc0c | 0xa36726 -> 0x7401fe83
0xd3fc10 | 0
0xd3fc14 | 0xb24c58 -> 0xb0f0ac
0xd3fc18 | 0xd3fe1c -> 0
0xd3fc1c | 0x2
0xd3fc20 | 0xa99d97 -> 0x8b18c583
0xd3fc24 | 0xd3fbc0 -> 0x8
0xd3fc28 | 0xac4580 -> 0
0xd3fc2c | 0xb24c58 -> 0xb0f0ac
0xd3fc30 | 0x910e5c -> 0x8de58955
0xd3fc34 | 0xac1e64 -> 0x10d00ff
0xd3fc38 | 0xd3fc4c -> 0x2f1000
0xd3fc3c | 0xa32d82 -> 0x830cc583
0xd3fc40 | 0xd3fbf0 -> 0xd3fc18
0xd3fc44 | 0xa
0xd3fc48 | 0xd3fc58 -> 0xd3ff38
0xd3fc4c | 0x2f1000 -> 0
0xd3fc50 | 0x401280 -> 0x83e58955
0xd3fc54 | 0x401280 -> 0x83e58955
0xd3fc58 | 0xd3ff38 -> 0xd3ff70 \\\\\\ stack frame //////
0xd3fc5c | 0x6e3194 -> 0x44c76aeb <-- ret
0xd3fc60 | 0xd3fea0 -> 0xb0b508
0xd3fc64 | 0xadda3f -> 0x72657320
0xd3fc68 | 0
0xd3fc6c | 0x2fcebd8 -> 0x2d465455
0xd3fc70 | 0xffffffff
0xd3fc74 | 0xffffffff
0xd3fc78 | 0xd3fe01 -> 0x4004012
0xd3fc7c | 0x2fc1a70 -> 0x36a0da48
0xd3fc80 | 0xfffffffe
0xd3fc84 | 0x7fffffff -> 0x128fc00
0xd3fc88 | 0x2fc0000 -> 0xf35bb257
0xd3fc8c | 0x2fc0000 -> 0xf35bb257
0xd3fc90 | 0x2fc2630 -> 0xb0d848
0xd3fc94 | 0x774d2cda -> 0x3883d80
0xd3fc98 | 0x21fafa00 -> 0x4
0xd3fc9c | 0x10
0xd3fca0 | 0x2fc0000 -> 0xf35bb257
0xd3fca4 | 0x4
0xd3fca8 | 0x1
0xd3fcac | 0x2fc2630 -> 0xb0d848
0xd3fcb0 | 0xc20002c0 -> 0
0xd3fcb4 | 0x774d2cda -> 0x3883d80
0xd3fcb8 | 0xc20002c0 -> 0
0xd3fcbc | 0xb3b8
0xd3fcc0 | 0x2fc0000 -> 0xf35bb257
0xd3fcc4 | 0xb3b0
0xd3fcc8 | 0x5000005 -> 0
0xd3fccc | 0xd3fddc -> 0x2fcebe8
0xd3fcd0 | 0xc20002c0 -> 0
0xd3fcd4 | 0x1
0xd3fcd8 | 0x5000005 -> 0
0xd3fcdc | 0xfffffd42
0xd3fce0 | 0x2fc04a4 -> 0x1e7ed000
0xd3fce4 | 0x910e5c -> 0x8de58955
0xd3fce8 | 0xac1699 -> 0x201ffff
0xd3fcec | 0xd3fd10 -> 0xb1e3d8
0xd3fcf0 | 0x36000137
0xd3fcf4 | 0xb1eb04 -> 0x383727c
0xd3fcf8 | 0xc20002c0 -> 0
0xd3fcfc | 0xfffffd45
0xd3fd00 | 0x401280 -> 0x83e58955
0xd3fd04 | 0x2fc11d8 -> 0xb0b6e8
0xd3fd08 | 0xd3fd28 -> 0xd3fdc8
0xd3fd0c | 0xa52836 -> 0x43c73089
0xd3fd10 | 0xb1e3d8 -> 0
0xd3fd14 | 0xfffffffd
0xd3fd18 | 0xc20002c0 -> 0
0xd3fd1c | 0x1f
0xd3fd20 | 0x1f
0xd3fd24 | 0x3
0xd3fd28 | 0xd3fdc8 -> 0x2fc0260
0xd3fd2c | 0
0xd3fd30 | 0xd3fd6c -> 0x2
0xd3fd34 | 0xd3fd58 -> 0xb1e3f4
0xd3fd38 | 0x5
0xd3fd3c | 0x7f
0xd3fd40 | 0xd3fd60 -> 0x401280
0xd3fd44 | 0x2fc00c0 -> 0x2ceee000
0xd3fd48 | 0xd3fd88 -> 0x2fc0000
0xd3fd4c | 0x774d02b5 -> 0x4d89c88b
0xd3fd50 | 0x80
0xd3fd54 | 0x10
0xd3fd58 | 0xb1e3f4 -> 0
0xd3fd5c | 0xb1e3f4 -> 0
0xd3fd60 | 0x401280 -> 0x83e58955
0xd3fd64 | 0
0xd3fd68 | 0x2fc00c0 -> 0x2ceee000
0xd3fd6c | 0x2
0xd3fd70 | 0x1ff01ff
0xd3fd74 | 0x1
0xd3fd78 | 0xfffffffe
0xd3fd7c | 0x5
0xd3fd80 | 0x3
0xd3fd84 | 0
0xd3fd88 | 0x2fc0000 -> 0xf35bb257
0xd3fd8c | 0x3
0xd3fd90 | 0x2fc11d0 -> 0x625bb2c6
0xd3fd94 | 0x1
0xd3fd98 | 0x2fc11d0 -> 0x625bb2c6
0xd3fd9c | 0x2fc11d8 -> 0xb0b6e8
0xd3fda0 | 0xd3fe70 -> 0xd3fe01
0xd3fda4 | 0x3
0xd3fda8 | 0xc20002c0 -> 0
0xd3fdac | 0x2fc02a8 -> 0x2fcebe8
0xd3fdb0 | 0x2fc0260 -> 0x36aa9c8
0xd3fdb4 | 0
0xd3fdb8 | 0x2628
0xd3fdbc | 0xd3fe84 -> 0x2fcebd8
0xd3fdc0 | 0x2fcd9e0 -> 0x695bb2cd
0xd3fdc4 | 0xc
0xd3fdc8 | 0x2fc0260 -> 0x36aa9c8
0xd3fdcc | 0
0xd3fdd0 | 0x2fc0260 -> 0x36aa9c8
0xd3fdd4 | 0
0xd3fdd8 | 0xd3ffcc -> 0xd3ffe4
0xd3fddc | 0x2fcebe8 -> 0x2479ffe0
0xd3fde0 | 0x56717d88
0xd3fde4 | 0xfffffffe
0xd3fde8 | 0x1
0xd3fdec | 0x774d02b5 -> 0x4d89c88b
0xd3fdf0 | 0x4
0xd3fdf4 | 0x10
0xd3fdf8 | 0x2fc029c -> 0x2ceee000
0xd3fdfc | 0xd3fe1c -> 0
0xd3fe00 | 0x401280 -> 0x83e58955
0xd3fe04 | 0x4
0xd3fe08 | 0x4
0xd3fe0c | 0xb
0xd3fe10 | 0x1
0xd3fe14 | 0xb
0xd3fe18 | 0xd3fe88 -> 0xffffffff
0xd3fe1c | 0
0xd3fe20 | 0x20
0xd3fe24 | 0x1
0xd3fe28 | 0xd3fe38 -> 0xaaf8d8
0xd3fe2c | 0x774d0152 -> 0xc25de58b
0xd3fe30 | 0
0xd3fe34 | 0x910e5c -> 0x8de58955
0xd3fe38 | 0xaaf8d8 -> 0x6601ffff
0xd3fe3c | 0xd3ff20 -> 0x749474ad
0xd3fe40 | 0x6e1818 -> 0x8b186d8d
0xd3fe44 | 0xd3fc60 -> 0xd3fea0
0xd3fe48 | 0xd3feb8 -> 0x2fcdac8
0xd3fe4c | 0x913787 -> 0x5b5cc483
0xd3fe50 | 0xd3fe78 -> 0xfffffffe
0xd3fe54 | 0x1
0xd3fe58 | 0xd3feb8 -> 0x2fcdac8
0xd3fe5c | 0x917447 -> 0x8bbc458b
0xd3fe60 | 0xac4580 -> 0
0xd3fe64 | 0x2fcebd8 -> 0x2d465455
0xd3fe68 | 0xffffffff
0xd3fe6c | 0xffffffff
0xd3fe70 | 0xd3fe01 -> 0x4004012
0xd3fe74 | 0x2fc1a70 -> 0x36a0da48
0xd3fe78 | 0xfffffffe
0xd3fe7c | 0x7fffffff -> 0x128fc00
0xd3fe80 | 0
0xd3fe84 | 0x2fcebd8 -> 0x2d465455
0xd3fe88 | 0xffffffff
0xd3fe8c | 0xffffffff
0xd3fe90 | 0xd3fe01 -> 0x4004012
0xd3fe94 | 0x2fc1a70 -> 0x36a0da48
0xd3fe98 | 0xfffffffe
0xd3fe9c | 0x7fffffff -> 0x128fc00
0xd3fea0 | 0xb0b508 -> 0x945e00
0xd3fea4 | 0x24
0xd3fea8 | 0x2fc10b0 -> 0
0xd3feac | 0x2fc10d0 -> 0xb0ed98
0xd3feb0 | 0x2fcda30 -> 0x2fc00c0
0xd3feb4 | 0x2fcda60 -> 0xb0eb68
0xd3feb8 | 0x2fcdac8 -> 0xb0e990
0xd3febc | 0x401280 -> 0x83e58955
0xd3fec0 | 0xfffffffe
0xd3fec4 | 0x7fffffff -> 0x128fc00
0xd3fec8 | 0x74947400 -> 0xd88b0000
0xd3fecc | 0x2fc1a8c -> 0x7ae17ad7
0xd3fed0 | 0xd3fe00 -> 0x401280
0xd3fed4 | 0x749575c5 -> 0xccccc35d
0xd3fed8 | 0
0xd3fedc | 0x233084e8 -> 0x1
0xd3fee0 | 0x233084e8 -> 0x1
0xd3fee4 | 0x23308150 -> 0
0xd3fee8 | 0x2
0xd3feec | 0x749473ba -> 0xe4758bc3
0xd3fef0 | 0xb0b7c8 -> 0x49c416
0xd3fef4 | 0xd3ffcc -> 0xd3ffe4
0xd3fef8 | 0x49c6a0 -> 0x57e58955
0xd3fefc | 0x1
0xd3ff00 | 0xac4580 -> 0
0xd3ff04 | 0
0xd3ff08 | 0xd3ff18 -> 0x2fc11ec
0xd3ff0c | 0xd3ffcc -> 0xd3ffe4
0xd3ff10 | 0x2fc11e8 -> 0x2fcd9f4
0xd3ff14 | 0x2fc11ec -> 0x2fc00c0
0xd3ff18 | 0x2fc11ec -> 0x2fc00c0
0xd3ff1c | 0x749473ba -> 0xe4758bc3
0xd3ff20 | 0x749474ad -> 0x1b59d8f7
0xd3ff24 | 0x91d26c -> 0x83e58955
0xd3ff28 | 0xd3ff38 -> 0xd3ff70
0xd3ff2c | 0x2f1000 -> 0
0xd3ff30 | 0x401280 -> 0x83e58955
0xd3ff34 | 0x401280 -> 0x83e58955
0xd3ff38 | 0xd3ff70 -> 0xd3ff80 \\\\\\ stack frame //////
0xd3ff3c | 0x40124b -> 0x1ae8c389 <-- ret
0xd3ff40 | 0x1
0xd3ff44 | 0x2fc10c0 -> 0x2fc1079
0xd3ff48 | 0x2fc1428 -> 0x2fc14c0
0xd3ff4c | 0xb10000 -> 0x2fc10c0
0xd3ff50 | 0xd3ff64 -> 0x2fc1428
0xd3ff54 | 0xffffffff
0xd3ff58 | 0xd3ff68 -> 0
0xd3ff5c | 0x7494cf44 -> 0x1674c085
0xd3ff60 | 0x2
0xd3ff64 | 0x2fc1428 -> 0x2fc14c0
0xd3ff68 | 0
0xd3ff6c | 0x2f1000 -> 0
0xd3ff70 | 0xd3ff80 -> 0xd3ff94 \\\\\\ stack frame //////
0xd3ff74 | 0x401298 -> 0x26b48d90 <-- ret
0xd3ff78 | 0x1
0xd3ff7c | 0
0xd3ff80 | 0xd3ff94 -> 0xd3ffdc \\\\\\ stack frame //////
0xd3ff84 | 0x772f62c4 -> 0xa415ff50 <-- ret
0xd3ff88 | 0x2f1000 -> 0
0xd3ff8c | 0x772f62a0 -> 0x8b55ff8b
0xd3ff90 | 0x21998944 -> 0x2
0xd3ff94 | 0xd3ffdc -> 0xd3ffec \\\\\\ stack frame //////
0xd3ff98 | 0x774f0969 -> 0x3c83de9 <-- ret
0xd3ff9c | 0x2f1000 -> 0
0xd3ffa0 | 0x21faf834 -> 0x366e2ec
0xd3ffa4 | 0
0xd3ffa8 | 0
0xd3ffac | 0x2f1000 -> 0
0xd3ffb0 | 0
0xd3ffb4 | 0
0xd3ffb8 | 0
0xd3ffbc | 0
0xd3ffc0 | 0x21faf834 -> 0x366e2ec
0xd3ffc4 | 0xd3ffa0 -> 0x21faf834
0xd3ffc8 | 0
0xd3ffcc | 0xd3ffe4 -> 0xffffffff
0xd3ffd0 | 0x77507060 -> 0x8b55ff8b
0xd3ffd4 | 0x56718750 -> 0xb0a888
0xd3ffd8 | 0
0xd3ffdc | 0xd3ffec -> 0 \\\\\\ stack frame //////
0xd3ffe0 | 0x774f0934 -> 0xcccccccc <-- ret
0xd3ffe4 | 0xffffffff
0xd3ffe8 | 0x775137c1 -> 0x90909090
0xd3ffec | 0 \\\\\\ stack frame //////
0xd3fff0 | 0 <-- ret
0xd3fff4 | 0x401280 -> 0x83e58955
0xd3fff8 | 0x2f1000 -> 0
0xd3fffc | 0
*****************************************************
*****************************************************
Error report - Sun May 31 12:43:42 2020

Compiler Info - GNU C++ version 3.4.5 (mingw special)
Compilation Date - Oct  6 2017 14:15:25

Memory load: 59
Total phys: 6290996 K available phys: 2542680 K
Start time: 31-5-2020  15:38:3
Kernel time: 0:0:46.203
User time: 0:1:22.328
Threads: 5

Exception: 0xc0000005 at eip = 0
eax = 0
ebx = 0xb1eea8 -> 0x2ef6f878
ecx = 0x2c8abd17 -> 0xb0cdec90
edx = 0x3000e80 -> 0x54
esi = 0xb1eea8 -> 0x2ef6f878
edi = 0x354ff30 -> 0x300ec78
ebp = 0x354faac -> 0x354fb9c
esp = 0x354fa20 -> 0x68df3c
efl = 0x10246

---Stack Trace---
From: 0x354fa20 to: 0x3550000
0x354fa20 | 0x68df3c -> 0x850fc084
0x354fa24 | 0x2c8abd17 -> 0xb0cdec90
0x354fa28 | 0x2c63b408 -> 0xb0cdec
0x354fa2c | 0x222a41c0 -> 0xb0bb00
0x354fa30 | 0x1b1eea8
0x354fa34 | 0x7
0x354fa38 | 0
0x354fa3c | 0x2c63b408 -> 0xb0cdec
0x354fa40 | 0x354fb10 -> 0x354fbd0
0x354fa44 | 0x1
0x354fa48 | 0x354fac4 -> 0x472670
0x354fa4c | 0x354fa5c -> 0xaad7be
0x354fa50 | 0xb1eea8 -> 0x2ef6f878
0x354fa54 | 0xb1eea8 -> 0x2ef6f878
0x354fa58 | 0x910e5c -> 0x8de58955
0x354fa5c | 0xaad7be -> 0x201ffff
0x354fa60 | 0x354fa94 -> 0x354fb54
0x354fa64 | 0x68dffb -> 0x8b186d8d
0x354fa68 | 0x354fa24 -> 0x2c8abd17
0x354fa6c | 0x354fb0c -> 0x354fb9c
0x354fa70 | 0x4726ac -> 0x8108458b
0x354fa74 | 0x1ed0f69
0x354fa78 | 0x3540009 -> 0
0x354fa7c | 0x354fadc -> 0x354fb9c
0x354fa80 | 0x4720fd -> 0xba
0x354fa84 | 0x1eb0f60
0x354fa88 | 0x3540007 -> 0
0x354fa8c | 0x354faac -> 0x354fb9c
0x354fa90 | 0xa14bb3 -> 0x8904ec83
0x354fa94 | 0x354fb54 -> 0x1ed0f69
0x354fa98 | 0x542ef1e0 -> 0xb0a888
0x354fa9c | 0x354faac -> 0x354fb9c
0x354faa0 | 0xb1eea8 -> 0x2ef6f878
0x354faa4 | 0xb1eea8 -> 0x2ef6f878
0x354faa8 | 0x354ff30 -> 0x300ec78
0x354faac | 0x354fb9c -> 0x354fc2c \\\\\\ stack frame //////
0x354fab0 | 0x68d880 -> 0x840fc084 <-- ret
0x354fab4 | 0x2c63b408 -> 0xb0cdec
0x354fab8 | 0x2c8abd17 -> 0xb0cdec90
0x354fabc | 0xaa12a8 -> 0x201ffff
0x354fac0 | 0x354faf4 -> 0xae020ba0
0x354fac4 | 0x472670 -> 0x8b186d8d
0x354fac8 | 0x354fa74 -> 0x1ed0f69
0x354facc | 0x354fadc -> 0x354fb9c
0x354fad0 | 0xa14c25 -> 0x5590c3c9
0x354fad4 | 0x2c63b408 -> 0xb0cdec
0x354fad8 | 0xb1eea8 -> 0x2ef6f878
0x354fadc | 0x354fb9c -> 0x354fc2c
0x354fae0 | 0x46b4ad -> 0x8bf45d8b
0x354fae4 | 0x354fb30 -> 0x354fb84
0x354fae8 | 0x2c63b408 -> 0xb0cdec
0x354faec | 0x354fb1c -> 0x354fb9c
0x354faf0 | 0x2c63b744 -> 0x2a47bbe0
0x354faf4 | 0xae020ba0 -> 0x2c63b744
0x354faf8 | 0x2c63b408 -> 0xb0cdec
0x354fafc | 0x19
0x354fb00 | 0x354fb74 -> 0x354fb74
0x354fb04 | 0x354fb74 -> 0x354fb74
0x354fb08 | 0x542ef1e0 -> 0xb0a888
0x354fb0c | 0x354fb9c -> 0x354fc2c
0x354fb10 | 0x354fbd0 -> 0x354fc80
0x354fb14 | 0x3
0x354fb18 | 0xb1eea8 -> 0x2ef6f878
0x354fb1c | 0x354fb9c -> 0x354fc2c
0x354fb20 | 0x6937d4 -> 0x8b9c458b
0x354fb24 | 0x354fb40 -> 0x4d6194
0x354fb28 | 0x910e5c -> 0x8de58955
0x354fb2c | 0xaad7b2 -> 0x801ffff
0x354fb30 | 0x354fb84 -> 0x2c63b408
0x354fb34 | 0x68da69 -> 0x8b186d8d
0x354fb38 | 0x354fab4 -> 0x2c63b408
0x354fb3c | 0x354fb5c -> 0x354fb7c
0x354fb40 | 0x4d6194 -> 0x7975c084
0x354fb44 | 0x2c63b408 -> 0xb0cdec
0x354fb48 | 0x910e5c -> 0x8de58955
0x354fb4c | 0xaa10ec -> 0x401ffff
0x354fb50 | 0x354fb84 -> 0x2c63b408
0x354fb54 | 0x1ed0f69
0x354fb58 | 0x3540009 -> 0
0x354fb5c | 0x354fb7c -> 0x354fb9c
0x354fb60 | 0x68eb39 -> 0x8bf85d8b
0x354fb64 | 0xb1ee00 -> 0xb0bf48
0x354fb68 | 0x2c63b408 -> 0xb0cdec
0x354fb6c | 0x354fb9c -> 0x354fc2c
0x354fb70 | 0x68fc9f -> 0x808339
0x354fb74 | 0x354fb74 -> 0x354fb74
0x354fb78 | 0x354fb74 -> 0x354fb74
0x354fb7c | 0x354fb9c -> 0x354fc2c
0x354fb80 | 0x68ebd0 -> 0x5b14c483
0x354fb84 | 0x2c63b408 -> 0xb0cdec
0x354fb88 | 0
0x354fb8c | 0xab36fc -> 0x401ffff
0x354fb90 | 0xb1eea8 -> 0x2ef6f878
0x354fb94 | 0xb1eea8 -> 0x2ef6f878
0x354fb98 | 0x354ff30 -> 0x300ec78
0x354fb9c | 0x354fc2c -> 0x354fcec \\\\\\ stack frame //////
0x354fba0 | 0x68eecf -> 0xc9e9 <-- ret
0x354fba4 | 0x2c63b408 -> 0xb0cdec
0x354fba8 | 0
0x354fbac | 0x354fbcc -> 0x2c63b408
0x354fbb0 | 0x398d7a70 -> 0x2dca8430
0x354fbb4 | 0x35f4ef0 -> 0xb0b218
0x354fbb8 | 0x213d1030 -> 0xb0c58c
0x354fbbc | 0x354fbdc -> 0x354fc2c
0x354fbc0 | 0x71d860 -> 0xf74c085
0x354fbc4 | 0xb1eae0 -> 0xb0b128
0x354fbc8 | 0x19
0x354fbcc | 0x2c63b408 -> 0xb0cdec
0x354fbd0 | 0x354fc80 -> 0x354fd20
0x354fbd4 | 0xffffffff
0x354fbd8 | 0x132d
0x354fbdc | 0x354fc2c -> 0x354fcec
0x354fbe0 | 0x71d71d -> 0x5b3cc483
0x354fbe4 | 0x213d1030 -> 0xb0c58c
0x354fbe8 | 0x910e5c -> 0x8de58955
0x354fbec | 0xaad84e -> 0x201ffff
0x354fbf0 | 0x354fc14 -> 0xb1eee4
0x354fbf4 | 0x68ef6a -> 0x8b186d8d
0x354fbf8 | 0x354fba4 -> 0x2c63b408
0x354fbfc | 0x3b4
0x354fc00 | 0
0x354fc04 | 0x5ed3d0a6 -> 0xbf6c8800
0x354fc08 | 0xb403b4
0x354fc0c | 0
0x354fc10 | 0xa679da -> 0x8955c3c9
0x354fc14 | 0xb1eee4 -> 0x29d640c8
0x354fc18 | 0x29d640c8 -> 0x27c42408
0x354fc1c | 0x29d640c8 -> 0x27c42408
0x354fc20 | 0xb1eea8 -> 0x2ef6f878
0x354fc24 | 0xb1eea8 -> 0x2ef6f878
0x354fc28 | 0x354ff30 -> 0x300ec78
0x354fc2c | 0x354fcec -> 0x354fcfc \\\\\\ stack frame //////
0x354fc30 | 0x4d651c -> 0x4904583 <-- ret
0x354fc34 | 0x2c63b408 -> 0xb0cdec
0x354fc38 | 0x1f4
0x354fc3c | 0x2
0x354fc40 | 0xb1ee00 -> 0xb0bf48
0x354fc44 | 0
0x354fc48 | 0x2f2cd31
0x354fc4c | 0xac45c4 -> 0
0x354fc50 | 0x354fd60 -> 0x6f9104
0x354fc54 | 0x354fe94 -> 0xac45c4
0x354fc58 | 0x354fcd8 -> 0x1f6
0x354fc5c | 0
0x354fc60 | 0xb1eea8 -> 0x2ef6f878
0x354fc64 | 0xeadc71a4
0x354fc68 | 0x354ff30 -> 0x300ec78
0x354fc6c | 0x40f43078 -> 0xb0b278
0x354fc70 | 0x40f43078 -> 0xb0b278
0x354fc74 | 0x40f43078 -> 0xb0b278
0x354fc78 | 0xb1ee00 -> 0xb0bf48
0x354fc7c | 0x2ef6fa44 -> 0x2c63b408
0x354fc80 | 0x354fd20 -> 0xd3e97c
0x354fc84 | 0xffffffff
0x354fc88 | 0x989680 -> 0x2899fe8
0x354fc8c | 0
0x354fc90 | 0x354ff30 -> 0x300ec78
0x354fc94 | 0xac4720 -> 0xb0b8e0
0x354fc98 | 0x910e5c -> 0x8de58955
0x354fc9c | 0xaa42cc -> 0x401ffff
0x354fca0 | 0x354fcd4 -> 0xc3acc010
0x354fca4 | 0x4d62fa -> 0x8b186d8d
0x354fca8 | 0x354fc34 -> 0x2c63b408
0x354fcac | 0xe2facb2 -> 0
0x354fcb0 | 0x2c8aff80 -> 0xb0cdec
0x354fcb4 | 0x4d6230 -> 0x57e58955
0x354fcb8 | 0
0x354fcbc | 0xb1ee00 -> 0xb0bf48
0x354fcc0 | 0x354ff30 -> 0x300ec78
0x354fcc4 | 0
0x354fcc8 | 0x4d6230 -> 0x57e58955
0x354fccc | 0
0x354fcd0 | 0xb1ee00 -> 0xb0bf48
0x354fcd4 | 0xc3acc010 -> 0xc3328bd8
0x354fcd8 | 0x1f6
0x354fcdc | 0
0x354fce0 | 0xb1ee00 -> 0xb0bf48
0x354fce4 | 0xac45ec -> 0xb5fb4ff0
0x354fce8 | 0x354ff30 -> 0x300ec78
0x354fcec | 0x354fcfc -> 0x354fd9c \\\\\\ stack frame //////
0x354fcf0 | 0x9c889c -> 0x5b04c483 <-- ret
0x354fcf4 | 0xb1ee00 -> 0xb0bf48
0x354fcf8 | 0x2f2cd31
0x354fcfc | 0x354fd9c -> 0x354fecc \\\\\\ stack frame //////
0x354fd00 | 0xa10d5f -> 0x8984458d <-- ret
0x354fd04 | 0x40f3537c -> 0x4d6230
0x354fd08 | 0x1f6
0x354fd0c | 0
0x354fd10 | 0xc3328be8 -> 0x10a0002
0x354fd14 | 0x64
0x354fd18 | 0x1f6000a
0x354fd1c | 0x40f35378 -> 0xac49c8
0x354fd20 | 0xd3e97c -> 0x2d850a60
0x354fd24 | 0xffffffff
0x354fd28 | 0x2f2cd31
0x354fd2c | 0x354fd9c -> 0x354fecc
0x354fd30 | 0x95a458 -> 0x5bf4658d
0x354fd34 | 0x354fd5c -> 0x354fd9c
0x354fd38 | 0x910e5c -> 0x8de58955
0x354fd3c | 0xab9120 -> 0x601ffff
0x354fd40 | 0x354fd84 -> 0x5ed3d0a6
0x354fd44 | 0xa10cf2 -> 0x8b186d8d
0x354fd48 | 0x354fd04 -> 0x40f3537c
0x354fd4c | 0xfffffffe
0x354fd50 | 0x7fffffff -> 0x6e00007f
0x354fd54 | 0x29a13508 -> 0x4b720c
0x354fd58 | 0xeadc7074
0x354fd5c | 0x354fd9c -> 0x354fecc
0x354fd60 | 0x6f9104 -> 0xec45bf0f
0x354fd64 | 0x354fd84 -> 0x5ed3d0a6
0x354fd68 | 0x7fffffff -> 0x6e00007f
0x354fd6c | 0x354fea8 -> 0x354ff68
0x354fd70 | 0x7494d260 -> 0x8b55ff8b
0x354fd74 | 0xfffffffe
0x354fd78 | 0x7fffffff -> 0x6e00007f
0x354fd7c | 0x3b4
0x354fd80 | 0
0x354fd84 | 0x5ed3d0a6 -> 0xbf6c8800
0x354fd88 | 0xb403b4
0x354fd8c | 0x3540000 -> 0
0x354fd90 | 0x2f2cd31
0x354fd94 | 0xac45ec -> 0xb5fb4ff0
0x354fd98 | 0x354ff30 -> 0x300ec78
0x354fd9c | 0x354fecc -> 0x354fedc \\\\\\ stack frame //////
0x354fda0 | 0x7f4950 -> 0x202404c7 <-- ret
0x354fda4 | 0x40f35378 -> 0xac49c8
0x354fda8 | 0x354fe0c -> 0xfffffffe
0x354fdac | 0
0x354fdb0 | 0
0x354fdb4 | 0xffffffff
0x354fdb8 | 0xffffffff
0x354fdbc | 0x35314301
0x354fdc0 | 0x45303337
0x354fdc4 | 0xfffffffe
0x354fdc8 | 0x7fffffff -> 0x6e00007f
0x354fdcc | 0xabababab -> 0x540037
0x354fdd0 | 0x774fef4c -> 0x900004c2
0x354fdd4 | 0x7477606a -> 0xc0855e5f
0x354fdd8 | 0x174
0x354fddc | 0xffffffff
0x354fde0 | 0x222a4220 -> 0x29af4ff0
0x354fde4 | 0x222a421c -> 0x29af2160
0x354fde8 | 0x222a4210 -> 0x6f0067
0x354fdec | 0x40f35368 -> 0xb0b278
0x354fdf0 | 0xac45ec -> 0xb5fb4ff0
0x354fdf4 | 0xac45cc -> 0
0x354fdf8 | 0xc15730e2 -> 0x871000b0
0x354fdfc | 0x354fe64 -> 0x35314301
0x354fe00 | 0xb30003b0 -> 0x3
0x354fe04 | 0x40f35368 -> 0xb0b278
0x354fe08 | 0xac45c0 -> 0xb0a4c8
0x354fe0c | 0xfffffffe
0x354fe10 | 0x7fffffff -> 0x6e00007f
0x354fe14 | 0xffffffff
0x354fe18 | 0x7fffffff -> 0x6e00007f
0x354fe1c | 0x7f
0x354fe20 | 0x354fefc -> 0xd3f95c
0x354fe24 | 0x2
0x354fe28 | 0x910e5c -> 0x8de58955
0x354fe2c | 0xac142a -> 0x401ffff
0x354fe30 | 0x354feb4 -> 0x300ec78
0x354fe34 | 0x9d0cee -> 0x8318c583
0x354fe38 | 0x910e5c -> 0x8de58955
0x354fe3c | 0xab9116 -> 0x601ffff
0x354fe40 | 0x354feb4 -> 0x300ec78
0x354fe44 | 0x7f466e -> 0x8b186d8d
0x354fe48 | 0x354fda4 -> 0x40f35378
0x354fe4c | 0x300ebd8 -> 0x2d465455
0x354fe50 | 0x2a
0x354fe54 | 0
0x354fe58 | 0
0x354fe5c | 0xffffffff
0x354fe60 | 0xffffffff
0x354fe64 | 0x35314301
0x354fe68 | 0x45303337
0x354fe6c | 0xfffffffe
0x354fe70 | 0x7fffffff -> 0x6e00007f
0x354fe74 | 0
0x354fe78 | 0
0x354fe7c | 0xffffffff
0x354fe80 | 0xffffffff
0x354fe84 | 0x35314301
0x354fe88 | 0x45303337
0x354fe8c | 0xfffffffe
0x354fe90 | 0x7fffffff -> 0x6e00007f
0x354fe94 | 0xac45c4 -> 0
0x354fe98 | 0xb40100
0x354fe9c | 0x41490000
0x354fea0 | 0x41414141
0x354fea4 | 0xb0b7c8 -> 0x49c416
0x354fea8 | 0x354ff68 -> 0x354ffcc
0x354feac | 0x49c6a0 -> 0x57e58955
0x354feb0 | 0x749a1401 -> 0x1c000000
0x354feb4 | 0x300ec78 -> 0xffffffff
0x354feb8 | 0x300ec78 -> 0xffffffff
0x354febc | 0
0x354fec0 | 0xf2e90 -> 0xb0ebc8
0x354fec4 | 0x354fefc -> 0xd3f95c
0x354fec8 | 0x354ff30 -> 0x300ec78
0x354fecc | 0x354fedc -> 0x354ff3c \\\\\\ stack frame //////
0x354fed0 | 0x9b7a2e -> 0x8955c3c9 <-- ret
0x354fed4 | 0xac45c0 -> 0xb0a4c8
0x354fed8 | 0xf2e90 -> 0xb0ebc8
0x354fedc | 0x354ff3c -> 0x354ff78 \\\\\\ stack frame //////
0x354fee0 | 0x90d25a -> 0xffc445c7 <-- ret
0x354fee4 | 0xf2e90 -> 0xb0ebc8
0x354fee8 | 0
0x354feec | 0
0x354fef0 | 0
0x354fef4 | 0x354ff40 -> 0x74957326
0x354fef8 | 0x74937815 -> 0x1675c085
0x354fefc | 0xd3f95c -> 0x3000284
0x354ff00 | 0x1
0x354ff04 | 0x74937834 -> 0x8758bc3
0x354ff08 | 0xeadc7268
0x354ff0c | 0x774e6ae9 -> 0xc25de58b
0x354ff10 | 0x300ec78 -> 0xffffffff
0x354ff14 | 0x910e5c -> 0x8de58955
0x354ff18 | 0xac145c -> 0x10d00ff
0x354ff1c | 0x354ff30 -> 0x300ec78
0x354ff20 | 0x90d282 -> 0x830cc583
0x354ff24 | 0x354fee4 -> 0xf2e90
0x354ff28 | 0x354ff78 -> 0x354ff80
0x354ff2c | 0x74956f25 -> 0x5ec68b5f
0x354ff30 | 0x300ec78 -> 0xffffffff
0x354ff34 | 0x90d1fc -> 0x83e58955
0x354ff38 | 0x74957390 -> 0x8b55ff8b
0x354ff3c | 0x354ff78 -> 0x354ff80 \\\\\\ stack frame //////
0x354ff40 | 0x74957326 -> 0x34e850 <-- ret
0x354ff44 | 0xf2e90 -> 0xb0ebc8
0x354ff48 | 0xeadc7250
0x354ff4c | 0x74957390 -> 0x8b55ff8b
0x354ff50 | 0x74957390 -> 0x8b55ff8b
0x354ff54 | 0x300ec78 -> 0xffffffff
0x354ff58 | 0x300ec78 -> 0xffffffff
0x354ff5c | 0xeadc7250
0x354ff60 | 0x354ff48 -> 0xeadc7250
0x354ff64 | 0x354ffcc -> 0x354ffe4
0x354ff68 | 0x354ffcc -> 0x354ffe4
0x354ff6c | 0x7494d260 -> 0x8b55ff8b
0x354ff70 | 0x9d110030 -> 0xffffffff
0x354ff74 | 0
0x354ff78 | 0x354ff80 -> 0x354ff94 \\\\\\ stack frame //////
0x354ff7c | 0x749573f1 -> 0xcccccccc <-- ret
0x354ff80 | 0x354ff94 -> 0x354ffdc
0x354ff84 | 0x772f62c4 -> 0xa415ff50 <-- ret
0x354ff88 | 0x300ec78 -> 0xffffffff
0x354ff8c | 0x772f62a0 -> 0x8b55ff8b
0x354ff90 | 0xe984675e
0x354ff94 | 0x354ffdc -> 0x354ffec \\\\\\ stack frame //////
0x354ff98 | 0x774f0969 -> 0x3c83de9 <-- ret
0x354ff9c | 0x300ec78 -> 0xffffffff
0x354ffa0 | 0xe9e7bb7f
0x354ffa4 | 0
0x354ffa8 | 0
0x354ffac | 0x300ec78 -> 0xffffffff
0x354ffb0 | 0
0x354ffb4 | 0
0x354ffb8 | 0
0x354ffbc | 0
0x354ffc0 | 0xe9e7bb7f
0x354ffc4 | 0x354ffa0 -> 0xe9e7bb7f
0x354ffc8 | 0
0x354ffcc | 0x354ffe4 -> 0xffffffff
0x354ffd0 | 0x77507060 -> 0x8b55ff8b
0x354ffd4 | 0x9debc41b -> 0xebc41c00
0x354ffd8 | 0
0x354ffdc | 0x354ffec -> 0 \\\\\\ stack frame //////
0x354ffe0 | 0x774f0934 -> 0xcccccccc <-- ret
0x354ffe4 | 0xffffffff
0x354ffe8 | 0x775137c4 -> 0x90909090
0x354ffec | 0 \\\\\\ stack frame //////
0x354fff0 | 0 <-- ret
0x354fff4 | 0x74957390 -> 0x8b55ff8b
0x354fff8 | 0x300ec78 -> 0xffffffff
0x354fffc | 0
*****************************************************
*****************************************************
Error report - Tue Jun 02 10:57:09 2020

Compiler Info - GNU C++ version 3.4.5 (mingw special)
Compilation Date - Oct  6 2017 14:15:25

Memory load: 53
Total phys: 12582452 K available phys: 5850280 K
Start time: 2-6-2020  13:27:23
Kernel time: 0:0:3.921
User time: 0:1:38.718
Threads: 3

Exception: 0xc0000005 at eip = 0xd49f40
eax = 0
ebx = 0
ecx = 0
edx = 0
esi = 0x1
edi = 0
ebp = 0
esp = 0x2b3ed0c -> 0
efl = 0x10246

---Stack Trace---
From: 0x2b3ed0c to: 0x2b40000
0x2b3ed0c | 0
0x2b3ed10 | 0x2d07386 -> 0xadfc0000
0x2b3ed14 | 0x2c24258 -> 0
0x2b3ed18 | 0x4
0x2b3ed1c | 0
0x2b3ed20 | 0
0x2b3ed24 | 0
0x2b3ed28 | 0
0x2b3ed2c | 0
0x2b3ed30 | 0
0x2b3ed34 | 0
0x2b3ed38 | 0
0x2b3ed3c | 0
0x2b3ed40 | 0x73b22670 -> 0xff488589
0x2b3ed44 | 0
0x2b3ed48 | 0x107135f
0x2b3ed4c | 0x2ad33018 -> 0x2ad43020
0x2b3ed50 | 0x73b225d0 -> 0x8b55ff8b
0x2b3ed54 | 0x7ff
0x2b3ed58 | 0x2c6ec018 -> 0x369d0dd0
0x2b3ed5c | 0
0x2b3ed60 | 0
0x2b3ed64 | 0xa3f05d61 -> 0x2ca3f05d
0x2b3ed68 | 0xd4cdd5 -> 0x830cc483
0x2b3ed6c | 0x2c24258 -> 0
0x2b3ed70 | 0x2c24258 -> 0
0x2b3ed74 | 0
0x2b3ed78 | 0x2d06ebc -> 0x656e6567
0x2b3ed7c | 0xcea
0x2b3ed80 | 0x2b3f6ac -> 0x2b3f6cc
0x2b3ed84 | 0x2c24258 -> 0
0x2b3ed88 | 0x7ff
0x2b3ed8c | 0x2ad33010 -> 0x2b540e1d
0x2b3ed90 | 0x27316008 -> 0x43752008
0x2b3ed94 | 0x170
0x2b3ed98 | 0
0x2b3ed9c | 0x2000002
0x2b3eda0 | 0x77f
0x2b3eda4 | 0x8000800 -> 0
0x2b3eda8 | 0x77f
0x2b3edac | 0x2b7a9c8 -> 0
0x2b3edb0 | 0x2b3f1a4 -> 0x3
0x2b3edb4 | 0x7afd5e -> 0x81e58955
0x2b3edb8 | 0x2b3fea8 -> 0x2b3ff68
0x2b3edbc | 0x772c7480 -> 0x8b55ff8b
0x2b3edc0 | 0xa31a05c8 -> 0x1
0x2b3edc4 | 0xfffffffe
0x2b3edc8 | 0x2b3ee5c -> 0x77270fc9
0x2b3edcc | 0x77271014 -> 0x4c89c88b
0x2b3edd0 | 0x10000 -> 0
0x2b3edd4 | 0x10008 -> 0x49d11a2f
0x2b3edd8 | 0
0x2b3eddc | 0x2b3edf4 -> 0x10
0x2b3ede0 | 0x10000 -> 0
0x2b3ede4 | 0xc30000 -> 0x915c2e8f
0x2b3ede8 | 0x10000 -> 0
0x2b3edec | 0x2b3ee0c -> 0x2
0x2b3edf0 | 0x18
0x2b3edf4 | 0x10
0x2b3edf8 | 0xc30000 -> 0x915c2e8f
0x2b3edfc | 0x14
0x2b3ee00 | 0
0x2b3ee04 | 0x10008 -> 0x49d11a2f
0x2b3ee08 | 0x2b3eea0 -> 0x2bd250cc
0x2b3ee0c | 0x2
0x2b3ee10 | 0x3907d0 -> 0x369cf5c8
0x2b3ee14 | 0x18
0x2b3ee18 | 0
0x2b3ee1c | 0x1de20e50 -> 0x122038e
0x2b3ee20 | 0x2bd250cc -> 0xffffe400
0x2b3ee24 | 0x2b3ef14 -> 0
0x2b3ee28 | 0x390000 -> 0
0x2b3ee2c | 0x390000 -> 0
0x2b3ee30 | 0x2bd25008 -> 0x1de20e40
0x2b3ee34 | 0x17
0x2b3ee38 | 0x2bd25040 -> 0x3c9
0x2b3ee3c | 0x54d
0x2b3ee40 | 0x390834 -> 0x83f2d460
0x2b3ee44 | 0x3901c4 -> 0x1020003
0x2b3ee48 | 0x20
0x2b3ee4c | 0
0x2b3ee50 | 0x390830 -> 0x3907d0
0x2b3ee54 | 0x3901c8 -> 0x30004
0x2b3ee58 | 0x2b3eee4 -> 0x2b3ef04
0x2b3ee5c | 0x77270fc9 -> 0x4489c88b
0x2b3ee60 | 0x10
0x2b3ee64 | 0
0x2b3ee68 | 0x528263f4 -> 0xb0c02c
0x2b3ee6c | 0x10
0x2b3ee70 | 0x10
0x2b3ee74 | 0x10
0x2b3ee78 | 0x2bd26800 -> 0x2bd26848
0x2b3ee7c | 0x2
0x2b3ee80 | 0x3
0x2b3ee84 | 0x2
0x2b3ee88 | 0
0x2b3ee8c | 0x18
0x2b3ee90 | 0x3907d0 -> 0x369cf5c8
0x2b3ee94 | 0x18
0x2b3ee98 | 0
0x2b3ee9c | 0x1de20e50 -> 0x122038e
0x2b3eea0 | 0x2bd250cc -> 0xffffe400
0x2b3eea4 | 0x15
0x2b3eea8 | 0x390000 -> 0
0x2b3eeac | 0x390000 -> 0
0x2b3eeb0 | 0x2bd25008 -> 0x1de20e40
0x2b3eeb4 | 0xa
0x2b3eeb8 | 0x2bd25040 -> 0x3c9
0x2b3eebc | 0x54d
0x2b3eec0 | 0x390834 -> 0x83f2d460
0x2b3eec4 | 0x3901c4 -> 0x1020003
0x2b3eec8 | 0x20
0x2b3eecc | 0
0x2b3eed0 | 0x390830 -> 0x3907d0
0x2b3eed4 | 0x40ee8301 -> 0x1002003
0x2b3eed8 | 0x2b3ef64 -> 0x2b3efe4
0x2b3eedc | 0x77270fc9 -> 0x4489c88b
0x2b3eee0 | 0x10
0x2b3eee4 | 0x2b3ef04 -> 0x2b3ef64
0x2b3eee8 | 0x7630b197 -> 0xff85f88b
0x2b3eeec | 0xc30000 -> 0x915c2e8f
0x2b3eef0 | 0
0x2b3eef4 | 0x10
0x2b3eef8 | 0x528263f4 -> 0xb0c02c
0x2b3eefc | 0x10
0x2b3ef00 | 0x10
0x2b3ef04 | 0x2b3ef64 -> 0x2b3efe4
0x2b3ef08 | 0x917447 -> 0x8bbc458b
0x2b3ef0c | 0x2b3ef24 -> 0x2b3ef88
0x2b3ef10 | 0x15
0x2b3ef14 | 0
0x2b3ef18 | 0x528263d8 -> 0xb0bf6c
0x2b3ef1c | 0x15
0x2b3ef20 | 0x2bd26800 -> 0x2bd26848
0x2b3ef24 | 0x2b3ef88 -> 0xf7
0x2b3ef28 | 0x1
0x2b3ef2c | 0x2
0x2b3ef30 | 0x4
0x2b3ef34 | 0x3cd5e7c8 -> 0xb0cdec
0x2b3ef38 | 0
0x2b3ef3c | 0x910e5c -> 0x8de58955
0x2b3ef40 | 0xac1ff4 -> 0x10d00ff
0x2b3ef44 | 0x2b3ef58 -> 0x2b3f12c
0x2b3ef48 | 0x91745c -> 0x830cc583
0x2b3ef4c | 0x2b3ef0c -> 0x2b3ef24
0x2b3ef50 | 0
0x2b3ef54 | 0
0x2b3ef58 | 0x2b3f12c -> 0x1e609dac
0x2b3ef5c | 0x3
0x2b3ef60 | 0x2b3f12c -> 0x1e609dac
0x2b3ef64 | 0x2b3efe4 -> 0x2b3f024
0x2b3ef68 | 0xa3602a -> 0x83a0458b
0x2b3ef6c | 0x2b3ef88 -> 0xf7
0x2b3ef70 | 0
0x2b3ef74 | 0x10
0x2b3ef78 | 0x528263f4 -> 0xb0c02c
0x2b3ef7c | 0x2bd26800 -> 0x2bd26848
0x2b3ef80 | 0x528263d8 -> 0xb0bf6c
0x2b3ef84 | 0x2bd26800 -> 0x2bd26848
0x2b3ef88 | 0xf7
0x2b3ef8c | 0x1de20e40 -> 0x390830
0x2b3ef90 | 0x64
0x2b3ef94 | 0
0x2b3ef98 | 0
0x2b3ef9c | 0x2bd25008 -> 0x1de20e40
0x2b3efa0 | 0xf70382
0x2b3efa4 | 0xac1699 -> 0x201ffff
0x2b3efa8 | 0x2b3efcc -> 0xd78a3d8d
0x2b3efac | 0xa36078 -> 0xc718c583
0x2b3efb0 | 0x2b3ef6c -> 0x2b3ef88
0x2b3efb4 | 0x2b3f014 -> 0x2b3f044
0x2b3efb8 | 0x2b3f004 -> 0x7630b106
0x2b3efbc | 0x7630b0f9 -> 0x840fc085
0x2b3efc0 | 0xc30000 -> 0x915c2e8f
0x2b3efc4 | 0
0x2b3efc8 | 0x7630b106 -> 0x75ff85c3
0x2b3efcc | 0xd78a3d8d
0x2b3efd0 | 0x528263f4 -> 0xb0c02c
0x2b3efd4 | 0x2b3f254 -> 0x228151f0
0x2b3efd8 | 0x528263d8 -> 0xb0bf6c
0x2b3efdc | 0x3
0x2b3efe0 | 0x2bd26800 -> 0x2bd26848
0x2b3efe4 | 0x2b3f024 -> 0x2b3f044
0x2b3efe8 | 0xa357c7 -> 0x2415b60f
0x2b3efec | 0x2b3efcc -> 0xd78a3d8d
0x2b3eff0 | 0xadbe42 -> 0x646961
0x2b3eff4 | 0x2b3fea8 -> 0x2b3ff68
0x2b3eff8 | 0x76327220 -> 0x8b55ff8b
0x2b3effc | 0xa3097c99 -> 0x112
0x2b3f000 | 0xfffffffe
0x2b3f004 | 0x7630b106 -> 0x75ff85c3
0x2b3f008 | 0x918001 -> 0x9090c3c9
0x2b3f00c | 0x2bd26800 -> 0x2bd26848
0x2b3f010 | 0x64
0x2b3f014 | 0x2b3f044 -> 0x2b3f164
0x2b3f018 | 0xa35c78 -> 0x9090c3c9
0x2b3f01c | 0x2bd26800 -> 0x2bd26848
0x2b3f020 | 0x528263f4 -> 0xb0c02c
0x2b3f024 | 0x2b3f044 -> 0x2b3f164
0x2b3f028 | 0xa37e56 -> 0x8908558b
0x2b3f02c | 0xadbe42 -> 0x646961
0x2b3f030 | 0xadbe45 -> 0x73000000
0x2b3f034 | 0x2b3f12c -> 0x1e609dac
0x2b3f038 | 0x52826300 -> 0x528262fc
0x2b3f03c | 0x528263d8 -> 0xb0bf6c
0x2b3f040 | 0x528263d8 -> 0xb0bf6c
0x2b3f044 | 0x2b3f164 -> 0x2b3f224
0x2b3f048 | 0x6b32ff -> 0xff74858b
0x2b3f04c | 0x2b3f0e8 -> 0x2b3f1c8
0x2b3f050 | 0x2b3f0dc -> 0x11ae
0x2b3f054 | 0x2b3f12c -> 0x1e609dac
0x2b3f058 | 0x528263d8 -> 0xb0bf6c
0x2b3f05c | 0x1fd678f0 -> 0x1fd678ec
0x2b3f060 | 0x2bd266c8 -> 0x2bd267a0
0x2b3f064 | 0x2b3f0a4 -> 0x2b3f0c4
0x2b3f068 | 0xa357c7 -> 0x2415b60f
0x2b3f06c | 0x2b3f04c -> 0x2b3f0e8
0x2b3f070 | 0xadbe42 -> 0x646961
0x2b3f074 | 0x2b3fea8 -> 0x2b3ff68
0x2b3f078 | 0x76327220 -> 0x8b55ff8b
0x2b3f07c | 0xa3097c99 -> 0x112
0x2b3f080 | 0x2bd2680c -> 0x646975
0x2b3f084 | 0x2bd26800 -> 0x2bd26848
0x2b3f088 | 0x918001 -> 0x9090c3c9
0x2b3f08c | 0x2bd266c8 -> 0x2bd267a0
0x2b3f090 | 0x43e6ddd0 -> 0x1
0x2b3f094 | 0
0x2b3f098 | 0xa35c78 -> 0x9090c3c9
0x2b3f09c | 0x2bd266c8 -> 0x2bd267a0
0x2b3f0a0 | 0
0x2b3f0a4 | 0x2b3f0c4 -> 0x2b3f1e4
0x2b3f0a8 | 0xa37e56 -> 0x8908558b
0x2b3f0ac | 0xadbe42 -> 0x646961
0x2b3f0b0 | 0xadbe45 -> 0x73000000
0x2b3f0b4 | 0x2b3f1ac -> 0x1
0x2b3f0b8 | 0x2bd266d4 -> 0x228154a0
0x2b3f0bc | 0x2bd266c8 -> 0x2bd267a0
0x2b3f0c0 | 0x528263d8 -> 0xb0bf6c
0x2b3f0c4 | 0x2b3f1e4 -> 0xaae6d0
0x2b3f0c8 | 0x6b32ff -> 0xff74858b
0x2b3f0cc | 0x2b3f168 -> 0x6b42bd
0x2b3f0d0 | 0
0x2b3f0d4 | 0x1e609d00 -> 0xb0a648
0x2b3f0d8 | 0
0x2b3f0dc | 0x11ae
0x2b3f0e0 | 0xad28a2 -> 0x756c6600
0x2b3f0e4 | 0x2129a1f0 -> 0x6f006e
0x2b3f0e8 | 0x2b3f1c8 -> 0x2b3f2d8
0x2b3f0ec | 0xffffffff
0x2b3f0f0 | 0x7fc7488 -> 0xb0d5d8
0x2b3f0f4 | 0x2b3f1e4 -> 0xaae6d0
0x2b3f0f8 | 0x6873a9 -> 0x8b80458b
0x2b3f0fc | 0x2b3f178 -> 0x2b3f2d8
0x2b3f100 | 0x910e5c -> 0x8de58955
0x2b3f104 | 0xaae687 -> 0x2001ffff
0x2b3f108 | 0x2b3f14c -> 0x910e5c
0x2b3f10c | 0x6b3116 -> 0x8b186d8d
0x2b3f110 | 0x2b3f04c -> 0x2b3f0e8
0x2b3f114 | 0x1e609dac -> 0x16
0x2b3f118 | 0x1e609d00 -> 0xb0a648
0x2b3f11c | 0x2bd2680c -> 0x646975
0x2b3f120 | 0x1e609dac -> 0x16
0x2b3f124 | 0x2b3f164 -> 0x2b3f224
0x2b3f128 | 0x6b3763 -> 0xc381c289
0x2b3f12c | 0x1e609dac -> 0x16
0x2b3f130 | 0x2b3f13c -> 0x2bd266d4
0x2b3f134 | 0x2b3f224 -> 0x2b3f264
0x2b3f138 | 0x2bd267dc -> 0x228156a0
0x2b3f13c | 0x2bd266d4 -> 0x228154a0
0x2b3f140 | 0x527c0007 -> 0xb0a8888c
0x2b3f144 | 0x17
0x2b3f148 | 0xafb08088 -> 0x7fcff7ef
0x2b3f14c | 0x910e5c -> 0x8de58955
0x2b3f150 | 0
0x2b3f154 | 0x1e609d00 -> 0xb0a648
0x2b3f158 | 0x528263d8 -> 0xb0bf6c
0x2b3f15c | 0x2b3f254 -> 0x228151f0
0x2b3f160 | 0x528263d8 -> 0xb0bf6c
0x2b3f164 | 0x2b3f224 -> 0x2b3f264
0x2b3f168 | 0x6b42bd -> 0x8d9c458b
0x2b3f16c | 0x2b3f1c8 -> 0x2b3f2d8
0x2b3f170 | 0x2
0x2b3f174 | 0x6
0x2b3f178 | 0x2b3f2d8 -> 0x80
0x2b3f17c | 0x2b3f194 -> 0xaad280
0x2b3f180 | 0x910e5c -> 0x8de58955
0x2b3f184 | 0xaae687 -> 0x2001ffff
0x2b3f188 | 0x2b3f1cc -> 0xffffffff
0x2b3f18c | 0x6b3116 -> 0x8b186d8d
0x2b3f190 | 0x2b3f0cc -> 0x2b3f168
0x2b3f194 | 0xaad280 -> 0xa01ffff
0x2b3f198 | 0x2b3f1cc -> 0xffffffff
0x2b3f19c | 0x2bd266d4 -> 0x228154a0
0x2b3f1a0 | 0x3
0x2b3f1a4 | 0x3
0x2b3f1a8 | 0
0x2b3f1ac | 0x1
0x2b3f1b0 | 0x6
0x2b3f1b4 | 0x4
0x2b3f1b8 | 0x1b3f2d8
0x2b3f1bc | 0x1e609d00 -> 0xb0a648
0x2b3f1c0 | 0x1
0x2b3f1c4 | 0x528263d8 -> 0xb0bf6c
0x2b3f1c8 | 0x2b3f2d8 -> 0x80
0x2b3f1cc | 0xffffffff
0x2b3f1d0 | 0x910e5c -> 0x8de58955
0x2b3f1d4 | 0xaad280 -> 0xa01ffff
0x2b3f1d8 | 0x528263d8 -> 0xb0bf6c
0x2b3f1dc | 0x1e609d00 -> 0xb0a648
0x2b3f1e0 | 0x910e5c -> 0x8de58955
0x2b3f1e4 | 0xaae6d0 -> 0x801ffff
0x2b3f1e8 | 0x2b3f20c -> 0x1e609d00
0x2b3f1ec | 0x6b420a -> 0x8b186d8d
0x2b3f1f0 | 0x2b3f16c -> 0x2b3f1c8
0x2b3f1f4 | 0x1
0x2b3f1f8 | 0x1e609d00 -> 0xb0a648
0x2b3f1fc | 0x2b3f254 -> 0x228151f0
0x2b3f200 | 0x528263f4 -> 0xb0c02c
0x2b3f204 | 0x2b3f224 -> 0x2b3f264
0x2b3f208 | 0x6b4310 -> 0x474c084
0x2b3f20c | 0x1e609d00 -> 0xb0a648
0x2b3f210 | 0x528263d8 -> 0xb0bf6c
0x2b3f214 | 0x2b3f234 -> 0x528263d8
0x2b3f218 | 0x528263d8 -> 0xb0bf6c
0x2b3f21c | 0x2b3f254 -> 0x228151f0
0x2b3f220 | 0x528263f4 -> 0xb0c02c
0x2b3f224 | 0x2b3f264 -> 0x2b3f354
0x2b3f228 | 0x7fef49 -> 0x5b2cc483
0x2b3f22c | 0xb1ee00 -> 0xb0bf48
0x2b3f230 | 0x528263f4 -> 0xb0c02c
0x2b3f234 | 0x528263d8 -> 0xb0bf6c
0x2b3f238 | 0x527c2be8 -> 0xb0a888
0x2b3f23c | 0x1
0x2b3f240 | 0x528263d8 -> 0xb0bf6c
0x2b3f244 | 0x7fbde70 -> 0xb0d5d8
0x2b3f248 | 0x528263d8 -> 0xb0bf6c
0x2b3f24c | 0x7fc7488 -> 0xb0d5d8
0x2b3f250 | 0x527c2be8 -> 0xb0a888
0x2b3f254 | 0x228151f0 -> 0x2d88eb10
0x2b3f258 | 0x88
0x2b3f25c | 0x80
0x2b3f260 | 0xc30000 -> 0x915c2e8f
0x2b3f264 | 0x2b3f354 -> 0
0x2b3f268 | 0x4b6f7b -> 0x8180458b
0x2b3f26c | 0x2b3f2d8 -> 0x80
0x2b3f270 | 0
0x2b3f274 | 0x528263f4 -> 0xb0c02c
0x2b3f278 | 0x3907d0 -> 0x369cf5c8
0x2b3f27c | 0x88
0x2b3f280 | 0
0x2b3f284 | 0xd4e00c -> 0xdc248c8b
0x2b3f288 | 0x2c244ad -> 0x30305948
0x2b3f28c | 0xde72ec -> 0x30305948
0x2b3f290 | 0x2c242ad -> 0x5153794d
0x2b3f294 | 0xd4e01d -> 0x8b5b5e5f
0x2b3f298 | 0x2c242ad -> 0x5153794d
0x2b3f29c | 0x2c24258 -> 0
0x2b3f2a0 | 0x221214e4 -> 0x454c4553
0x2b3f2a4 | 0x7a3
0x2b3f2a8 | 0x391054 -> 0x369ceee8
0x2b3f2ac | 0x3901fc -> 0x100011
0x2b3f2b0 | 0x20
0x2b3f2b4 | 0
0x2b3f2b8 | 0x391050 -> 0x3907d0
0x2b3f2bc | 0x7fc7488 -> 0xb0d5d8
0x2b3f2c0 | 0x2b3f34c -> 0x2d866208
0x2b3f2c4 | 0x77270fc9 -> 0x4489c88b
0x2b3f2c8 | 0x80
0x2b3f2cc | 0
0x2b3f2d0 | 0x80
0x2b3f2d4 | 0x80
0x2b3f2d8 | 0x80
0x2b3f2dc | 0xffffffff
0x2b3f2e0 | 0x29e365a0 -> 0
0x2b3f2e4 | 0x2
0x2b3f2e8 | 0x11
0x2b3f2ec | 0x28
0x2b3f2f0 | 0
0x2b3f2f4 | 0x88
0x2b3f2f8 | 0x88
0x2b3f2fc | 0x80
0x2b3f300 | 0xc30000 -> 0x915c2e8f
0x2b3f304 | 0x390000 -> 0
0x2b3f308 | 0x2680a050 -> 0x3b8e0868
0x2b3f30c | 0xa
0x2b3f310 | 0x2680a090 -> 0xfffffbff
0x2b3f314 | 0x6c4
0x2b3f318 | 0x3907d0 -> 0x369cf5c8
0x2b3f31c | 0x88
0x2b3f320 | 0xb10948 -> 0x80000000
0x2b3f324 | 0x12bc
0x2b3f328 | 0xb10948 -> 0x80000000
0x2b3f32c | 0x2b3f41c -> 0x1
0x2b3f330 | 0x9daf22 -> 0xdcc481
0x2b3f334 | 0x2b3f390 -> 0
0x2b3f338 | 0x278
0x2b3f33c | 0x270
0x2b3f340 | 0xc30000 -> 0x915c2e8f
0x2b3f344 | 0x2b3f3e4 -> 0x2f0000
0x2b3f348 | 0x5e43b7 -> 0xc084da89
0x2b3f34c | 0x2d866208 -> 0xb0bb2c
0x2b3f350 | 0x2b3f394 -> 0x2b3f3bc
0x2b3f354 | 0
0x2b3f358 | 0x3907d0 -> 0x369cf5c8
0x2b3f35c | 0x288
0x2b3f360 | 0
0x2b3f364 | 0x3b8deb70 -> 0x290006
0x2b3f368 | 0x9
0x2b3f36c | 0
0x2b3f370 | 0x390000 -> 0
0x2b3f374 | 0x390000 -> 0
0x2b3f378 | 0x2d6de008 -> 0x3b8deb60
0x2b3f37c | 0x7726c36c -> 0x900028c2
0x2b3f380 | 0x73b2b6f5 -> 0x1033d
0x2b3f384 | 0x190
0x2b3f388 | 0x180
0x2b3f38c | 0
0x2b3f390 | 0
0x2b3f394 | 0x2b3f3bc -> 0
0x2b3f398 | 0x12024 -> 0
0x2b3f39c | 0x2b3f434 -> 0xb0082991
0x2b3f3a0 | 0x1c
0x2b3f3a4 | 0x2b3f434 -> 0xb0082991
0x2b3f3a8 | 0x1c
0x2b3f3ac | 0xd20709bb
0x2b3f3b0 | 0x73b2b800 -> 0x8b55ff8b
0x2b3f3b4 | 0xc4dcd8 -> 0xc4a9d8
0x2b3f3b8 | 0x73b2b785 -> 0xc25de58b
0x2b3f3bc | 0
0x2b3f3c0 | 0x1c
0x2b3f3c4 | 0
0x2b3f3c8 | 0
0x2b3f3cc | 0
0x2b3f3d0 | 0
0x2b3f3d4 | 0xffffffff
0x2b3f3d8 | 0xb1dce0 -> 0xb0b868
0x2b3f3dc | 0x1e7d09e8 -> 0x1ebc5530
0x2b3f3e0 | 0x2e43058 -> 0
0x2b3f3e4 | 0x2f0000 -> 0xaafbd213
0x2b3f3e8 | 0x2f22b8 -> 0x29fade9d
0x2b3f3ec | 0xb0082991 -> 0xb0bf
0x2b3f3f0 | 0x2f22b8 -> 0x29fade9d
0x2b3f3f4 | 0x21000021 -> 0xbfba3
0x2b3f3f8 | 0
0x2b3f3fc | 0xb0082991 -> 0xb0bf
0x2b3f400 | 0
0x2b3f404 | 0x2e43058 -> 0
0x2b3f408 | 0x2f0498 -> 0x19fad2a1
0x2b3f40c | 0x77f
0x2b3f410 | 0x2f00c0 -> 0x2f0b88
0x2b3f414 | 0x2b3f464 -> 0x2b3f4b0
0x2b3f418 | 0x7727294b -> 0xc985c88b
0x2b3f41c | 0x1
0x2b3f420 | 0x7ff
0x2b3f424 | 0xc1d
0x2b3f428 | 0x2f22b8 -> 0x29fade9d
0x2b3f42c | 0x2f0000 -> 0xaafbd213
0x2b3f430 | 0
0x2b3f434 | 0xb0082991 -> 0xb0bf
0x2b3f438 | 0x2f0000 -> 0xaafbd213
0x2b3f43c | 0x77f
0x2b3f440 | 0x1dfc
0x2b3f444 | 0xc1d
0x2b3f448 | 0xb0082991 -> 0xb0bf
0x2b3f44c | 0x2e69358 -> 0x88f2fb11
0x2b3f450 | 0x2f0000 -> 0xaafbd213
0x2b3f454 | 0x2e69360 -> 0x2f00c0
0x2b3f458 | 0xc1d
0x2b3f45c | 0xc1d
0x2b3f460 | 0xb3f4b0
0x2b3f464 | 0x2b3f4b0 -> 0x2b3f5c0
0x2b3f468 | 0x7724e505 -> 0x8b74468b
0x2b3f46c | 0
0x2b3f470 | 0x2f0000 -> 0xaafbd213
0x2b3f474 | 0x2f83a0 -> 0x3bfbd080
0x2b3f478 | 0x2f22b8 -> 0x29fade9d
0x2b3f47c | 0x2b3f3ac -> 0xd20709bb
0x2b3f480 | 0x7726c47c -> 0x900018c2
0x2b3f484 | 0x2f22b8 -> 0x29fade9d
0x2b3f488 | 0xffffffff
0x2b3f48c | 0x2b3f4b4 -> 0x77273300
0x2b3f490 | 0
0x2b3f494 | 0x2b3f4b0 -> 0x2b3f5c0
0x2b3f498 | 0
0x2b3f49c | 0x77272456 -> 0x8b84458b
0x2b3f4a0 | 0xd68ee160
0x2b3f4a4 | 0x2f0b80 -> 0x3bfad283
0x2b3f4a8 | 0x2f0000 -> 0xaafbd213
0x2b3f4ac | 0x2f0b88 -> 0x2fe3a8
0x2b3f4b0 | 0x2b3f5c0 -> 0x2b3f610
0x2b3f4b4 | 0x77273300 -> 0xfff140e9
0x2b3f4b8 | 0xc1d
0x2b3f4bc | 0x77272456 -> 0x8b84458b
0x2b3f4c0 | 0xd68ee100
0x2b3f4c4 | 0x2fe430 -> 0x3010002
0x2b3f4c8 | 0x2f0000 -> 0xaafbd213
0x2b3f4cc | 0x2fe438 -> 0x656e6567
0x2b3f4d0 | 0x2f0000 -> 0xaafbd213
0x2b3f4d4 | 0xfffffff1
0x2b3f4d8 | 0xb0082991 -> 0xb0bf
0x2b3f4dc | 0xffffffed
0x2b3f4e0 | 0x12010013 -> 0
0x2b3f4e4 | 0xc4fffc -> 0xc55638
0x2b3f4e8 | 0x3000003 -> 0
0x2b3f4ec | 0x1
0x2b3f4f0 | 0x3000003 -> 0
0x2b3f4f4 | 0xa36078 -> 0xc718c583
0x2b3f4f8 | 0xb0082991 -> 0xb0bf
0x2b3f4fc | 0
0x2b3f500 | 0xb0082991 -> 0xb0bf
0x2b3f504 | 0x190
0x2b3f508 | 0x21000021 -> 0xbfba3
0x2b3f50c | 0xc000020d -> 0x1000000
0x2b3f510 | 0x21000021 -> 0xbfba3
0x2b3f514 | 0xc554b0 -> 0x2678835a
0x2b3f518 | 0x6000006 -> 0
0x2b3f51c | 0x2f0b80 -> 0x3bfad283
0x2b3f520 | 0x21000021 -> 0xbfba3
0x2b3f524 | 0x1
0x2b3f528 | 0x2f0000 -> 0xaafbd213
0x2b3f52c | 0
0x2b3f530 | 0x80
0x2b3f534 | 0
0x2b3f538 | 0x80
0x2b3f53c | 0x2fe3a0 -> 0x2cfad294
0x2b3f540 | 0x2f0288 -> 0x2
0x2b3f544 | 0x1
0x2b3f548 | 0x21
0x2b3f54c | 0x1
0x2b3f550 | 0x21
0x2b3f554 | 0
0x2b3f558 | 0x2fe3a8 -> 0x2f04a0
0x2b3f55c | 0x2f04a0 -> 0x2fed60
0x2b3f560 | 0x21000021 -> 0xbfba3
0x2b3f564 | 0x12
0x2b3f568 | 0x21000021 -> 0xbfba3
0x2b3f56c | 0xe
0x2b3f570 | 0x14
0x2b3f574 | 0
0x2b3f578 | 0
0x2b3f57c | 0x2f0b88 -> 0x2fe3a8
0x2b3f580 | 0x1c50000
0x2b3f584 | 0x14
0x2b3f588 | 0x2f0260 -> 0x2e43058
0x2b3f58c | 0x14
0x2b3f590 | 0x12f0260 -> 0
0x2b3f594 | 0x14
0x2b3f598 | 0x2f0260 -> 0x2e43058
0x2b3f59c | 0x2f0260 -> 0x2e43058
0x2b3f5a0 | 0x12f0260 -> 0
0x2b3f5a4 | 0x14
0x2b3f5a8 | 0x1000000
0x2b3f5ac | 0x10
0x2b3f5b0 | 0x2b3f63c -> 0x2b3fea8
0x2b3f5b4 | 0x772c7480 -> 0x8b55ff8b
0x2b3f5b8 | 0xa31a0ac8 -> 0xb0bf6c
0x2b3f5bc | 0xfffffffe
0x2b3f5c0 | 0x2b3f610 -> 0x2b3f64c
0x2b3f5c4 | 0x77271d8a -> 0x5fc0b60f
0x2b3f5c8 | 0
0x2b3f5cc | 0x2fe438 -> 0x656e6567
0x2b3f5d0 | 0x2b3ff30 -> 0xc3ecc0
0x2b3f5d4 | 0x2fe438 -> 0x656e6567
0x2b3f5d8 | 0
0x2b3f5dc | 0x2fe418 -> 0x746f6f72
0x2b3f5e0 | 0
0x2b3f5e4 | 0x2b3fea8 -> 0x2b3ff68
0x2b3f5e8 | 0x772c7480 -> 0x8b55ff8b
0x2b3f5ec | 0x2b3f60c -> 0
0x2b3f5f0 | 0x2b3f62c -> 0
0x2b3f5f4 | 0xdce008 -> 0x2486e8
0x2b3f5f8 | 0x2f0000 -> 0xaafbd213
0x2b3f5fc | 0
0x2b3f600 | 0xdce00d -> 0x244c8bc3
0x2b3f604 | 0x2b3ff30 -> 0xc3ecc0
0x2b3f608 | 0x2c24258 -> 0
0x2b3f60c | 0
0x2b3f610 | 0x2b3f64c -> 0xdce00d
0x2b3f614 | 0xdce008 -> 0x2486e8
0x2b3f618 | 0x2f0000 -> 0xaafbd213
0x2b3f61c | 0
0x2b3f620 | 0xdce00d -> 0x244c8bc3
0x2b3f624 | 0x2b3ff30 -> 0xc3ecc0
0x2b3f628 | 0x2c24258 -> 0
0x2b3f62c | 0
0x2b3f630 | 0
0x2b3f634 | 0x2b3f624 -> 0x2b3ff30
0x2b3f638 | 0x2b3f628 -> 0x2c24258
0x2b3f63c | 0x2b3fea8 -> 0x2b3ff68
0x2b3f640 | 0xdcf9b4 -> 0x83ec8b55
0x2b3f644 | 0xdf7930 -> 0xffffffff
0x2b3f648 | 0xffffffff
0x2b3f64c | 0xdce00d -> 0x244c8bc3
0x2b3f650 | 0xd4ba00 -> 0xc483c033
0x2b3f654 | 0x2fe438 -> 0x656e6567
0x2b3f658 | 0x2fe428 -> 0x2e42000
0x2b3f65c | 0x2fe418 -> 0x746f6f72
0x2b3f660 | 0x2fe3a8 -> 0x2f04a0
0x2b3f664 | 0x2d072fc -> 0x746f6f72
0x2b3f668 | 0xcea
0x2b3f66c | 0xa3f05d61 -> 0x2ca3f05d
0x2b3f670 | 0x497299 -> 0x8520ec83
0x2b3f674 | 0x2c24258 -> 0
0x2b3f678 | 0x2d0737c -> 0x61636f6c
0x2b3f67c | 0x2d072fc -> 0x746f6f72
0x2b3f680 | 0xac4580 -> 0
0x2b3f684 | 0x2d06ebc -> 0x656e6567
0x2b3f688 | 0xcea
0x2b3f68c | 0
0x2b3f690 | 0
0x2b3f694 | 0x3
0x2b3f698 | 0xac4580 -> 0
0x2b3f69c | 0x2c24248 -> 0xb0b1a8
0x2b3f6a0 | 0x2c24248 -> 0xb0b1a8
0x2b3f6a4 | 0xac45ec -> 0x85a49318
0x2b3f6a8 | 0x2b3ff30 -> 0xc3ecc0
0x2b3f6ac | 0x2b3f6cc -> 0x2b3f74c
0x2b3f6b0 | 0x49735d -> 0x774c084
0x2b3f6b4 | 0x2c24248 -> 0xb0b1a8
0x2b3f6b8 | 0xac47a4 -> 0xb0c448
0x2b3f6bc | 0xd4bc45 -> 0x974c085
0x2b3f6c0 | 0x2c24258 -> 0
0x2b3f6c4 | 0x221214e4 -> 0x454c4553
0x2b3f6c8 | 0xac47a4 -> 0xb0c448
0x2b3f6cc | 0x2b3f74c -> 0x2b3fc3c
0x2b3f6d0 | 0x4969cd -> 0x1d74c084
0x2b3f6d4 | 0x2c24248 -> 0xb0b1a8
0x2b3f6d8 | 0x221214e4 -> 0x454c4553
0x2b3f6dc | 0x63
0x2b3f6e0 | 0x2b3f724 -> 0x910e5c
0x2b3f6e4 | 0
0x2b3f6e8 | 0x2b3fb98 -> 0xb0cbb4
0x2b3f6ec | 0x2b3fb64 -> 0xb0cb8c
0x2b3f6f0 | 0x2b3f940 -> 0x2b3fc80
0x2b3f6f4 | 0x2
0x2b3f6f8 | 0x2c24258 -> 0
0x2b3f6fc | 0x7d6
0x2b3f700 | 0x2b3fb54 -> 0x221214e4
0x2b3f704 | 0x2c24248 -> 0xb0b1a8
0x2b3f708 | 0
0x2b3f70c | 0x2b3f940 -> 0x2b3fc80
0x2b3f710 | 0xffffffff
0x2b3f714 | 0xa1828c -> 0x8b18c583
0x2b3f718 | 0x2b3f6d4 -> 0x2c24248
0x2b3f71c | 0x2b3f74c -> 0x2b3fc3c
0x2b3f720 | 0x9bc3ee -> 0xc708ec83
0x2b3f724 | 0x910e5c -> 0x8de58955
0x2b3f728 | 0xaa2532 -> 0x201ffff
0x2b3f72c | 0x2b3f740 -> 0xac47a4
0x2b3f730 | 0x496adf -> 0x8b0c6d8d
0x2b3f734 | 0x2b3f6d4 -> 0x2c24248
0x2b3f738 | 0x7fffffff -> 0x1fb23800
0x2b3f73c | 0x7630b106 -> 0x75ff85c3
0x2b3f740 | 0xac47a4 -> 0xb0c448
0x2b3f744 | 0xac45ec -> 0x85a49318
0x2b3f748 | 0x2b3ff30 -> 0xc3ecc0
0x2b3f74c | 0x2b3fc3c -> 0x2b3fcec
0x2b3f750 | 0x8ae6f3 -> 0xd4e9
0x2b3f754 | 0x2c24248 -> 0xb0b1a8
0x2b3f758 | 0x2b3fb54 -> 0x221214e4
0x2b3f75c | 0x18
0x2b3f760 | 0x2b3fa88 -> 0xc4dfc8
0x2b3f764 | 0xadbe42 -> 0x646961
0x2b3f768 | 0xadbe45 -> 0x73000000
0x2b3f76c | 0x2b3f864 -> 0x2b3f8c0
0x2b3f770 | 0x2b3fb70 -> 0xb0f430
0x2b3f774 | 0x4c9a3268 -> 0xb0bf6c
0x2b3f778 | 0x4c9a3268 -> 0xb0bf6c
0x2b3f77c | 0x2b3f89c -> 0x2b3f8bc
0x2b3f780 | 0x6b32ff -> 0xff74858b
0x2b3f784 | 0x2b3f820 -> 0x2b3fbb4
0x2b3f788 | 0x910e5c -> 0x8de58955
0x2b3f78c | 0xa9f9a2 -> 0x1401ffff
0x2b3f790 | 0x2b3f7e4 -> 0xac45cc
0x2b3f794 | 0x9dae4a -> 0x8b186d8d
0x2b3f798 | 0x2b3f714 -> 0xa1828c
0x2b3f79c | 0x2b3f8bc -> 0x3901c8
0x2b3f7a0 | 0x2b3f8c0 -> 0x2b3faa0
0x2b3f7a4 | 0xa0f76b -> 0x8b18c583
0x2b3f7a8 | 0xfffffffe
0x2b3f7ac | 0x2b3f9bc -> 0x2b3fbdc
0x2b3f7b0 | 0xa0f0f7 -> 0xfea0858b
0x2b3f7b4 | 0x2b3f8c0 -> 0x2b3faa0
0x2b3f7b8 | 0x85a493b4 -> 0x646961
0x2b3f7bc | 0x85a493a8 -> 0x85a491f8
0x2b3f7c0 | 0x2b3f884 -> 0x4c958d20
0x2b3f7c4 | 0xc30000 -> 0x915c2e8f
0x2b3f7c8 | 0x2129a1f0 -> 0x6f006e
0x2b3f7cc | 0
0x2b3f7d0 | 0xd08
0x2b3f7d4 | 0x178
0x2b3f7d8 | 0x85a493b4 -> 0x646961
0x2b3f7dc | 0x85a493a8 -> 0x85a491f8
0x2b3f7e0 | 0xc4dfc8 -> 0xb0ebc8
0x2b3f7e4 | 0xac45cc -> 0
0x2b3f7e8 | 0xc4dfc8 -> 0xb0ebc8
0x2b3f7ec | 0x2b3f8dc -> 0x2b3fbdc
0x2b3f7f0 | 0x9daf22 -> 0xdcc481
0x2b3f7f4 | 0x2b3f850 -> 0x2b3fd00
0x2b3f7f8 | 0x2b3ff30 -> 0xc3ecc0
0x2b3f7fc | 0x2b3fafc -> 0x2b3fbdc
0x2b3f800 | 0x9d1f16 -> 0xffd845c7
0x2b3f804 | 0x2b3fa88 -> 0xc4dfc8
0x2b3f808 | 0x2
0x2b3f80c | 0x1e609d00 -> 0xb0a648
0x2b3f810 | 0x1fd4e738 -> 0xb0db88
0x2b3f814 | 0x7726c8ac -> 0x900014c2
0x2b3f818 | 0x76b4284f -> 0x7d89f88b
0x2b3f81c | 0x2
0x2b3f820 | 0x2b3fbb4 -> 0
0x2b3f824 | 0x1
0x2b3f828 | 0
0x2b3f82c | 0x76b4286c -> 0x880fff85
0x2b3f830 | 0xd70288f5
0x2b3f834 | 0x2
0x2b3f838 | 0xfffffffe
0x2b3f83c | 0x13
0x2b3f840 | 0x2b3fb68 -> 0
0x2b3f844 | 0x6b3116 -> 0x8b186d8d
0x2b3f848 | 0x2b3f784 -> 0x2b3f820
0x2b3f84c | 0xffff
0x2b3f850 | 0x2b3fd00 -> 0xa10d5f
0x2b3f854 | 0xac474c -> 0
0x2b3f858 | 0x2b3fbe8 -> 0
0x2b3f85c | 0x701
0x2b3f860 | 0xfffffffe
0x2b3f864 | 0x2b3f8c0 -> 0x2b3faa0
0x2b3f868 | 0x910e5c -> 0x8de58955
0x2b3f86c | 0xa9f9a2 -> 0x1401ffff
0x2b3f870 | 0x2b3f8c4 -> 0
0x2b3f874 | 0x9dae4a -> 0x8b186d8d
0x2b3f878 | 0x2b3f7f4 -> 0x2b3f850
0x2b3f87c | 0x2b3f88c -> 0x20
0x2b3f880 | 0x7f8b01 -> 0xc9c0b60f
0x2b3f884 | 0x4c958d20 -> 0xb0a888
0x2b3f888 | 0x3907d0 -> 0x369cf5c8
0x2b3f88c | 0x20
0x2b3f890 | 0
0x2b3f894 | 0x44484358 -> 0x30205b2
0x2b3f898 | 0x43e67120 -> 0xff800000
0x2b3f89c | 0x2b3f8bc -> 0x3901c8
0x2b3f8a0 | 0x390000 -> 0
0x2b3f8a4 | 0x390000 -> 0
0x2b3f8a8 | 0x43e67008 -> 0x44484348
0x2b3f8ac | 0x3
0x2b3f8b0 | 0x2b3fbd8 -> 0
0x2b3f8b4 | 0x701
0x2b3f8b8 | 0xfffffffe
0x2b3f8bc | 0x3901c8 -> 0x30004
0x2b3f8c0 | 0x2b3faa0 -> 0x9d1bba
0x2b3f8c4 | 0
0x2b3f8c8 | 0x390900 -> 0x3907d0
0x2b3f8cc | 0x2b3f98c -> 0x14
0x2b3f8d0 | 0xc4dfc8 -> 0xb0ebc8
0x2b3f8d4 | 0xac45cc -> 0
0x2b3f8d8 | 0x2b3ff30 -> 0xc3ecc0
0x2b3f8dc | 0x2b3fbdc -> 0
0x2b3f8e0 | 0x9d1f16 -> 0xffd845c7
0x2b3f8e4 | 0x2b3fb68 -> 0
0x2b3f8e8 | 0x2
0x2b3f8ec | 0x2b3f90c -> 0
0x2b3f8f0 | 0x43e71190 -> 0x1
0x2b3f8f4 | 0x2
0x2b3f8f8 | 0x4
0x2b3f8fc | 0x2
0x2b3f900 | 0
0x2b3f904 | 0x20
0x2b3f908 | 0x4c958d20 -> 0xb0a888
0x2b3f90c | 0
0x2b3f910 | 0x146a78a
0x2b3f914 | 0x1e609d00 -> 0xb0a648
0x2b3f918 | 0x910e5c -> 0x8de58955
0x2b3f91c | 0xa9d8fa -> 0x1401ffff
0x2b3f920 | 0x2b3f974 -> 0xffffd8f0
0x2b3f924 | 0x96a4fe -> 0x8b186d8d
0x2b3f928 | 0x2b3f8b4 -> 0x701
0x2b3f92c | 0x2129a200 -> 0x2129a1f4
0x2b3f930 | 0x353
0x2b3f934 | 0x83f2d460 -> 0x390830
0x2b3f938 | 0x2c24248 -> 0xb0b1a8
0x2b3f93c | 0
0x2b3f940 | 0x2b3fc80 -> 0x2b3fd20
0x2b3f944 | 0x56
0x2b3f948 | 0
0x2b3f94c | 0
0x2b3f950 | 0
0x2b3f954 | 0
0x2b3f958 | 0x910e5c -> 0x8de58955
0x2b3f95c | 0xac0334 -> 0xb201ffff
0x2b3f960 | 0x2b3fc24 -> 0xffffffff
0x2b3f964 | 0x8aea72 -> 0x8b186d8d
0x2b3f968 | 0x2b3f754 -> 0x2c24248
0x2b3f96c | 0xfffde000 -> 0
0x2b3f970 | 0x4e20
0x2b3f974 | 0xffffd8f0
0x2b3f978 | 0x14
0x2b3f97c | 0
0x2b3f980 | 0x2b3f970 -> 0x4e20
0x2b3f984 | 0xb3f99c
0x2b3f988 | 0x20
0x2b3f98c | 0x14
0x2b3f990 | 0x2b3fea8 -> 0x2b3ff68
0x2b3f994 | 0x76b5cb00 -> 0x8b55ff8b
0x2b3f998 | 0xa305581d -> 0
0x2b3f99c | 0xfffffffe
0x2b3f9a0 | 0xc4dfc8 -> 0xb0ebc8
0x2b3f9a4 | 0xac45ec -> 0x85a49318
0x2b3f9a8 | 0xc4dfc8 -> 0xb0ebc8
0x2b3f9ac | 0x2b3fa9c -> 0x2b3fd9c
0x2b3f9b0 | 0x9daf22 -> 0xdcc481
0x2b3f9b4 | 0x2b3fa10 -> 0xfaffaa0
0x2b3f9b8 | 0x1
0x2b3f9bc | 0x2b3fbdc -> 0
0x2b3f9c0 | 0x90e430 -> 0xfe84858b
0x2b3f9c4 | 0x2b3faa0 -> 0x9d1bba
0x2b3f9c8 | 0x2b3fbb4 -> 0
0x2b3f9cc | 0
0x2b3f9d0 | 0xfffffffe
0x2b3f9d4 | 0x7f7
0x2b3f9d8 | 0x390904 -> 0x44484348
0x2b3f9dc | 0x3901c8 -> 0x30004
0x2b3f9e0 | 0x20
0x2b3f9e4 | 0
0x2b3f9e8 | 0x390900 -> 0x3907d0
0x2b3f9ec | 0x43e712b0 -> 0
0x2b3f9f0 | 0x2b3fa7c -> 0
0x2b3f9f4 | 0x77270fc9 -> 0x4489c88b
0x2b3f9f8 | 0x14
0x2b3f9fc | 0
0x2b3fa00 | 0x2b3fd48 -> 0x2b3fd04
0x2b3fa04 | 0x14
0x2b3fa08 | 0x14
0x2b3fa0c | 0xac4bc8 -> 0
0x2b3fa10 | 0xfaffaa0 -> 0xfaffd00
0x2b3fa14 | 0x2
0x2b3fa18 | 0x4
0x2b3fa1c | 0x2b3fb70 -> 0xb0f430
0x2b3fa20 | 0
0x2b3fa24 | 0x20
0x2b3fa28 | 0x910e5c -> 0x8de58955
0x2b3fa2c | 0xa9f9a2 -> 0x1401ffff
0x2b3fa30 | 0x2b3fa84 -> 0xac45cc
0x2b3fa34 | 0x9dae4a -> 0x8b186d8d
0x2b3fa38 | 0x2b3f9b4 -> 0x2b3fa10
0x2b3fa3c | 0x1f8
0x2b3fa40 | 0x80000000 -> 0x7f1fb238
0x2b3fa44 | 0x7fffffff -> 0x1fb23800
0x2b3fa48 | 0x24
0x2b3fa4c | 0x1
0x2b3fa50 | 0xffffffff
0x2b3fa54 | 0x1
0x2b3fa58 | 0
0x2b3fa5c | 0x2
0x2b3fa60 | 0x1
0x2b3fa64 | 0x701
0x2b3fa68 | 0xfffffffe
0x2b3fa6c | 0x2b3fa84 -> 0xac45cc
0x2b3fa70 | 0x1f0003
0x2b3fa74 | 0x2b3faac -> 0x2b3fadc
0x2b3fa78 | 0x76b4d3bd -> 0x424448b
0x2b3fa7c | 0
0x2b3fa80 | 0xc4dfc8 -> 0xb0ebc8
0x2b3fa84 | 0xac45cc -> 0
0x2b3fa88 | 0xc4dfc8 -> 0xb0ebc8
0x2b3fa8c | 0x1
0x2b3fa90 | 0xc4dfc8 -> 0xb0ebc8
0x2b3fa94 | 0xac45ec -> 0x85a49318
0x2b3fa98 | 0x2b3ff30 -> 0xc3ecc0
0x2b3fa9c | 0x2b3fd9c -> 0x2b3fecc
0x2b3faa0 | 0x9d1bba -> 0xfed845c7
0x2b3faa4 | 0x2b3fd48 -> 0x2b3fd04
0x2b3faa8 | 0
0x2b3faac | 0x2b3fadc -> 0x2b3fafc
0x2b3fab0 | 0x76e4fc2b -> 0xf685f88b
0x2b3fab4 | 0x43e6d3d0 -> 0x5
0x2b3fab8 | 0x910e5c -> 0x8de58955
0x2b3fabc | 0xac15c2 -> 0x2601ffff
0x2b3fac0 | 0x2b3fbc4 -> 0
0x2b3fac4 | 0x90e922 -> 0x8b18c583
0x2b3fac8 | 0x2b3f9c4 -> 0x2b3faa0
0x2b3facc | 0x2b3ff30 -> 0xc3ecc0
0x2b3fad0 | 0xac45cc -> 0
0x2b3fad4 | 0x910e5c -> 0x8de58955
0x2b3fad8 | 0xaafcc1 -> 0x201ffff
0x2b3fadc | 0x2b3fafc -> 0x2b3fbdc
0x2b3fae0 | 0x95598b -> 0xa908ec83
0x2b3fae4 | 0xac45cc -> 0
0x2b3fae8 | 0x80000000 -> 0x7f1fb238
0x2b3faec | 0x2b3fafc -> 0x2b3fbdc
0x2b3faf0 | 0xc4dfc8 -> 0xb0ebc8
0x2b3faf4 | 0xac45cc -> 0
0x2b3faf8 | 0xc4dfc8 -> 0xb0ebc8
0x2b3fafc | 0x2b3fbdc -> 0
0x2b3fb00 | 0x9baf87 -> 0x8d08458b
0x2b3fb04 | 0x2b3fb70 -> 0xb0f430
0x2b3fb08 | 0x2b3fba4 -> 0x1002
0x2b3fb0c | 0x1
0x2b3fb10 | 0x2b3fb60 -> 0x7fffffff
0x2b3fb14 | 0
0x2b3fb18 | 0
0x2b3fb1c | 0x2
0x2b3fb20 | 0x34e
0x2b3fb24 | 0x83f2d460 -> 0x390830
0x2b3fb28 | 0x64
0x2b3fb2c | 0x104
0x2b3fb30 | 0x43e6d3d4 -> 0x5
0x2b3fb34 | 0x85a44010 -> 0x83f2d460
0x2b3fb38 | 0x43e6d3d0 -> 0x5
0x2b3fb3c | 0xac45e8 -> 0x104
0x2b3fb40 | 0x43e6d3d0 -> 0x5
0x2b3fb44 | 0x43e6d3d0 -> 0x5
0x2b3fb48 | 0xac45dc -> 0x2e641d00
0x2b3fb4c | 0x2b3fb6c -> 0xb0cba0
0x2b3fb50 | 0xc4dfc8 -> 0xb0ebc8
0x2b3fb54 | 0x221214e4 -> 0x454c4553
0x2b3fb58 | 0xffffffff
0x2b3fb5c | 0xffffffff
0x2b3fb60 | 0x7fffffff -> 0x1fb23800
0x2b3fb64 | 0xb0cb8c -> 0x9f85d0
0x2b3fb68 | 0
0x2b3fb6c | 0xb0cba0 -> 0xa9c428
0x2b3fb70 | 0xb0f430 -> 0xa427f0
0x2b3fb74 | 0x2d6e480c -> 0x454c4553
0x2b3fb78 | 0x2d6e480c -> 0x454c4553
0x2b3fb7c | 0x2d6e480c -> 0x454c4553
0x2b3fb80 | 0x2d6e480c -> 0x454c4553
0x2b3fb84 | 0x2d6e486f -> 0x340
0x2b3fb88 | 0x2d6e4a6f -> 0x340
0x2b3fb8c | 0xb29408 -> 0x21
0x2b3fb90 | 0x18
0x2b3fb94 | 0x2d6e480c -> 0x454c4553
0x2b3fb98 | 0xb0cbb4 -> 0xa9c610
0x2b3fb9c | 0x6
0x2b3fba0 | 0
0x2b3fba4 | 0x1002
0x2b3fba8 | 0
0x2b3fbac | 0
0x2b3fbb0 | 0
0x2b3fbb4 | 0
0x2b3fbb8 | 0
0x2b3fbbc | 0
0x2b3fbc0 | 0
0x2b3fbc4 | 0
0x2b3fbc8 | 0
0x2b3fbcc | 0
0x2b3fbd0 | 0
0x2b3fbd4 | 0
0x2b3fbd8 | 0
0x2b3fbdc | 0
0x2b3fbe0 | 0
0x2b3fbe4 | 0
0x2b3fbe8 | 0
0x2b3fbec | 0
0x2b3fbf0 | 0
0x2b3fbf4 | 0
0x2b3fbf8 | 0
0x2b3fbfc | 0x8
0x2b3fc00 | 0x2b3fbbc -> 0
0x2b3fc04 | 0xb29408 -> 0x21
0x2b3fc08 | 0
0x2b3fc0c | 0
0x2b3fc10 | 0x2b3fb70 -> 0xb0f430
0x2b3fc14 | 0xb29148 -> 0xb0f758
0x2b3fc18 | 0xb29118 -> 0xb0f838
0x2b3fc1c | 0xb29120 -> 0xb0f7f8
0x2b3fc20 | 0x2b3fd20 -> 0xfaffaa0
0x2b3fc24 | 0xffffffff
0x2b3fc28 | 0x7fffffff -> 0x1fb23800
0x2b3fc2c | 0x2b3fc4c -> 0xac45c4
0x2b3fc30 | 0xac47a4 -> 0xb0c448
0x2b3fc34 | 0xac45ec -> 0x85a49318
0x2b3fc38 | 0x2b3ff30 -> 0xc3ecc0
0x2b3fc3c | 0x2b3fcec -> 0x2b3fcfc
0x2b3fc40 | 0x8ad7a8 -> 0xb8c85d8d
0x2b3fc44 | 0xac4ac0 -> 0xb0c568
0x2b3fc48 | 0xc4dfc8 -> 0xb0ebc8
0x2b3fc4c | 0xac45c4 -> 0
0x2b3fc50 | 0x2b3fd60 -> 0x6f9104
0x2b3fc54 | 0x2b3fe94 -> 0xac45c4
0x2b3fc58 | 0
0x2b3fc5c | 0xaa48d4 -> 0x1001ffff
0x2b3fc60 | 0x7631a747 -> 0xfffffec3
0x2b3fc64 | 0xd78a3105
0x2b3fc68 | 0x2b3ff30 -> 0xc3ecc0
0x2b3fc6c | 0x2b3fd84 -> 0x5ed65ab5
0x2b3fc70 | 0
0x2b3fc74 | 0x2b3fd84 -> 0x5ed65ab5
0x2b3fc78 | 0xe046bc78
0x2b3fc7c | 0x763a06ac -> 0xc0330689
0x2b3fc80 | 0x2b3fd20 -> 0xfaffaa0
0x2b3fc84 | 0xffffffff
0x2b3fc88 | 0x989680 -> 0x2899fe8
0x2b3fc8c | 0
0x2b3fc90 | 0x2b3ff30 -> 0xc3ecc0
0x2b3fc94 | 0xac4720 -> 0xb0b8e0
0x2b3fc98 | 0x910e5c -> 0x8de58955
0x2b3fc9c | 0xabfe40 -> 0x401ffff
0x2b3fca0 | 0x2b3fcd4 -> 0x1de20e40
0x2b3fca4 | 0x8ad833 -> 0x8b186d8d
0x2b3fca8 | 0x2b3fc44 -> 0xac4ac0
0x2b3fcac | 0x2680b618 -> 0x20657554
0x2b3fcb0 | 0x2b3fcfc -> 0x2b3fd9c
0x2b3fcb4 | 0x1
0x2b3fcb8 | 0xc30000 -> 0x915c2e8f
0x2b3fcbc | 0
0x2b3fcc0 | 0x2b3ff30 -> 0xc3ecc0
0x2b3fcc4 | 0x43e6d3d0 -> 0x5
0x2b3fcc8 | 0x22432b54 -> 0
0x2b3fccc | 0x2680b618 -> 0x20657554
0x2b3fcd0 | 0x122
0x2b3fcd4 | 0x1de20e40 -> 0x390830
0x2b3fcd8 | 0x64
0x2b3fcdc | 0
0x2b3fce0 | 0xac47a4 -> 0xb0c448
0x2b3fce4 | 0xac45ec -> 0x85a49318
0x2b3fce8 | 0x2b3ff30 -> 0xc3ecc0
0x2b3fcec | 0x2b3fcfc -> 0x2b3fd9c
0x2b3fcf0 | 0x9c88d0 -> 0x5b04c483
0x2b3fcf4 | 0xac47a4 -> 0xb0c448
0x2b3fcf8 | 0xc4dfc8 -> 0xb0ebc8
0x2b3fcfc | 0x2b3fd9c -> 0x2b3fecc
0x2b3fd00 | 0xa10d5f -> 0x8984458d
0x2b3fd04 | 0x22423e54 -> 0x8ad738
0x2b3fd08 | 0x64
0x2b3fd0c | 0
0x2b3fd10 | 0
0x2b3fd14 | 0x85a44010 -> 0x83f2d460
0x2b3fd18 | 0x37d0030 -> 0
0x2b3fd1c | 0x22423e50 -> 0xac49d0
0x2b3fd20 | 0xfaffaa0 -> 0xfaffd00
0x2b3fd24 | 0xffffffff
0x2b3fd28 | 0xc4dfc8 -> 0xb0ebc8
0x2b3fd2c | 0x2b3fd9c -> 0x2b3fecc
0x2b3fd30 | 0x95a458 -> 0x5bf4658d
0x2b3fd34 | 0x2b3fd5c -> 0x2b3fd9c
0x2b3fd38 | 0x910e5c -> 0x8de58955
0x2b3fd3c | 0xab9120 -> 0x601ffff
0x2b3fd40 | 0x2b3fd84 -> 0x5ed65ab5
0x2b3fd44 | 0xa10cf2 -> 0x8b186d8d
0x2b3fd48 | 0x2b3fd04 -> 0x22423e54
0x2b3fd4c | 0xfffffffe
0x2b3fd50 | 0x7fffffff -> 0x1fb23800
0x2b3fd54 | 0x43e6d3d0 -> 0x5
0x2b3fd58 | 0xd78a30d5
0x2b3fd5c | 0x2b3fd9c -> 0x2b3fecc
0x2b3fd60 | 0x6f9104 -> 0xec45bf0f
0x2b3fd64 | 0x2b3fd84 -> 0x5ed65ab5
0x2b3fd68 | 0x7fffffff -> 0x1fb23800
0x2b3fd6c | 0x2b3fea8 -> 0x2b3ff68
0x2b3fd70 | 0x76327220 -> 0x8b55ff8b
0x2b3fd74 | 0xfffffffe
0x2b3fd78 | 0x7fffffff -> 0x1fb23800
0x2b3fd7c | 0x328
0x2b3fd80 | 0
0x2b3fd84 | 0x5ed65ab5 -> 0
0x2b3fd88 | 0xb40328
0x2b3fd8c | 0x2b30000 -> 0
0x2b3fd90 | 0xc4dfc8 -> 0xb0ebc8
0x2b3fd94 | 0xac45ec -> 0x85a49318
0x2b3fd98 | 0x2b3ff30 -> 0xc3ecc0
0x2b3fd9c | 0x2b3fecc -> 0x2b3fedc
0x2b3fda0 | 0x7f4950 -> 0x202404c7
0x2b3fda4 | 0x22423e50 -> 0xac49d0
0x2b3fda8 | 0x2b3fe0c -> 0xfffffffe
0x2b3fdac | 0
0x2b3fdb0 | 0
0x2b3fdb4 | 0xffffffff
0x2b3fdb8 | 0xffffffff
0x2b3fdbc | 0x35314301
0x2b3fdc0 | 0x45303337 -> 0xb0a8888c
0x2b3fdc4 | 0xfffffffe
0x2b3fdc8 | 0x7fffffff -> 0x1fb23800
0x2b3fdcc | 0x2b3fe64 -> 0x35314301
0x2b3fdd0 | 0xffffffff
0x2b3fdd4 | 0xb2488c -> 0xc15730e2
0x2b3fdd8 | 0x7726c3ec -> 0x900004c2
0x2b3fddc | 0x76b3ef8a -> 0xfc0855e
0x2b3fde0 | 0x2129a200 -> 0x2129a1f4
0x2b3fde4 | 0x2129a1fc -> 0x2129a1f4
0x2b3fde8 | 0x2129a1f0 -> 0x6f006e
0x2b3fdec | 0x22423e40 -> 0xb0b278
0x2b3fdf0 | 0xac45ec -> 0x85a49318
0x2b3fdf4 | 0xac45cc -> 0
0x2b3fdf8 | 0xc15730e2 -> 0
0x2b3fdfc | 0x2b3fe64 -> 0x35314301
0x2b3fe00 | 0xb30003b0 -> 0xb3000678
0x2b3fe04 | 0x22423e40 -> 0xb0b278
0x2b3fe08 | 0xac45c0 -> 0xb0a4c8
0x2b3fe0c | 0xfffffffe
0x2b3fe10 | 0x7fffffff -> 0x1fb23800
0x2b3fe14 | 0xffffffff
0x2b3fe18 | 0x7fffffff -> 0x1fb23800
0x2b3fe1c | 0xc3ecb8 -> 0x65c2e18
0x2b3fe20 | 0x2b3fefc -> 0x28f95c
0x2b3fe24 | 0x2
0x2b3fe28 | 0x910e5c -> 0x8de58955
0x2b3fe2c | 0xac142a -> 0x401ffff
0x2b3fe30 | 0x2b3feb4 -> 0xc3ecc0
0x2b3fe34 | 0x9d0cee -> 0x8318c583
0x2b3fe38 | 0x910e5c -> 0x8de58955
0x2b3fe3c | 0xab9116 -> 0x601ffff
0x2b3fe40 | 0x2b3feb4 -> 0xc3ecc0
0x2b3fe44 | 0x7f466e -> 0x8b186d8d
0x2b3fe48 | 0x2b3fda4 -> 0x22423e50
0x2b3fe4c | 0x2b40260 -> 0x15c2c1d
0x2b3fe50 | 0x65
0x2b3fe54 | 0
0x2b3fe58 | 0
0x2b3fe5c | 0xffffffff
0x2b3fe60 | 0xffffffff
0x2b3fe64 | 0x35314301
0x2b3fe68 | 0x45303337 -> 0xb0a8888c
0x2b3fe6c | 0xfffffffe
0x2b3fe70 | 0x7fffffff -> 0x1fb23800
0x2b3fe74 | 0
0x2b3fe78 | 0
0x2b3fe7c | 0xffffffff
0x2b3fe80 | 0xffffffff
0x2b3fe84 | 0x35314301
0x2b3fe88 | 0x45303337 -> 0xb0a8888c
0x2b3fe8c | 0xfffffffe
0x2b3fe90 | 0x7fffffff -> 0x1fb23800
0x2b3fe94 | 0xac45c4 -> 0
0x2b3fe98 | 0xb40000
0x2b3fe9c | 0x42460000 -> 0
0x2b3fea0 | 0x41414141
0x2b3fea4 | 0xb0b7c8 -> 0x49c416
0x2b3fea8 | 0x2b3ff68 -> 0x2b3ffcc
0x2b3feac | 0x49c6a0 -> 0x57e58955
0x2b3feb0 | 0x763b6c01 -> 0x2e000000
0x2b3feb4 | 0xc3ecc0 -> 0xffffffff
0x2b3feb8 | 0xc3ecc0 -> 0xffffffff
0x2b3febc | 0
0x2b3fec0 | 0xc4dfc8 -> 0xb0ebc8
0x2b3fec4 | 0x2b3fefc -> 0x28f95c
0x2b3fec8 | 0x2b3ff30 -> 0xc3ecc0
0x2b3fecc | 0x2b3fedc -> 0x2b3ff3c
0x2b3fed0 | 0x9b7a2e -> 0x8955c3c9
0x2b3fed4 | 0xac45c0 -> 0xb0a4c8
0x2b3fed8 | 0xc4dfc8 -> 0xb0ebc8
0x2b3fedc | 0x2b3ff3c -> 0x2b3ff78
0x2b3fee0 | 0x90d25a -> 0xffc445c7
0x2b3fee4 | 0xc4dfc8 -> 0xb0ebc8
0x2b3fee8 | 0
0x2b3feec | 0
0x2b3fef0 | 0
0x2b3fef4 | 0x2b3ff40 -> 0x76317fb0
0x2b3fef8 | 0x7630b0f9 -> 0x840fc085
0x2b3fefc | 0x28f95c -> 0x28fbbc
0x2b3ff00 | 0x1
0x2b3ff04 | 0x7630b106 -> 0x75ff85c3
0x2b3ff08 | 0xd78a32c9
0x2b3ff0c | 0x763b6c70 -> 0x1
0x2b3ff10 | 0xc3ecc0 -> 0xffffffff
0x2b3ff14 | 0x910e5c -> 0x8de58955
0x2b3ff18 | 0xac145c -> 0x10d00ff
0x2b3ff1c | 0x2b3ff30 -> 0xc3ecc0
0x2b3ff20 | 0x90d282 -> 0x830cc583
0x2b3ff24 | 0x2b3fee4 -> 0xc4dfc8
0x2b3ff28 | 0x2b3ff78 -> 0x2b3ff80
0x2b3ff2c | 0x7630bba9 -> 0x5ec68b5f
0x2b3ff30 | 0xc3ecc0 -> 0xffffffff
0x2b3ff34 | 0x90d1fc -> 0x83e58955
0x2b3ff38 | 0x763180b0 -> 0x8b55ff8b
0x2b3ff3c | 0x2b3ff78 -> 0x2b3ff80
0x2b3ff40 | 0x76317fb0 -> 0x3ae850
0x2b3ff44 | 0xc4dfc8 -> 0xb0ebc8
0x2b3ff48 | 0xd78a32f1
0x2b3ff4c | 0x763180b0 -> 0x8b55ff8b
0x2b3ff50 | 0x763180b0 -> 0x8b55ff8b
0x2b3ff54 | 0xc3ecc0 -> 0xffffffff
0x2b3ff58 | 0xc3ecc0 -> 0xffffffff
0x2b3ff5c | 0xd78a32f1
0x2b3ff60 | 0x2b3ff48 -> 0xd78a32f1
0x2b3ff64 | 0x2b3ffcc -> 0x2b3ffe4
0x2b3ff68 | 0x2b3ffcc -> 0x2b3ffe4
0x2b3ff6c | 0x76327220 -> 0x8b55ff8b
0x2b3ff70 | 0xa308b231 -> 0
0x2b3ff74 | 0
0x2b3ff78 | 0x2b3ff80 -> 0x2b3ff94
0x2b3ff7c | 0x763180f5 -> 0x909090cc
0x2b3ff80 | 0x2b3ff94 -> 0x2b3ffdc
0x2b3ff84 | 0x76e47c04 -> 0xb015ff50
0x2b3ff88 | 0xc3ecc0 -> 0xffffffff
0x2b3ff8c | 0x76e47be0 -> 0x8b55ff8b
0x2b3ff90 | 0xd74eab4a
0x2b3ff94 | 0x2b3ffdc -> 0x2b3ffec
0x2b3ff98 | 0x7728ad2f -> 0xfefc45c7
0x2b3ff9c | 0xc3ecc0 -> 0xffffffff
0x2b3ffa0 | 0xd68eeb1c
0x2b3ffa4 | 0
0x2b3ffa8 | 0
0x2b3ffac | 0xc3ecc0 -> 0xffffffff
0x2b3ffb0 | 0
0x2b3ffb4 | 0
0x2b3ffb8 | 0
0x2b3ffbc | 0
0x2b3ffc0 | 0xd68eeb1c
0x2b3ffc4 | 0x2b3ffa0 -> 0xd68eeb1c
0x2b3ffc8 | 0
0x2b3ffcc | 0x2b3ffe4 -> 0xffffffff
0x2b3ffd0 | 0x772c7480 -> 0x8b55ff8b
0x2b3ffd4 | 0xa315b980 -> 0
0x2b3ffd8 | 0
0x2b3ffdc | 0x2b3ffec -> 0
0x2b3ffe0 | 0x7728acfa -> 0x909090cc
0x2b3ffe4 | 0xffffffff
0x2b3ffe8 | 0x772700c9 -> 0x90909090
0x2b3ffec | 0
0x2b3fff0 | 0
0x2b3fff4 | 0x763180b0 -> 0x8b55ff8b
0x2b3fff8 | 0xc3ecc0 -> 0xffffffff
0x2b3fffc | 0
*****************************************************
*****************************************************
Error report - Mon Aug 03 22:19:16 2020

Compiler Info - GNU C++ version 4.4.0
Compilation Date - Aug  3 2020 15:38:22

Memory load: 59
Total phys: 8338996 K available phys: 3373552 K
Start time: 3-8-2020  22:7:49
Kernel time: 0:0:14.203
User time: 0:4:29.312
Threads: 4

Exception: 0xc0000005 at eip = 0x6280a017
eax = 0
ebx = 0
ecx = 0x2fc9858 -> 0
edx = 0x2fc9800 -> 0x68636e65
esi = 0x1
edi = 0x4
ebp = 0
esp = 0x33ef724 -> 0x4
efl = 0x10246

---Stack Trace---
From: 0x33ef724 to: 0x33f0000
0x33ef724 | 0x4
0x33ef728 | 0x2fc9858 -> 0
0x33ef72c | 0x34b706c -> 0x61636f6c
0x33ef730 | 0xcea
0x33ef734 | 0
0x33ef738 | 0
0x33ef73c | 0
0x33ef740 | 0
0x33ef744 | 0
0x33ef748 | 0
0x33ef74c | 0
0x33ef750 | 0
0x33ef754 | 0
0x33ef758 | 0x77c05595 -> 0xb70ff88b
0x33ef75c | 0x2fc9858 -> 0
0x33ef760 | 0x33ef8b8 -> 0x48
0x33ef764 | 0
0x33ef768 | 0x2fc9858 -> 0
0x33ef76c | 0x29793e7d -> 0xb1000000
0x33ef770 | 0x6289ea79 -> 0xc310c483
0x33ef774 | 0x33ef7a0 -> 0x33efa00
0x33ef778 | 0x1ff
0x33ef77c | 0x628e434c -> 0x74617453
0x33ef780 | 0x33ef794 -> 0
0x33ef784 | 0x29793e65 -> 0x3000000
0x33ef788 | 0x6280cd4b -> 0x830cc483
0x33ef78c | 0x2fc9858 -> 0
0x33ef790 | 0x2fc9858 -> 0
0x33ef794 | 0
0x33ef798 | 0x34b6e8c -> 0x656e6567
0x33ef79c | 0x7d27f4 -> 0
0x33ef7a0 | 0x33efa00 -> 0x33efa20
0x33ef7a4 | 0x34b6e0c -> 0x746f6f72
0x33ef7a8 | 0
0x33ef7ac | 0x6465736f -> 0x805
0x33ef7b0 | 0x34b706c -> 0x61636f6c
0x33ef7b4 | 0x7d27f4 -> 0
0x33ef7b8 | 0x20796c74 -> 0x7f41c1
0x33ef7bc | 0x61636562
0x33ef7c0 | 0x34b6e0c -> 0x746f6f72
0x33ef7c4 | 0x34b6e8c -> 0x656e6567
0x33ef7c8 | 0x65727020 -> 0x111ae
0x33ef7cc | 0x64656563 -> 0x65656400
0x33ef7d0 | 0x20676e69 -> 0
0x33ef7d4 | 0x7173796d -> 0xc47139f6
0x33ef7d8 | 0x6c635f6c -> 0x2800000
0x33ef7dc | 0x2865736f -> 0
0x33ef7e0 | 0x61632029
0x33ef7e4 | 0x2006c6c
0x33ef7e8 | 0x39fc048 -> 0x2ee2fa8
0x33ef7ec | 0x2ee0000 -> 0xa03a04e9
0x33ef7f0 | 0x77c0f6d5 -> 0xe74c085
0x33ef7f4 | 0x48
0x33ef7f8 | 0x33ef8d8 -> 0x33ef934
0x33ef7fc | 0x77c08b69 -> 0x4c7f83
0x33ef800 | 0x1
0x33ef804 | 0x2ee0a80 -> 0x39fc048
0x33ef808 | 0x48
0x33ef80c | 0x77c08b9b -> 0x8b84458b
0x33ef810 | 0x73608a99 -> 0
0x33ef814 | 0x2ee0ca8 -> 0x3010002
0x33ef818 | 0x2ee0000 -> 0xa03a04e9
0x33ef81c | 0
0x33ef820 | 0x45010044
0x33ef824 | 0
0x33ef828 | 0x5010004 -> 0
0x33ef82c | 0
0x33ef830 | 0x3010002
0x33ef834 | 0x2ee6fa8 -> 0x7010402
0x33ef838 | 0x2ee0a78 -> 0x7c3b0434
0x33ef83c | 0
0x33ef840 | 0x2ee0000 -> 0xa03a04e9
0x33ef844 | 0x2
0x33ef848 | 0x48
0x33ef84c | 0x3
0x33ef850 | 0x2ee0a78 -> 0x7c3b0434
0x33ef854 | 0xe
0x33ef858 | 0x46
0x33ef85c | 0x1
0x33ef860 | 0x2
0x33ef864 | 0
0x33ef868 | 0x38
0x33ef86c | 0
0x33ef870 | 0x2ee2fa0 -> 0x3b3b087f
0x33ef874 | 0x2ee02ac -> 0
0x33ef878 | 0x1
0x33ef87c | 0x2ee02b0 -> 0
0x33ef880 | 0x1
0x33ef884 | 0x39fc048 -> 0x2ee2fa8
0x33ef888 | 0x1
0x33ef88c | 0x2ee04b0 -> 0x2ee0a80
0x33ef890 | 0
0x33ef894 | 0x39fc048 -> 0x2ee2fa8
0x33ef898 | 0x88
0x33ef89c | 0
0x33ef8a0 | 0x88000088 -> 0x87df4cbc
0x33ef8a4 | 0x2ee04b0 -> 0x2ee0a80
0x33ef8a8 | 0x46
0x33ef8ac | 0x10100c0
0x33ef8b0 | 0
0x33ef8b4 | 0x1010400
0x33ef8b8 | 0x48
0x33ef8bc | 0x101ff00
0x33ef8c0 | 0x5
0x33ef8c4 | 0x1015100
0x33ef8c8 | 0x33ef984 -> 0x33efe60
0x33ef8cc | 0x77c39420 -> 0x8b55ff8b
0x33ef8d0 | 0x792dcc1 -> 0
0x33ef8d4 | 0xfffffffe
0x33ef8d8 | 0x33ef934 -> 0x33ef954
0x33ef8dc | 0x77c4517d -> 0x84f8b60f
0x33ef8e0 | 0
0x33ef8e4 | 0x77c451a4 -> 0x840fc085
0x33ef8e8 | 0x2ee0cb0 -> 0x656e6567
0x33ef8ec | 0x2ee0000 -> 0xa03a04e9
0x33ef8f0 | 0x63
0x33ef8f4 | 0x2ee0000 -> 0xa03a04e9
0x33ef8f8 | 0x63
0x33ef8fc | 0x2ee0000 -> 0xa03a04e9
0x33ef900 | 0x63
0x33ef904 | 0x77c451a4 -> 0x840fc085
0x33ef908 | 0x2ee6fb0 -> 0x64
0x33ef90c | 0x2ee0c30 -> 0x6974616c
0x33ef910 | 0x2337d7f4 -> 0x454c4553
0x33ef914 | 0x2ee0000 -> 0xa03a04e9
0x33ef918 | 0xe3c768 -> 0xe33430
0x33ef91c | 0x33ef938 -> 0x77c08686
0x33ef920 | 0x77c08686 -> 0xe58b5e5f
0x33ef924 | 0x2ee0cb0 -> 0x656e6567
0x33ef928 | 0
0x33ef92c | 0x2ee0000 -> 0xa03a04e9
0x33ef930 | 0x76626d60 -> 0x8b55ff8b
0x33ef934 | 0x33ef954 -> 0x33ef994
0x33ef938 | 0x77c08686 -> 0xe58b5e5f
0x33ef93c | 0
0x33ef940 | 0
0x33ef944 | 0
0x33ef948 | 0x76626d60 -> 0x8b55ff8b
0x33ef94c | 0x2ee0cb0 -> 0x656e6567
0x33ef950 | 0x76626d60 -> 0x8b55ff8b
0x33ef954 | 0x33ef994 -> 0x6280b99c
0x33ef958 | 0x628a1c7e -> 0x1675c085
0x33ef95c | 0x2ee0000 -> 0xa03a04e9
0x33ef960 | 0
0x33ef964 | 0x628a1c9d -> 0x55ff8bc3
0x33ef968 | 0x297930c5 -> 0x800598
0x33ef96c | 0x76626d60 -> 0x8b55ff8b
0x33ef970 | 0x2fc9858 -> 0
0x33ef974 | 0x63
0x33ef978 | 0x63
0x33ef97c | 0x33ef968 -> 0x297930c5
0x33ef980 | 0x33ef96c -> 0x76626d60
0x33ef984 | 0x33efe60 -> 0x33eff58
0x33ef988 | 0x628a7050 -> 0x8b55ff8b
0x33ef98c | 0x48d7fe31 -> 0x341049
0x33ef990 | 0xfffffffe
0x33ef994 | 0x6280b99c -> 0xc483c033
0x33ef998 | 0
0x33ef99c | 0x2ee0cb0 -> 0x656e6567
0x33ef9a0 | 0x29793ef1 -> 0xb01f38b0
0x33ef9a4 | 0x6280baf9 -> 0x8308c483
0x33ef9a8 | 0x2fc9c04 -> 0
0x33ef9ac | 0x628e408c -> 0x7173796d
0x33ef9b0 | 0x29793ef9 -> 0xc0323c91
0x33ef9b4 | 0x45e19f -> 0x8520ec83
0x33ef9b8 | 0x2fc9858 -> 0
0x33ef9bc | 0x34b706c -> 0x61636f6c
0x33ef9c0 | 0x34b6e0c -> 0x746f6f72
0x33ef9c4 | 0x7d27f4 -> 0
0x33ef9c8 | 0x34b6e8c -> 0x656e6567
0x33ef9cc | 0xcea
0x33ef9d0 | 0
0x33ef9d4 | 0
0x33ef9d8 | 0x76626d60 -> 0x8b55ff8b
0x33ef9dc | 0x33efa60 -> 0x33efcd0
0x33ef9e0 | 0x2fc9858 -> 0
0x33ef9e4 | 0xcea
0x33ef9e8 | 0x19060c8 -> 0
0x33ef9ec | 0x6280bb74 -> 0xf20c483
0x33ef9f0 | 0x2fc9858 -> 0
0x33ef9f4 | 0x63
0x33ef9f8 | 0x60d9f0 -> 0x28ec8353
0x33ef9fc | 0x76626d60 -> 0x8b55ff8b
0x33efa00 | 0x33efa20 -> 0x33efa60
0x33efa04 | 0x45e27e -> 0x474c084
0x33efa08 | 0x2fc9848 -> 0x826d48
0x33efa0c | 0
0x33efa10 | 0x6280bba5 -> 0x974c085
0x33efa14 | 0x2fc9858 -> 0
0x33efa18 | 0x2337d7f4 -> 0x454c4553
0x33efa1c | 0x63
0x33efa20 | 0x33efa60 -> 0x33efcd0
0x33efa24 | 0x45dbe3 -> 0x474c084
0x33efa28 | 0x2fc9848 -> 0x826d48
0x33efa2c | 0x2337d7f4 -> 0x454c4553
0x33efa30 | 0x63
0x33efa34 | 0x33efa57 -> 0x60d9f000
0x33efa38 | 0x60d9f0 -> 0x28ec8353
0x33efa3c | 0x7d6
0x33efa40 | 0x33efa60 -> 0x33efcd0
0x33efa44 | 0x77fc08 -> 0xc483d889
0x33efa48 | 0x33efb68 -> 0x828780
0x33efa4c | 0x7f328c -> 0x454c4553
0x33efa50 | 0x2337d7f4 -> 0x454c4553
0x33efa54 | 0x45db44 -> 0x57e58955
0x33efa58 | 0x60d9f0 -> 0x28ec8353
0x33efa5c | 0x76626d60 -> 0x8b55ff8b
0x33efa60 | 0x33efcd0 -> 0x33efd30
0x33efa64 | 0x4bc97a -> 0x83e04589
0x33efa68 | 0x2fc9848 -> 0x826d48
0x33efa6c | 0x33efc34 -> 0x2337d7f4
0x33efa70 | 0x33efa90 -> 0
0x33efa74 | 0x20
0x33efa78 | 0x2e407d0 -> 0x34a2d5f0
0x33efa7c | 0x64
0x33efa80 | 0x15180 -> 0
0x33efa84 | 0
0x33efa88 | 0x22d8e898 -> 0x2e40a20
0x33efa8c | 0
0x33efa90 | 0
0x33efa94 | 0x287fe008 -> 0x22d8e898
0x33efa98 | 0x2e40000 -> 0
0x33efa9c | 0x4
0x33efaa0 | 0
0x33efaa4 | 0x2
0x33efaa8 | 0xcc0000 -> 0x6bb86984
0x33efaac | 0x20
0x33efab0 | 0x33efae0 -> 0x33efb10
0x33efab4 | 0x66b505 -> 0x5590c3c9
0x33efab8 | 0x33efad0 -> 0x8eea71e6
0x33efabc | 0x2e40a24 -> 0x22d8e898
0x33efac0 | 0
0x33efac4 | 0x2880c4a0 -> 0
0x33efac8 | 0x2e40a20 -> 0x2e407d0
0x33efacc | 0x641d69 -> 0x5590c3c9
0x33efad0 | 0x8eea71e6 -> 0x82
0x33efad4 | 0x2f2d240 -> 0
0x33efad8 | 0x14
0x33efadc | 0x77c052fe -> 0x5de58b5e
0x33efae0 | 0x33efb10 -> 0x33efb30
0x33efae4 | 0x66b2e0 -> 0x9090c3c9
0x33efae8 | 0x8eea71e6 -> 0x82
0x33efaec | 0x2f2d240 -> 0
0x33efaf0 | 0x33efb10 -> 0x33efb30
0x33efaf4 | 0x76607580 -> 0xff85f88b
0x33efaf8 | 0xcc0000 -> 0x6bb86984
0x33efafc | 0
0x33efb00 | 0x8eea71e6 -> 0x82
0x33efb04 | 0x2f2d240 -> 0
0x33efb08 | 0x14
0x33efb0c | 0x33efd0c -> 0x989680
0x33efb10 | 0x33efb30 -> 0x33efb50
0x33efb14 | 0x6a9492 -> 0x8955c3c9
0x33efb18 | 0x8eea71e6 -> 0x82
0x33efb1c | 0x2f2d240 -> 0
0x33efb20 | 0x33efb38 -> 0x771aea10
0x33efb24 | 0xfffffffe
0x33efb28 | 0x53656608 -> 0x3c1d1aa0
0x33efb2c | 0x2880c470 -> 0x3cda42
0x33efb30 | 0x33efb50 -> 0x33efc2c
0x33efb34 | 0x33efe60 -> 0x33eff58
0x33efb38 | 0x771aea10 -> 0x8b55ff8b
0x33efb3c | 0x277fcfc4 -> 0x8003f800
0x33efb40 | 0xfffffffe
0x33efb44 | 0x33efb60 -> 0x82876c
0x33efb48 | 0x77199508 -> 0x10c25d
0x33efb4c | 0x2
0x33efb50 | 0x33efc2c -> 0x7fffffff
0x33efb54 | 0
0x33efb58 | 0xfffffffe
0x33efb5c | 0
0x33efb60 | 0x82876c -> 0x68e760
0x33efb64 | 0
0x33efb68 | 0x828780 -> 0x782130
0x33efb6c | 0x82b628 -> 0x6ff4c4
0x33efb70 | 0x232b3fac -> 0x454c4553
0x33efb74 | 0x232b3fac -> 0x454c4553
0x33efb78 | 0x232b3fad -> 0x43454c45
0x33efb7c | 0x232b3fac -> 0x454c4553
0x33efb80 | 0x232b400f -> 0x61657263
0x33efb84 | 0x232b41ac -> 0x5c016437
0x33efb88 | 0x7d1778 -> 0x28
0x33efb8c | 0x18
0x33efb90 | 0x232b3fac -> 0x454c4553
0x33efb94 | 0x828794 -> 0x7822a8
0x33efb98 | 0x6
0x33efb9c | 0
0x33efba0 | 0x1002
0x33efba4 | 0
0x33efba8 | 0
0x33efbac | 0
0x33efbb0 | 0
0x33efbb4 | 0
0x33efbb8 | 0
0x33efbbc | 0
0x33efbc0 | 0
0x33efbc4 | 0
0x33efbc8 | 0
0x33efbcc | 0
0x33efbd0 | 0
0x33efbd4 | 0
0x33efbd8 | 0
0x33efbdc | 0
0x33efbe0 | 0
0x33efbe4 | 0
0x33efbe8 | 0
0x33efbec | 0
0x33efbf0 | 0
0x33efbf4 | 0
0x33efbf8 | 0x8
0x33efbfc | 0x33efbb8 -> 0
0x33efc00 | 0x7d1778 -> 0x28
0x33efc04 | 0
0x33efc08 | 0x33e0000 -> 0
0x33efc0c | 0x33efb6c -> 0x82b628
0x33efc10 | 0x7d1c80 -> 0x82bc48
0x33efc14 | 0x7d22f0 -> 0x82be08
0x33efc18 | 0x7d22e0 -> 0x82bd88
0x33efc1c | 0x6a8b78 -> 0xd131f189
0x33efc20 | 0xfffffffe
0x33efc24 | 0x7fffffff -> 0
0x33efc28 | 0xfffffffe
0x33efc2c | 0x7fffffff -> 0
0x33efc30 | 0xfffffffe
0x33efc34 | 0x2337d7f4 -> 0x454c4553
0x33efc38 | 0x33efc60 -> 0x33efc90
0x33efc3c | 0x66a5d4 -> 0x8bf8458b
0x33efc40 | 0x33efc58 -> 0xfffffffe
0x33efc44 | 0xfffffffe
0x33efc48 | 0x7fffffff -> 0
0x33efc4c | 0x80000000 -> 0
0x33efc50 | 0xfffffffe
0x33efc54 | 0x7fffffff -> 0
0x33efc58 | 0xfffffffe
0x33efc5c | 0x7fffffff -> 0
0x33efc60 | 0x33efc90 -> 0x33efcf0
0x33efc64 | 0x6a8fd1 -> 0xfce9
0x33efc68 | 0x33efcc8 -> 0x60d9f0
0x33efc6c | 0x33efc78 -> 0x33efc8c
0x33efc70 | 0x33efc90 -> 0x33efcf0
0x33efc74 | 0x6a94ee -> 0xc9fc458b
0x33efc78 | 0x33efc8c -> 0x60d9f0
0x33efc7c | 0xfffffffe
0x33efc80 | 0x33efd34 -> 0x6a6269
0x33efc84 | 0x33efc90 -> 0x33efcf0
0x33efc88 | 0x33efd20 -> 0xd275acf
0x33efc8c | 0x60d9f0 -> 0x28ec8353
0x33efc90 | 0x33efcf0 -> 0x33efdfc
0x33efc94 | 0x66aa3f -> 0x53890389
0x33efc98 | 0x33efcc8 -> 0x60d9f0
0x33efc9c | 0x33efcc4 -> 0x7d3024
0x33efca0 | 0
0x33efca4 | 0x66a30c -> 0x21e821eb
0x33efca8 | 0x641d05 -> 0x5590c3c9
0x33efcac | 0x2fc9848 -> 0x826d48
0x33efcb0 | 0x33efcf0 -> 0x33efdfc
0x33efcb4 | 0x66e59c -> 0x30c7d83
0x33efcb8 | 0x33efd34 -> 0x6a6269
0x33efcbc | 0xfffffffe
0x33efcc0 | 0x33efcf0 -> 0x33efdfc
0x33efcc4 | 0x7d3024 -> 0x828028
0x33efcc8 | 0x60d9f0 -> 0x28ec8353
0x33efccc | 0x76626d60 -> 0x8b55ff8b
0x33efcd0 | 0x33efd30 -> 0x33efd50
0x33efcd4 | 0x570918 -> 0x570902bb
0x33efcd8 | 0x7d3300 -> 0x828148
0x33efcdc | 0
0x33efce0 | 0x33efd10 -> 0
0x33efce4 | 0x7664f19d -> 0x6acc3d83
0x33efce8 | 0xb3d51429 -> 0x111
0x33efcec | 0x76626d60 -> 0x8b55ff8b
0x33efcf0 | 0x33efdfc -> 0x5f28b794
0x33efcf4 | 0
0x33efcf8 | 0x33efdfc -> 0x5f28b794
0x33efcfc | 0x700f9d9a
0x33efd00 | 0x7664d77c -> 0xc0330689
0x33efd04 | 0x700f9d9a
0x33efd08 | 0x38b81e
0x33efd0c | 0x989680
0x33efd10 | 0
0x33efd14 | 0x76626d60 -> 0x8b55ff8b
0x33efd18 | 0x60d9f0 -> 0x28ec8353
0x33efd1c | 0x7664d78d -> 0xccccc3c9
0x33efd20 | 0xd275acf -> 0
0x33efd24 | 0x7d3024 -> 0x828028
0x33efd28 | 0x60d9f0 -> 0x28ec8353
0x33efd2c | 0x76626d60 -> 0x8b55ff8b
0x33efd30 | 0x33efd50 -> 0x33efd70
0x33efd34 | 0x6a6269 -> 0x5590c3c9
0x33efd38 | 0x7d3024 -> 0x828028
0x33efd3c | 0
0x33efd40 | 0
0x33efd44 | 0
0x33efd48 | 0x76626d60 -> 0x8b55ff8b
0x33efd4c | 0x1fdc22b8 -> 0x7d2e4c
0x33efd50 | 0x33efd70 -> 0x33efdb0
0x33efd54 | 0x642c06 -> 0x5b14c483
0x33efd58 | 0x23491314 -> 0x570902
0x33efd5c | 0x7d3024 -> 0x828028
0x33efd60 | 0x33efd90 -> 0x33efdb0
0x33efd64 | 0x66b2e0 -> 0x9090c3c9
0x33efd68 | 0xfffffffe
0x33efd6c | 0x5b21cc -> 0x56e58955
0x33efd70 | 0x33efdb0 -> 0x33efde0
0x33efd74 | 0x64802e -> 0x5b34c483
0x33efd78 | 0x2349131c -> 0x7d3024
0x33efd7c | 0xcc
0x33efd80 | 0x23491314 -> 0x570902
0x33efd84 | 0x33efda7 -> 0x3efdb403
0x33efd88 | 0
0x33efd8c | 0x80000001 -> 0
0x33efd90 | 0x33efdb0 -> 0x33efde0
0x33efd94 | 0x6a9492 -> 0x8955c3c9
0x33efd98 | 0xfffffffe
0x33efd9c | 0x7fffffff -> 0
0x33efda0 | 0x641bd5 -> 0x5590c3c9
0x33efda4 | 0x33efe18 -> 0x23491310
0x33efda8 | 0x33efdb4 -> 0x6671e3
0x33efdac | 0x5b21cc -> 0x56e58955
0x33efdb0 | 0x33efde0 -> 0x33efe10
0x33efdb4 | 0x6671e3 -> 0x9090c3c9
0x33efdb8 | 0x23491314 -> 0x570902
0x33efdbc | 0x33efe18 -> 0x23491310
0x33efdc0 | 0x33efde0 -> 0x33efe10
0x33efdc4 | 0x66b648 -> 0x53890389
0x33efdc8 | 0
0x33efdcc | 0x1fdc22b8 -> 0x7d2e4c
0x33efdd0 | 0xfffffffe
0x33efdd4 | 0x23491314 -> 0x570902
0x33efdd8 | 0x5b21cc -> 0x56e58955
0x33efddc | 0xb3d514d9 -> 0x362d14
0x33efde0 | 0x33efe10 -> 0x33efe30
0x33efde4 | 0x6a9619 -> 0x5b20c483
0x33efde8 | 0x23491314 -> 0x570902
0x33efdec | 0x33efe18 -> 0x23491310
0x33efdf0 | 0x80000000 -> 0
0x33efdf4 | 0x80000000 -> 0
0x33efdf8 | 0
0x33efdfc | 0x5f28b794 -> 0x5f28b794
0x33efe00 | 0xb401b7
0x33efe04 | 0x6a0000 -> 0x54890855
0x33efe08 | 0x5b21cc -> 0x56e58955
0x33efe0c | 0x60d9f0 -> 0x28ec8353
0x33efe10 | 0x33efe30 -> 0x33efe80
0x33efe14 | 0x6345f4 -> 0x9090c3c9
0x33efe18 | 0x23491310 -> 0x7d31e9
0x33efe1c | 0x76626d60 -> 0x8b55ff8b
0x33efe20 | 0x33efe30 -> 0x33efe80
0x33efe24 | 0x543973 -> 0x89084d8b
0x33efe28 | 0x60d9f0 -> 0x28ec8353
0x33efe2c | 0x76626d60 -> 0x8b55ff8b
0x33efe30 | 0x33efe80 -> 0x33efea0
0x33efe34 | 0x5b22f1 -> 0xf07d83
0x33efe38 | 0x23491300 -> 0x826e18
0x33efe3c | 0x33efe54 -> 0x7d2e24
0x33efe40 | 0x77c28bcc -> 0x70a10000
0x33efe44 | 0x77ce4b40 -> 0xffffffff
0x33efe48 | 0x8
0x33efe4c | 0x771a4f96 -> 0x10b7a483
0x33efe50 | 0
0x33efe54 | 0x7d2e24 -> 0
0x33efe58 | 0
0x33efe5c | 0x827368 -> 0x460bc2
0x33efe60 | 0x33eff58 -> 0x33effcc
0x33efe64 | 0x460dff -> 0x57e58955
0x33efe68 | 0xe27301 -> 0
0x33efe6c | 0x7d2e20 -> 0x826068
0x33efe70 | 0x7d2fa0 -> 0x827480
0x33efe74 | 0x23491300 -> 0x826e18
0x33efe78 | 0x5b21cc -> 0x56e58955
0x33efe7c | 0x60d9f0 -> 0x28ec8353
0x33efe80 | 0x33efea0 -> 0x33efee0
0x33efe84 | 0x642dcd -> 0x5b14c483
0x33efe88 | 0x7d2e20 -> 0x826068
0x33efe8c | 0xe27364 -> 0x7d2e20
0x33efe90 | 0x444f464a
0x33efe94 | 0x4541414a -> 0x3d080000
0x33efe98 | 0
0x33efe9c | 0xe27340 -> 0x82a940
0x33efea0 | 0x33efee0 -> 0x33eff00
0x33efea4 | 0x648bfa -> 0x5b34c483
0x33efea8 | 0xe27364 -> 0x7d2e20
0x33efeac | 0x43353440
0x33efeb0 | 0xe27360 -> 0x5b21cc
0x33efeb4 | 0x33efed7 -> 0x4541414a
0x33efeb8 | 0
0x33efebc | 0x35374342
0x33efec0 | 0x32344633
0x33efec4 | 0x7d353734 -> 0x20100000
0x33efec8 | 0x636e6f2d -> 0xd7000000
0x33efecc | 0x6c662d65 -> 0
0x33efed0 | 0x4a456761 -> 0x624a442b
0x33efed4 | 0x4a444f46 -> 0x89180082
0x33efed8 | 0x47454141 -> 0
0x33efedc | 0xe27340 -> 0x82a940
0x33efee0 | 0x33eff00 -> 0x33eff68
0x33efee4 | 0x65a664 -> 0x9090c3c9
0x33efee8 | 0xe27360 -> 0x5b21cc
0x33efeec | 0xcc0000 -> 0x6bb86984
0x33efef0 | 0
0x33efef4 | 0xe27340 -> 0x82a940
0x33efef8 | 0x76626d60 -> 0x8b55ff8b
0x33efefc | 0x60d9f0 -> 0x28ec8353
0x33eff00 | 0x33eff68 -> 0x33eff70
0x33eff04 | 0x60da1d -> 0xfffdcee8
0x33eff08 | 0xe27340 -> 0x82a940
0x33eff0c | 0xe27340 -> 0x82a940
0x33eff10 | 0x33eff18 -> 0xcc34b0
0x33eff14 | 0x73608d41 -> 0x3504a7
0x33eff18 | 0xcc34b0 -> 0
0x33eff1c | 0x33eff68 -> 0x33eff70
0x33eff20 | 0x76626910 -> 0x5ec68b5f
0x33eff24 | 0
0x33eff28 | 0x76626d60 -> 0x8b55ff8b
0x33eff2c | 0x76626d60 -> 0x8b55ff8b
0x33eff30 | 0xcc3070 -> 0xcc3088
0x33eff34 | 0x76626cff -> 0x2be850
0x33eff38 | 0xe27340 -> 0x82a940
0x33eff3c | 0xb3d51651 -> 0
0x33eff40 | 0x76626d60 -> 0x8b55ff8b
0x33eff44 | 0x76626d60 -> 0x8b55ff8b
0x33eff48 | 0xcc3070 -> 0xcc3088
0x33eff4c | 0x33eff3c -> 0xb3d51651
0x33eff50 | 0x33eff3c -> 0xb3d51651
0x33eff54 | 0x33effcc -> 0x33effe4
0x33eff58 | 0x33effcc -> 0x33effe4
0x33eff5c | 0x7661ccc0 -> 0x8b55ff8b
0x33eff60 | 0xc68d7a01 -> 0xc8000000
0x33eff64 | 0
0x33eff68 | 0x33eff70 -> 0x33eff80
0x33eff6c | 0x76626dc1 -> 0xcccccccc
0x33eff70 | 0x33eff80 -> 0x33effdc
0x33eff74 | 0x75b4f989 -> 0xc415ff50
0x33eff78 | 0xcc3070 -> 0xcc3088
0x33eff7c | 0x75b4f970 -> 0x8b55ff8b
0x33eff80 | 0x33effdc -> 0x33effec
0x33eff84 | 0x77c27084 -> 0x3d052e9
0x33eff88 | 0xcc3070 -> 0xcc3088
0x33eff8c | 0x73608d9d -> 0xd5000000
0x33eff90 | 0
0x33eff94 | 0
0x33eff98 | 0xcc3070 -> 0xcc3088
0x33eff9c | 0
0x33effa0 | 0
0x33effa4 | 0
0x33effa8 | 0
0x33effac | 0
0x33effb0 | 0
0x33effb4 | 0
0x33effb8 | 0
0x33effbc | 0
0x33effc0 | 0
0x33effc4 | 0x33eff8c -> 0x73608d9d
0x33effc8 | 0
0x33effcc | 0x33effe4 -> 0xffffffff
0x33effd0 | 0x77c39420 -> 0x8b55ff8b
0x33effd4 | 0x792c469 -> 0
0x33effd8 | 0
0x33effdc | 0x33effec -> 0
0x33effe0 | 0x77c27054 -> 0x68306acc
0x33effe4 | 0xffffffff
0x33effe8 | 0x77c462b3 -> 0x90909090
0x33effec | 0
0x33efff0 | 0
0x33efff4 | 0x76626d60 -> 0x8b55ff8b
0x33efff8 | 0xcc3070 -> 0xcc3088
0x33efffc | 0
*****************************************************
